<?xml version="1.0" encoding="UTF-8"?>
<TestRun id="5d6a9ee0-0f6a-4682-a884-60798601f72d" name="Administrator@MSSQLSERVER39 2021-06-15 19:33:12" runUser="MSSQLSERVER39\Administrator" xmlns="http://microsoft.com/schemas/VisualStudio/TeamTest/2006">
  <TestRunConfiguration name="Local Test Run" id="880ca435-a7ba-4af6-b394-39520a2b3609">
    <Description>This is a default test run configuration for a local test run.</Description>
    <Deployment runDeploymentRoot="C:\Users\Administrator\Desktop\Project\TestResults\Administrator_MSSQLSERVER39 2021-06-15 19_33_12" />
    <TestTypeSpecific />
  </TestRunConfiguration>
  <ResultSummary outcome="Failed">
    <Counters total="16" executed="16" passed="15" error="0" failed="1" timeout="0" aborted="0" inconclusive="0" passedButRunAborted="0" notRunnable="0" notExecuted="0" disconnected="0" warning="0" completed="0" inProgress="0" pending="0" />
    <Output>
      <StdOut>There is already an object named 'testQuadraticFunction' in the database.
</StdOut>
    </Output>
  </ResultSummary>
  <Times creation="2021-06-15T19:33:12.2840000+02:00" queuing="2021-06-15T19:33:12.6850000+02:00" start="2021-06-15T19:33:12.8260000+02:00" finish="2021-06-15T19:33:13.4360000+02:00" />
  <TestDefinitions>
    <UnitTest name="TestMyEmailHost" storage="c:\users\administrator\desktop\project\testproject\bin\debug\testproject.dll" id="45dcc9a5-40b6-2a23-1c49-398e17984ac9">
      <Css projectStructure="" iteration="" />
      <Owners>
        <Owner name="" />
      </Owners>
      <Execution id="8b8e202c-b70d-43ad-9439-44b2b47dce3b" />
      <TestMethod codeBase="C:\Users\Administrator\Desktop\Project\TestProject\bin\Debug\TestProject.dll" adapterTypeName="Microsoft.VisualStudio.TestTools.TestTypes.Unit.UnitTestAdapter, Microsoft.VisualStudio.QualityTools.Tips.UnitTest.Adapter, Version=9.0.0.0, Culture=neutral, PublicKeyToken=b03f5f7f11d50a3a" className="UnitTests.TestMyEmail, TestProject" name="TestMyEmailHost" />
    </UnitTest>
    <UnitTest name="TestCarPlateToString" storage="c:\users\administrator\desktop\project\testproject\bin\debug\testproject.dll" id="c012ad93-67d4-ed04-ae6a-743ab2584856">
      <Css projectStructure="" iteration="" />
      <Owners>
        <Owner name="" />
      </Owners>
      <Execution id="6c35a69f-e7f0-4b49-a250-0eb1c1a966cb" />
      <TestMethod codeBase="C:\Users\Administrator\Desktop\Project\TestProject\bin\Debug\TestProject.dll" adapterTypeName="Microsoft.VisualStudio.TestTools.TestTypes.Unit.UnitTestAdapter, Microsoft.VisualStudio.QualityTools.Tips.UnitTest.Adapter, Version=9.0.0.0, Culture=neutral, PublicKeyToken=b03f5f7f11d50a3a" className="UnitTests.TestCarPlate, TestProject" name="TestCarPlateToString" />
    </UnitTest>
    <UnitTest name="TestMyEmailSameUser" storage="c:\users\administrator\desktop\project\testproject\bin\debug\testproject.dll" id="ab7655e3-8426-fa4e-6af7-caaad70ffc7a">
      <Css projectStructure="" iteration="" />
      <Owners>
        <Owner name="" />
      </Owners>
      <Execution id="dec9cc6a-4ab7-4c43-a577-e9ca2a3cc1db" />
      <TestMethod codeBase="C:\Users\Administrator\Desktop\Project\TestProject\bin\Debug\TestProject.dll" adapterTypeName="Microsoft.VisualStudio.TestTools.TestTypes.Unit.UnitTestAdapter, Microsoft.VisualStudio.QualityTools.Tips.UnitTest.Adapter, Version=9.0.0.0, Culture=neutral, PublicKeyToken=b03f5f7f11d50a3a" className="UnitTests.TestMyEmail, TestProject" name="TestMyEmailSameUser" />
    </UnitTest>
    <UnitTest name="TestCarPlateNumber" storage="c:\users\administrator\desktop\project\testproject\bin\debug\testproject.dll" id="aed30aa9-a98a-df1d-e554-00aa57416ea1">
      <Css projectStructure="" iteration="" />
      <Owners>
        <Owner name="" />
      </Owners>
      <Execution id="5e4c649f-8311-453e-a344-4629a2439f4f" />
      <TestMethod codeBase="C:\Users\Administrator\Desktop\Project\TestProject\bin\Debug\TestProject.dll" adapterTypeName="Microsoft.VisualStudio.TestTools.TestTypes.Unit.UnitTestAdapter, Microsoft.VisualStudio.QualityTools.Tips.UnitTest.Adapter, Version=9.0.0.0, Culture=neutral, PublicKeyToken=b03f5f7f11d50a3a" className="UnitTests.TestCarPlate, TestProject" name="TestCarPlateNumber" />
    </UnitTest>
    <UnitTest name="TestQFGetB" storage="c:\users\administrator\desktop\project\testproject\bin\debug\testproject.dll" id="7b9ac5fb-52f9-8d7f-532f-ba2ccfbfd59a">
      <Css projectStructure="" iteration="" />
      <Owners>
        <Owner name="" />
      </Owners>
      <Execution id="7afa2644-5582-4a60-9823-434c942b7beb" />
      <TestMethod codeBase="C:\Users\Administrator\Desktop\Project\TestProject\bin\Debug\TestProject.dll" adapterTypeName="Microsoft.VisualStudio.TestTools.TestTypes.Unit.UnitTestAdapter, Microsoft.VisualStudio.QualityTools.Tips.UnitTest.Adapter, Version=9.0.0.0, Culture=neutral, PublicKeyToken=b03f5f7f11d50a3a" className="UnitTests.TestQuadraticFunction, TestProject" name="TestQFGetB" />
    </UnitTest>
    <UnitTest name="TestMyEmailSameUser" storage="c:\users\administrator\desktop\project\testproject\bin\debug\testproject.dll" id="b7b536cc-4349-c665-4b95-a8867304852c">
      <Css projectStructure="" iteration="" />
      <Owners>
        <Owner name="" />
      </Owners>
      <Execution id="db5f5f7a-8441-4300-a5a7-9e319b8acd1a" />
      <TestMethod codeBase="C:\Users\Administrator\Desktop\Project\TestProject\bin\Debug\TestProject.dll" adapterTypeName="Microsoft.VisualStudio.TestTools.TestTypes.Unit.UnitTestAdapter, Microsoft.VisualStudio.QualityTools.Tips.UnitTest.Adapter, Version=9.0.0.0, Culture=neutral, PublicKeyToken=b03f5f7f11d50a3a" className="UnitTests.TestCarPlate, TestProject" name="TestMyEmailSameUser" />
    </UnitTest>
    <UnitTest name="TestQFCountMaxMin" storage="c:\users\administrator\desktop\project\testproject\bin\debug\testproject.dll" id="17998604-412a-8be4-2b8b-93e66128ac2d">
      <Css projectStructure="" iteration="" />
      <Owners>
        <Owner name="" />
      </Owners>
      <Execution id="73624564-cbea-4e62-9334-4c37eee3e4d2" />
      <TestMethod codeBase="C:\Users\Administrator\Desktop\Project\TestProject\bin\Debug\TestProject.dll" adapterTypeName="Microsoft.VisualStudio.TestTools.TestTypes.Unit.UnitTestAdapter, Microsoft.VisualStudio.QualityTools.Tips.UnitTest.Adapter, Version=9.0.0.0, Culture=neutral, PublicKeyToken=b03f5f7f11d50a3a" className="UnitTests.TestQuadraticFunction, TestProject" name="TestQFCountMaxMin" />
    </UnitTest>
    <UnitTest name="TestMyEmailToString" storage="c:\users\administrator\desktop\project\testproject\bin\debug\testproject.dll" id="cf170ac7-d16c-4f73-2bf0-e3aa1db8d08b">
      <Css projectStructure="" iteration="" />
      <Owners>
        <Owner name="" />
      </Owners>
      <Execution id="911e5069-8583-42cb-800c-6892d4cc5510" />
      <TestMethod codeBase="C:\Users\Administrator\Desktop\Project\TestProject\bin\Debug\TestProject.dll" adapterTypeName="Microsoft.VisualStudio.TestTools.TestTypes.Unit.UnitTestAdapter, Microsoft.VisualStudio.QualityTools.Tips.UnitTest.Adapter, Version=9.0.0.0, Culture=neutral, PublicKeyToken=b03f5f7f11d50a3a" className="UnitTests.TestMyEmail, TestProject" name="TestMyEmailToString" />
    </UnitTest>
    <UnitTest name="TestCarPlateProvince" storage="c:\users\administrator\desktop\project\testproject\bin\debug\testproject.dll" id="66faaddd-b33a-c7e8-4951-f0338dbd3a08">
      <Css projectStructure="" iteration="" />
      <Owners>
        <Owner name="" />
      </Owners>
      <Execution id="2fae0b1c-64e5-4e4d-bd82-8e7983332865" />
      <TestMethod codeBase="C:\Users\Administrator\Desktop\Project\TestProject\bin\Debug\TestProject.dll" adapterTypeName="Microsoft.VisualStudio.TestTools.TestTypes.Unit.UnitTestAdapter, Microsoft.VisualStudio.QualityTools.Tips.UnitTest.Adapter, Version=9.0.0.0, Culture=neutral, PublicKeyToken=b03f5f7f11d50a3a" className="UnitTests.TestCarPlate, TestProject" name="TestCarPlateProvince" />
    </UnitTest>
    <UnitTest name="TestMyEmailChangeHost" storage="c:\users\administrator\desktop\project\testproject\bin\debug\testproject.dll" id="c1d0cf64-6dd0-2479-581f-f16a3867a8ce">
      <Css projectStructure="" iteration="" />
      <Owners>
        <Owner name="" />
      </Owners>
      <Execution id="9b97d4d6-3605-4f7e-b539-98893d073760" />
      <TestMethod codeBase="C:\Users\Administrator\Desktop\Project\TestProject\bin\Debug\TestProject.dll" adapterTypeName="Microsoft.VisualStudio.TestTools.TestTypes.Unit.UnitTestAdapter, Microsoft.VisualStudio.QualityTools.Tips.UnitTest.Adapter, Version=9.0.0.0, Culture=neutral, PublicKeyToken=b03f5f7f11d50a3a" className="UnitTests.TestMyEmail, TestProject" name="TestMyEmailChangeHost" />
    </UnitTest>
    <UnitTest name="TestQFToString" storage="c:\users\administrator\desktop\project\testproject\bin\debug\testproject.dll" id="243e91bb-e65b-fa13-6d38-d3cb12dc83c7">
      <Css projectStructure="" iteration="" />
      <Owners>
        <Owner name="" />
      </Owners>
      <Execution id="25ee5cb3-aefd-413f-b323-f0af716c09a8" />
      <TestMethod codeBase="C:\Users\Administrator\Desktop\Project\TestProject\bin\Debug\TestProject.dll" adapterTypeName="Microsoft.VisualStudio.TestTools.TestTypes.Unit.UnitTestAdapter, Microsoft.VisualStudio.QualityTools.Tips.UnitTest.Adapter, Version=9.0.0.0, Culture=neutral, PublicKeyToken=b03f5f7f11d50a3a" className="UnitTests.TestQuadraticFunction, TestProject" name="TestQFToString" />
    </UnitTest>
    <UnitTest name="TestQFIsEquals" storage="c:\users\administrator\desktop\project\testproject\bin\debug\testproject.dll" id="ca8333e6-19f1-b5ba-7675-0bf8d3e81f9d">
      <Css projectStructure="" iteration="" />
      <Owners>
        <Owner name="" />
      </Owners>
      <Execution id="4e2d9360-8efd-491c-b9a2-32d783cb6209" />
      <TestMethod codeBase="C:\Users\Administrator\Desktop\Project\TestProject\bin\Debug\TestProject.dll" adapterTypeName="Microsoft.VisualStudio.TestTools.TestTypes.Unit.UnitTestAdapter, Microsoft.VisualStudio.QualityTools.Tips.UnitTest.Adapter, Version=9.0.0.0, Culture=neutral, PublicKeyToken=b03f5f7f11d50a3a" className="UnitTests.TestQuadraticFunction, TestProject" name="TestQFIsEquals" />
    </UnitTest>
    <UnitTest name="TestQFGetA" storage="c:\users\administrator\desktop\project\testproject\bin\debug\testproject.dll" id="186f1b62-9173-bebe-5edd-7133ae1cc09d">
      <Css projectStructure="" iteration="" />
      <Owners>
        <Owner name="" />
      </Owners>
      <Execution id="06c1f19a-518c-42d5-b333-827c888b4aa7" />
      <TestMethod codeBase="C:\Users\Administrator\Desktop\Project\TestProject\bin\Debug\TestProject.dll" adapterTypeName="Microsoft.VisualStudio.TestTools.TestTypes.Unit.UnitTestAdapter, Microsoft.VisualStudio.QualityTools.Tips.UnitTest.Adapter, Version=9.0.0.0, Culture=neutral, PublicKeyToken=b03f5f7f11d50a3a" className="UnitTests.TestQuadraticFunction, TestProject" name="TestQFGetA" />
    </UnitTest>
    <UnitTest name="TestMyEmailUsername" storage="c:\users\administrator\desktop\project\testproject\bin\debug\testproject.dll" id="b28ceb0f-9bd6-cccd-8f2b-ab3496c146fb">
      <Css projectStructure="" iteration="" />
      <Owners>
        <Owner name="" />
      </Owners>
      <Execution id="69791a79-e0ea-43ac-8bfe-50d242b1114a" />
      <TestMethod codeBase="C:\Users\Administrator\Desktop\Project\TestProject\bin\Debug\TestProject.dll" adapterTypeName="Microsoft.VisualStudio.TestTools.TestTypes.Unit.UnitTestAdapter, Microsoft.VisualStudio.QualityTools.Tips.UnitTest.Adapter, Version=9.0.0.0, Culture=neutral, PublicKeyToken=b03f5f7f11d50a3a" className="UnitTests.TestMyEmail, TestProject" name="TestMyEmailUsername" />
    </UnitTest>
    <UnitTest name="TestExceptionThrow" storage="c:\users\administrator\desktop\project\testproject\bin\debug\testproject.dll" id="a5675247-35b2-de55-0071-f84f1efccd0d">
      <Css projectStructure="" iteration="" />
      <Owners>
        <Owner name="" />
      </Owners>
      <Execution id="2430ac79-81cb-40fc-ac96-21fe95ee20c5" />
      <TestMethod codeBase="C:\Users\Administrator\Desktop\Project\TestProject\bin\Debug\TestProject.dll" adapterTypeName="Microsoft.VisualStudio.TestTools.TestTypes.Unit.UnitTestAdapter, Microsoft.VisualStudio.QualityTools.Tips.UnitTest.Adapter, Version=9.0.0.0, Culture=neutral, PublicKeyToken=b03f5f7f11d50a3a" className="UnitTests.TestQuadraticFunction, TestProject" name="TestExceptionThrow" />
    </UnitTest>
    <UnitTest name="TestQFGetC" storage="c:\users\administrator\desktop\project\testproject\bin\debug\testproject.dll" id="b16e7e89-d1c2-004c-927b-a54aa5325541">
      <Css projectStructure="" iteration="" />
      <Owners>
        <Owner name="" />
      </Owners>
      <Execution id="6b314301-494d-4abc-8b82-55c60003ed36" />
      <TestMethod codeBase="C:\Users\Administrator\Desktop\Project\TestProject\bin\Debug\TestProject.dll" adapterTypeName="Microsoft.VisualStudio.TestTools.TestTypes.Unit.UnitTestAdapter, Microsoft.VisualStudio.QualityTools.Tips.UnitTest.Adapter, Version=9.0.0.0, Culture=neutral, PublicKeyToken=b03f5f7f11d50a3a" className="UnitTests.TestQuadraticFunction, TestProject" name="TestQFGetC" />
    </UnitTest>
  </TestDefinitions>
  <TestLists>
    <TestList name="Results Not in a List" id="8c84fa94-04c1-424b-9868-57a2d4851a1d" />
    <TestList name="All Loaded Results" id="19431567-8539-422a-85d7-44ee4e166bda" />
  </TestLists>
  <TestEntries>
    <TestEntry testId="17998604-412a-8be4-2b8b-93e66128ac2d" executionId="73624564-cbea-4e62-9334-4c37eee3e4d2" testListId="8c84fa94-04c1-424b-9868-57a2d4851a1d" />
    <TestEntry testId="186f1b62-9173-bebe-5edd-7133ae1cc09d" executionId="06c1f19a-518c-42d5-b333-827c888b4aa7" testListId="8c84fa94-04c1-424b-9868-57a2d4851a1d" />
    <TestEntry testId="243e91bb-e65b-fa13-6d38-d3cb12dc83c7" executionId="25ee5cb3-aefd-413f-b323-f0af716c09a8" testListId="8c84fa94-04c1-424b-9868-57a2d4851a1d" />
    <TestEntry testId="45dcc9a5-40b6-2a23-1c49-398e17984ac9" executionId="8b8e202c-b70d-43ad-9439-44b2b47dce3b" testListId="8c84fa94-04c1-424b-9868-57a2d4851a1d" />
    <TestEntry testId="66faaddd-b33a-c7e8-4951-f0338dbd3a08" executionId="2fae0b1c-64e5-4e4d-bd82-8e7983332865" testListId="8c84fa94-04c1-424b-9868-57a2d4851a1d" />
    <TestEntry testId="7b9ac5fb-52f9-8d7f-532f-ba2ccfbfd59a" executionId="7afa2644-5582-4a60-9823-434c942b7beb" testListId="8c84fa94-04c1-424b-9868-57a2d4851a1d" />
    <TestEntry testId="a5675247-35b2-de55-0071-f84f1efccd0d" executionId="2430ac79-81cb-40fc-ac96-21fe95ee20c5" testListId="8c84fa94-04c1-424b-9868-57a2d4851a1d" />
    <TestEntry testId="ab7655e3-8426-fa4e-6af7-caaad70ffc7a" executionId="dec9cc6a-4ab7-4c43-a577-e9ca2a3cc1db" testListId="8c84fa94-04c1-424b-9868-57a2d4851a1d" />
    <TestEntry testId="aed30aa9-a98a-df1d-e554-00aa57416ea1" executionId="5e4c649f-8311-453e-a344-4629a2439f4f" testListId="8c84fa94-04c1-424b-9868-57a2d4851a1d" />
    <TestEntry testId="b16e7e89-d1c2-004c-927b-a54aa5325541" executionId="6b314301-494d-4abc-8b82-55c60003ed36" testListId="8c84fa94-04c1-424b-9868-57a2d4851a1d" />
    <TestEntry testId="b28ceb0f-9bd6-cccd-8f2b-ab3496c146fb" executionId="69791a79-e0ea-43ac-8bfe-50d242b1114a" testListId="8c84fa94-04c1-424b-9868-57a2d4851a1d" />
    <TestEntry testId="b7b536cc-4349-c665-4b95-a8867304852c" executionId="db5f5f7a-8441-4300-a5a7-9e319b8acd1a" testListId="8c84fa94-04c1-424b-9868-57a2d4851a1d" />
    <TestEntry testId="c012ad93-67d4-ed04-ae6a-743ab2584856" executionId="6c35a69f-e7f0-4b49-a250-0eb1c1a966cb" testListId="8c84fa94-04c1-424b-9868-57a2d4851a1d" />
    <TestEntry testId="c1d0cf64-6dd0-2479-581f-f16a3867a8ce" executionId="9b97d4d6-3605-4f7e-b539-98893d073760" testListId="8c84fa94-04c1-424b-9868-57a2d4851a1d" />
    <TestEntry testId="ca8333e6-19f1-b5ba-7675-0bf8d3e81f9d" executionId="4e2d9360-8efd-491c-b9a2-32d783cb6209" testListId="8c84fa94-04c1-424b-9868-57a2d4851a1d" />
    <TestEntry testId="cf170ac7-d16c-4f73-2bf0-e3aa1db8d08b" executionId="911e5069-8583-42cb-800c-6892d4cc5510" testListId="8c84fa94-04c1-424b-9868-57a2d4851a1d" />
  </TestEntries>
  <Results>
    <UnitTestResult executionId="73624564-cbea-4e62-9334-4c37eee3e4d2" testId="17998604-412a-8be4-2b8b-93e66128ac2d" testName="TestQFCountMaxMin" computerName="MSSQLSERVER39" duration="00:00:00.0076221" startTime="2021-06-15T19:33:12.8860000+02:00" endTime="2021-06-15T19:33:13.0960000+02:00" testType="13cdc9d9-ddb5-4fa4-a97d-d965ccfc6d4b" outcome="Passed" testListId="8c84fa94-04c1-424b-9868-57a2d4851a1d">
      <Output>
      </Output>
    </UnitTestResult>
    <UnitTestResult executionId="06c1f19a-518c-42d5-b333-827c888b4aa7" testId="186f1b62-9173-bebe-5edd-7133ae1cc09d" testName="TestQFGetA" computerName="MSSQLSERVER39" duration="00:00:00.0016882" startTime="2021-06-15T19:33:13.1000000+02:00" endTime="2021-06-15T19:33:13.1040000+02:00" testType="13cdc9d9-ddb5-4fa4-a97d-d965ccfc6d4b" outcome="Passed" testListId="8c84fa94-04c1-424b-9868-57a2d4851a1d">
      <Output>
        <StdOut>Invalid column name 'QuadFunID'.
The multi-part identifier "QuadFun.A" could not be bound.</StdOut>
      </Output>
    </UnitTestResult>
    <UnitTestResult executionId="25ee5cb3-aefd-413f-b323-f0af716c09a8" testId="243e91bb-e65b-fa13-6d38-d3cb12dc83c7" testName="TestQFToString" computerName="MSSQLSERVER39" duration="00:00:00.0027524" startTime="2021-06-15T19:33:13.1070000+02:00" endTime="2021-06-15T19:33:13.1120000+02:00" testType="13cdc9d9-ddb5-4fa4-a97d-d965ccfc6d4b" outcome="Passed" testListId="8c84fa94-04c1-424b-9868-57a2d4851a1d">
      <Output>
      </Output>
    </UnitTestResult>
    <UnitTestResult executionId="8b8e202c-b70d-43ad-9439-44b2b47dce3b" testId="45dcc9a5-40b6-2a23-1c49-398e17984ac9" testName="TestMyEmailHost" computerName="MSSQLSERVER39" duration="00:00:00.0035563" startTime="2021-06-15T19:33:13.1150000+02:00" endTime="2021-06-15T19:33:13.1270000+02:00" testType="13cdc9d9-ddb5-4fa4-a97d-d965ccfc6d4b" outcome="Passed" testListId="8c84fa94-04c1-424b-9868-57a2d4851a1d">
      <Output>
      </Output>
    </UnitTestResult>
    <UnitTestResult executionId="2fae0b1c-64e5-4e4d-bd82-8e7983332865" testId="66faaddd-b33a-c7e8-4951-f0338dbd3a08" testName="TestCarPlateProvince" computerName="MSSQLSERVER39" duration="00:00:00.0045250" startTime="2021-06-15T19:33:13.1300000+02:00" endTime="2021-06-15T19:33:13.1530000+02:00" testType="13cdc9d9-ddb5-4fa4-a97d-d965ccfc6d4b" outcome="Passed" testListId="8c84fa94-04c1-424b-9868-57a2d4851a1d">
      <Output>
      </Output>
    </UnitTestResult>
    <UnitTestResult executionId="7afa2644-5582-4a60-9823-434c942b7beb" testId="7b9ac5fb-52f9-8d7f-532f-ba2ccfbfd59a" testName="TestQFGetB" computerName="MSSQLSERVER39" duration="00:00:00.0016001" startTime="2021-06-15T19:33:13.1560000+02:00" endTime="2021-06-15T19:33:13.1600000+02:00" testType="13cdc9d9-ddb5-4fa4-a97d-d965ccfc6d4b" outcome="Passed" testListId="8c84fa94-04c1-424b-9868-57a2d4851a1d">
      <Output>
        <StdOut>Invalid column name 'QuadFunID'.
The multi-part identifier "QuadFun.B" could not be bound.</StdOut>
      </Output>
    </UnitTestResult>
    <UnitTestResult executionId="2430ac79-81cb-40fc-ac96-21fe95ee20c5" testId="a5675247-35b2-de55-0071-f84f1efccd0d" testName="TestExceptionThrow" computerName="MSSQLSERVER39" duration="00:00:00.0053040" startTime="2021-06-15T19:33:13.2010000+02:00" endTime="2021-06-15T19:33:13.2100000+02:00" testType="13cdc9d9-ddb5-4fa4-a97d-d965ccfc6d4b" outcome="Failed" testListId="8c84fa94-04c1-424b-9868-57a2d4851a1d">
      <Output>
        <StdOut>A .NET Framework error occurred during execution of user-defined routine or aggregate "QuadraticFunction": 
System.FormatException: Nieprawidłowy format ciągu wejściowego.
System.FormatException: 
   w System.Number.StringToNumber(String str, NumberStyles options, NumberBuffer&amp; number, NumberFormatInfo info, Boolean parseDecimal)
   w System.Number.ParseDouble(String value, NumberStyles options, NumberFormatInfo numfmt)
   w System.Double.Parse(String s, NumberStyles style, NumberFormatInfo info)
   w System.Double.Parse(String s, IFormatProvider provider)
   w QuadraticFunction.Parse(SqlString s)
.
The statement has been terminated.</StdOut>
        <ErrorInfo>
          <Message>Test method UnitTests.TestQuadraticFunction.TestExceptionThrow did not throw expected exception System.FormatException.Nieprawidłowy format ciągu wejściowego.</Message>
        </ErrorInfo>
      </Output>
    </UnitTestResult>
    <UnitTestResult executionId="dec9cc6a-4ab7-4c43-a577-e9ca2a3cc1db" testId="ab7655e3-8426-fa4e-6af7-caaad70ffc7a" testName="TestMyEmailSameUser" computerName="MSSQLSERVER39" duration="00:00:00.0042195" startTime="2021-06-15T19:33:13.2170000+02:00" endTime="2021-06-15T19:33:13.2250000+02:00" testType="13cdc9d9-ddb5-4fa4-a97d-d965ccfc6d4b" outcome="Passed" testListId="8c84fa94-04c1-424b-9868-57a2d4851a1d">
      <Output>
      </Output>
    </UnitTestResult>
    <UnitTestResult executionId="5e4c649f-8311-453e-a344-4629a2439f4f" testId="aed30aa9-a98a-df1d-e554-00aa57416ea1" testName="TestCarPlateNumber" computerName="MSSQLSERVER39" duration="00:00:00.0029287" startTime="2021-06-15T19:33:13.2270000+02:00" endTime="2021-06-15T19:33:13.2330000+02:00" testType="13cdc9d9-ddb5-4fa4-a97d-d965ccfc6d4b" outcome="Passed" testListId="8c84fa94-04c1-424b-9868-57a2d4851a1d">
      <Output>
      </Output>
    </UnitTestResult>
    <UnitTestResult executionId="6b314301-494d-4abc-8b82-55c60003ed36" testId="b16e7e89-d1c2-004c-927b-a54aa5325541" testName="TestQFGetC" computerName="MSSQLSERVER39" duration="00:00:00.0013362" startTime="2021-06-15T19:33:13.2350000+02:00" endTime="2021-06-15T19:33:13.2390000+02:00" testType="13cdc9d9-ddb5-4fa4-a97d-d965ccfc6d4b" outcome="Passed" testListId="8c84fa94-04c1-424b-9868-57a2d4851a1d">
      <Output>
        <StdOut>Invalid column name 'QuadFunID'.
The multi-part identifier "QuadFun.C" could not be bound.</StdOut>
      </Output>
    </UnitTestResult>
    <UnitTestResult executionId="69791a79-e0ea-43ac-8bfe-50d242b1114a" testId="b28ceb0f-9bd6-cccd-8f2b-ab3496c146fb" testName="TestMyEmailUsername" computerName="MSSQLSERVER39" duration="00:00:00.0029476" startTime="2021-06-15T19:33:13.2420000+02:00" endTime="2021-06-15T19:33:13.2470000+02:00" testType="13cdc9d9-ddb5-4fa4-a97d-d965ccfc6d4b" outcome="Passed" testListId="8c84fa94-04c1-424b-9868-57a2d4851a1d">
      <Output>
      </Output>
    </UnitTestResult>
    <UnitTestResult executionId="db5f5f7a-8441-4300-a5a7-9e319b8acd1a" testId="b7b536cc-4349-c665-4b95-a8867304852c" testName="TestMyEmailSameUser" computerName="MSSQLSERVER39" duration="00:00:00.0014680" startTime="2021-06-15T19:33:13.2500000+02:00" endTime="2021-06-15T19:33:13.2540000+02:00" testType="13cdc9d9-ddb5-4fa4-a97d-d965ccfc6d4b" outcome="Passed" testListId="8c84fa94-04c1-424b-9868-57a2d4851a1d">
      <Output>
        <StdOut>Invalid object name 'testCarPlate'.</StdOut>
      </Output>
    </UnitTestResult>
    <UnitTestResult executionId="6c35a69f-e7f0-4b49-a250-0eb1c1a966cb" testId="c012ad93-67d4-ed04-ae6a-743ab2584856" testName="TestCarPlateToString" computerName="MSSQLSERVER39" duration="00:00:00.0013426" startTime="2021-06-15T19:33:13.2560000+02:00" endTime="2021-06-15T19:33:13.2600000+02:00" testType="13cdc9d9-ddb5-4fa4-a97d-d965ccfc6d4b" outcome="Passed" testListId="8c84fa94-04c1-424b-9868-57a2d4851a1d">
      <Output>
        <StdOut>Invalid object name 'testCarPlate'.</StdOut>
      </Output>
    </UnitTestResult>
    <UnitTestResult executionId="9b97d4d6-3605-4f7e-b539-98893d073760" testId="c1d0cf64-6dd0-2479-581f-f16a3867a8ce" testName="TestMyEmailChangeHost" computerName="MSSQLSERVER39" duration="00:00:00.0082194" startTime="2021-06-15T19:33:13.2630000+02:00" endTime="2021-06-15T19:33:13.2740000+02:00" testType="13cdc9d9-ddb5-4fa4-a97d-d965ccfc6d4b" outcome="Passed" testListId="8c84fa94-04c1-424b-9868-57a2d4851a1d">
      <Output>
      </Output>
    </UnitTestResult>
    <UnitTestResult executionId="4e2d9360-8efd-491c-b9a2-32d783cb6209" testId="ca8333e6-19f1-b5ba-7675-0bf8d3e81f9d" testName="TestQFIsEquals" computerName="MSSQLSERVER39" duration="00:00:00.0035994" startTime="2021-06-15T19:33:13.2770000+02:00" endTime="2021-06-15T19:33:13.2830000+02:00" testType="13cdc9d9-ddb5-4fa4-a97d-d965ccfc6d4b" outcome="Passed" testListId="8c84fa94-04c1-424b-9868-57a2d4851a1d">
      <Output>
      </Output>
    </UnitTestResult>
    <UnitTestResult executionId="911e5069-8583-42cb-800c-6892d4cc5510" testId="cf170ac7-d16c-4f73-2bf0-e3aa1db8d08b" testName="TestMyEmailToString" computerName="MSSQLSERVER39" duration="00:00:00.0023079" startTime="2021-06-15T19:33:13.2860000+02:00" endTime="2021-06-15T19:33:13.2910000+02:00" testType="13cdc9d9-ddb5-4fa4-a97d-d965ccfc6d4b" outcome="Passed" testListId="8c84fa94-04c1-424b-9868-57a2d4851a1d">
      <Output>
      </Output>
    </UnitTestResult>
  </Results>
</TestRun>