<?xml version="1.0" encoding="UTF-8"?>
<TestRun id="17c36ab3-7c99-4621-8b63-4936b408ab79" name="Administrator@MSSQLSERVER39 2021-06-15 23:27:11" runUser="MSSQLSERVER39\Administrator" xmlns="http://microsoft.com/schemas/VisualStudio/TeamTest/2006">
  <TestRunConfiguration name="Local Test Run" id="880ca435-a7ba-4af6-b394-39520a2b3609">
    <Description>This is a default test run configuration for a local test run.</Description>
    <Deployment runDeploymentRoot="C:\Users\Administrator\Desktop\Project\TestResults\Administrator_MSSQLSERVER39 2021-06-15 23_27_11" />
    <TestTypeSpecific />
  </TestRunConfiguration>
  <ResultSummary outcome="Completed">
    <Counters total="32" executed="32" passed="32" error="0" failed="0" timeout="0" aborted="0" inconclusive="0" passedButRunAborted="0" notRunnable="0" notExecuted="0" disconnected="0" warning="0" completed="0" inProgress="0" pending="0" />
  </ResultSummary>
  <Times creation="2021-06-15T23:27:11.7360000+02:00" queuing="2021-06-15T23:27:12.8810000+02:00" start="2021-06-15T23:27:13.1180000+02:00" finish="2021-06-15T23:27:15.1180000+02:00" />
  <TestDefinitions>
    <UnitTest name="TestViolationToPay" storage="c:\users\administrator\desktop\project\testproject\bin\debug\testproject.dll" id="d1dc5531-a349-756e-9dbe-284982c941bf">
      <Css projectStructure="" iteration="" />
      <Owners>
        <Owner name="" />
      </Owners>
      <Execution id="c96c430a-6332-411e-bdbd-08a2e21211a7" />
      <TestMethod codeBase="C:\Users\Administrator\Desktop\Project\TestProject\bin\Debug\TestProject.dll" adapterTypeName="Microsoft.VisualStudio.TestTools.TestTypes.Unit.UnitTestAdapter, Microsoft.VisualStudio.QualityTools.Tips.UnitTest.Adapter, Version=9.0.0.0, Culture=neutral, PublicKeyToken=b03f5f7f11d50a3a" className="UnitTests.TestViolation, TestProject" name="TestViolationToPay" />
    </UnitTest>
    <UnitTest name="TestQFGetA" storage="c:\users\administrator\desktop\project\testproject\bin\debug\testproject.dll" id="186f1b62-9173-bebe-5edd-7133ae1cc09d">
      <Css projectStructure="" iteration="" />
      <Owners>
        <Owner name="" />
      </Owners>
      <Execution id="f04a34de-c1e5-42ac-bd5b-bccf5bfeb6d2" />
      <TestMethod codeBase="C:\Users\Administrator\Desktop\Project\TestProject\bin\Debug\TestProject.dll" adapterTypeName="Microsoft.VisualStudio.TestTools.TestTypes.Unit.UnitTestAdapter, Microsoft.VisualStudio.QualityTools.Tips.UnitTest.Adapter, Version=9.0.0.0, Culture=neutral, PublicKeyToken=b03f5f7f11d50a3a" className="UnitTests.TestQuadraticFunction, TestProject" name="TestQFGetA" />
    </UnitTest>
    <UnitTest name="TestQFGetC" storage="c:\users\administrator\desktop\project\testproject\bin\debug\testproject.dll" id="b16e7e89-d1c2-004c-927b-a54aa5325541">
      <Css projectStructure="" iteration="" />
      <Owners>
        <Owner name="" />
      </Owners>
      <Execution id="4d14e69d-237b-4e96-834c-d8713d607039" />
      <TestMethod codeBase="C:\Users\Administrator\Desktop\Project\TestProject\bin\Debug\TestProject.dll" adapterTypeName="Microsoft.VisualStudio.TestTools.TestTypes.Unit.UnitTestAdapter, Microsoft.VisualStudio.QualityTools.Tips.UnitTest.Adapter, Version=9.0.0.0, Culture=neutral, PublicKeyToken=b03f5f7f11d50a3a" className="UnitTests.TestQuadraticFunction, TestProject" name="TestQFGetC" />
    </UnitTest>
    <UnitTest name="TestMyEmailSameUser" storage="c:\users\administrator\desktop\project\testproject\bin\debug\testproject.dll" id="b7b536cc-4349-c665-4b95-a8867304852c">
      <Css projectStructure="" iteration="" />
      <Owners>
        <Owner name="" />
      </Owners>
      <Execution id="323641aa-1a5e-4845-bc1d-18ff507d8604" />
      <TestMethod codeBase="C:\Users\Administrator\Desktop\Project\TestProject\bin\Debug\TestProject.dll" adapterTypeName="Microsoft.VisualStudio.TestTools.TestTypes.Unit.UnitTestAdapter, Microsoft.VisualStudio.QualityTools.Tips.UnitTest.Adapter, Version=9.0.0.0, Culture=neutral, PublicKeyToken=b03f5f7f11d50a3a" className="UnitTests.TestCarPlate, TestProject" name="TestMyEmailSameUser" />
    </UnitTest>
    <UnitTest name="TestLicenceCategory" storage="c:\users\administrator\desktop\project\testproject\bin\debug\testproject.dll" id="04465a46-30f2-fc3c-125f-511bd334e80b">
      <Css projectStructure="" iteration="" />
      <Owners>
        <Owner name="" />
      </Owners>
      <Execution id="38ceda3c-0302-47f7-bbf7-555534efb58b" />
      <TestMethod codeBase="C:\Users\Administrator\Desktop\Project\TestProject\bin\Debug\TestProject.dll" adapterTypeName="Microsoft.VisualStudio.TestTools.TestTypes.Unit.UnitTestAdapter, Microsoft.VisualStudio.QualityTools.Tips.UnitTest.Adapter, Version=9.0.0.0, Culture=neutral, PublicKeyToken=b03f5f7f11d50a3a" className="UnitTests.TestLicence, TestProject" name="TestLicenceCategory" />
    </UnitTest>
    <UnitTest name="TestLicenceDate" storage="c:\users\administrator\desktop\project\testproject\bin\debug\testproject.dll" id="0b9f4946-b54b-47da-a63b-9a6ad262bc18">
      <Css projectStructure="" iteration="" />
      <Owners>
        <Owner name="" />
      </Owners>
      <Execution id="54d27ea0-42e3-48cf-87cd-7d4ab46ed978" />
      <TestMethod codeBase="C:\Users\Administrator\Desktop\Project\TestProject\bin\Debug\TestProject.dll" adapterTypeName="Microsoft.VisualStudio.TestTools.TestTypes.Unit.UnitTestAdapter, Microsoft.VisualStudio.QualityTools.Tips.UnitTest.Adapter, Version=9.0.0.0, Culture=neutral, PublicKeyToken=b03f5f7f11d50a3a" className="UnitTests.TestLicence, TestProject" name="TestLicenceDate" />
    </UnitTest>
    <UnitTest name="TestCarPlateProvince" storage="c:\users\administrator\desktop\project\testproject\bin\debug\testproject.dll" id="66faaddd-b33a-c7e8-4951-f0338dbd3a08">
      <Css projectStructure="" iteration="" />
      <Owners>
        <Owner name="" />
      </Owners>
      <Execution id="bf39dcf6-9e4a-4230-aa1d-b2e3f475599d" />
      <TestMethod codeBase="C:\Users\Administrator\Desktop\Project\TestProject\bin\Debug\TestProject.dll" adapterTypeName="Microsoft.VisualStudio.TestTools.TestTypes.Unit.UnitTestAdapter, Microsoft.VisualStudio.QualityTools.Tips.UnitTest.Adapter, Version=9.0.0.0, Culture=neutral, PublicKeyToken=b03f5f7f11d50a3a" className="UnitTests.TestCarPlate, TestProject" name="TestCarPlateProvince" />
    </UnitTest>
    <UnitTest name="TestQFIsEquals" storage="c:\users\administrator\desktop\project\testproject\bin\debug\testproject.dll" id="ca8333e6-19f1-b5ba-7675-0bf8d3e81f9d">
      <Css projectStructure="" iteration="" />
      <Owners>
        <Owner name="" />
      </Owners>
      <Execution id="0bafee59-67d2-4a7c-b8ad-8b08b2c08dd1" />
      <TestMethod codeBase="C:\Users\Administrator\Desktop\Project\TestProject\bin\Debug\TestProject.dll" adapterTypeName="Microsoft.VisualStudio.TestTools.TestTypes.Unit.UnitTestAdapter, Microsoft.VisualStudio.QualityTools.Tips.UnitTest.Adapter, Version=9.0.0.0, Culture=neutral, PublicKeyToken=b03f5f7f11d50a3a" className="UnitTests.TestQuadraticFunction, TestProject" name="TestQFIsEquals" />
    </UnitTest>
    <UnitTest name="TestMyEmailSameUser" storage="c:\users\administrator\desktop\project\testproject\bin\debug\testproject.dll" id="ab7655e3-8426-fa4e-6af7-caaad70ffc7a">
      <Css projectStructure="" iteration="" />
      <Owners>
        <Owner name="" />
      </Owners>
      <Execution id="dae3519a-8047-46a9-9c4e-279c50957963" />
      <TestMethod codeBase="C:\Users\Administrator\Desktop\Project\TestProject\bin\Debug\TestProject.dll" adapterTypeName="Microsoft.VisualStudio.TestTools.TestTypes.Unit.UnitTestAdapter, Microsoft.VisualStudio.QualityTools.Tips.UnitTest.Adapter, Version=9.0.0.0, Culture=neutral, PublicKeyToken=b03f5f7f11d50a3a" className="UnitTests.TestMyEmail, TestProject" name="TestMyEmailSameUser" />
    </UnitTest>
    <UnitTest name="TestViolationSurcharge" storage="c:\users\administrator\desktop\project\testproject\bin\debug\testproject.dll" id="1894cbf3-67ea-dd49-368d-8e2931508c5b">
      <Css projectStructure="" iteration="" />
      <Owners>
        <Owner name="" />
      </Owners>
      <Execution id="cc717772-00c5-4022-adc9-8bce60784d68" />
      <TestMethod codeBase="C:\Users\Administrator\Desktop\Project\TestProject\bin\Debug\TestProject.dll" adapterTypeName="Microsoft.VisualStudio.TestTools.TestTypes.Unit.UnitTestAdapter, Microsoft.VisualStudio.QualityTools.Tips.UnitTest.Adapter, Version=9.0.0.0, Culture=neutral, PublicKeyToken=b03f5f7f11d50a3a" className="UnitTests.TestViolation, TestProject" name="TestViolationSurcharge" />
    </UnitTest>
    <UnitTest name="TestQFCountMaxMin" storage="c:\users\administrator\desktop\project\testproject\bin\debug\testproject.dll" id="17998604-412a-8be4-2b8b-93e66128ac2d">
      <Css projectStructure="" iteration="" />
      <Owners>
        <Owner name="" />
      </Owners>
      <Execution id="7b6908c4-5cac-4931-8269-adbc122fc106" />
      <TestMethod codeBase="C:\Users\Administrator\Desktop\Project\TestProject\bin\Debug\TestProject.dll" adapterTypeName="Microsoft.VisualStudio.TestTools.TestTypes.Unit.UnitTestAdapter, Microsoft.VisualStudio.QualityTools.Tips.UnitTest.Adapter, Version=9.0.0.0, Culture=neutral, PublicKeyToken=b03f5f7f11d50a3a" className="UnitTests.TestQuadraticFunction, TestProject" name="TestQFCountMaxMin" />
    </UnitTest>
    <UnitTest name="TestMyEmailToString" storage="c:\users\administrator\desktop\project\testproject\bin\debug\testproject.dll" id="cf170ac7-d16c-4f73-2bf0-e3aa1db8d08b">
      <Css projectStructure="" iteration="" />
      <Owners>
        <Owner name="" />
      </Owners>
      <Execution id="87368eda-6515-4370-9633-3587856712c5" />
      <TestMethod codeBase="C:\Users\Administrator\Desktop\Project\TestProject\bin\Debug\TestProject.dll" adapterTypeName="Microsoft.VisualStudio.TestTools.TestTypes.Unit.UnitTestAdapter, Microsoft.VisualStudio.QualityTools.Tips.UnitTest.Adapter, Version=9.0.0.0, Culture=neutral, PublicKeyToken=b03f5f7f11d50a3a" className="UnitTests.TestMyEmail, TestProject" name="TestMyEmailToString" />
    </UnitTest>
    <UnitTest name="TestQFToString" storage="c:\users\administrator\desktop\project\testproject\bin\debug\testproject.dll" id="243e91bb-e65b-fa13-6d38-d3cb12dc83c7">
      <Css projectStructure="" iteration="" />
      <Owners>
        <Owner name="" />
      </Owners>
      <Execution id="36de6fef-8cd2-46e4-9cb8-9f739f47b0d0" />
      <TestMethod codeBase="C:\Users\Administrator\Desktop\Project\TestProject\bin\Debug\TestProject.dll" adapterTypeName="Microsoft.VisualStudio.TestTools.TestTypes.Unit.UnitTestAdapter, Microsoft.VisualStudio.QualityTools.Tips.UnitTest.Adapter, Version=9.0.0.0, Culture=neutral, PublicKeyToken=b03f5f7f11d50a3a" className="UnitTests.TestQuadraticFunction, TestProject" name="TestQFToString" />
    </UnitTest>
    <UnitTest name="TestQFGetB" storage="c:\users\administrator\desktop\project\testproject\bin\debug\testproject.dll" id="7b9ac5fb-52f9-8d7f-532f-ba2ccfbfd59a">
      <Css projectStructure="" iteration="" />
      <Owners>
        <Owner name="" />
      </Owners>
      <Execution id="0a9ea0af-f391-4e17-a8e9-28bf06338dbc" />
      <TestMethod codeBase="C:\Users\Administrator\Desktop\Project\TestProject\bin\Debug\TestProject.dll" adapterTypeName="Microsoft.VisualStudio.TestTools.TestTypes.Unit.UnitTestAdapter, Microsoft.VisualStudio.QualityTools.Tips.UnitTest.Adapter, Version=9.0.0.0, Culture=neutral, PublicKeyToken=b03f5f7f11d50a3a" className="UnitTests.TestQuadraticFunction, TestProject" name="TestQFGetB" />
    </UnitTest>
    <UnitTest name="TestViolationIsPaid" storage="c:\users\administrator\desktop\project\testproject\bin\debug\testproject.dll" id="07cf297a-93b2-363d-1a8d-dc3b5ed06769">
      <Css projectStructure="" iteration="" />
      <Owners>
        <Owner name="" />
      </Owners>
      <Execution id="35aa72a3-6834-408b-8c5f-2c47d7b79bca" />
      <TestMethod codeBase="C:\Users\Administrator\Desktop\Project\TestProject\bin\Debug\TestProject.dll" adapterTypeName="Microsoft.VisualStudio.TestTools.TestTypes.Unit.UnitTestAdapter, Microsoft.VisualStudio.QualityTools.Tips.UnitTest.Adapter, Version=9.0.0.0, Culture=neutral, PublicKeyToken=b03f5f7f11d50a3a" className="UnitTests.TestViolation, TestProject" name="TestViolationIsPaid" />
    </UnitTest>
    <UnitTest name="TestViolationSetIsPaid" storage="c:\users\administrator\desktop\project\testproject\bin\debug\testproject.dll" id="5f4952ee-3410-f95d-dbdc-cb3e6cf07b6a">
      <Css projectStructure="" iteration="" />
      <Owners>
        <Owner name="" />
      </Owners>
      <Execution id="5b2bb1cf-3ddd-4549-b892-2eea04f5aa5c" />
      <TestMethod codeBase="C:\Users\Administrator\Desktop\Project\TestProject\bin\Debug\TestProject.dll" adapterTypeName="Microsoft.VisualStudio.TestTools.TestTypes.Unit.UnitTestAdapter, Microsoft.VisualStudio.QualityTools.Tips.UnitTest.Adapter, Version=9.0.0.0, Culture=neutral, PublicKeyToken=b03f5f7f11d50a3a" className="UnitTests.TestViolation, TestProject" name="TestViolationSetIsPaid" />
    </UnitTest>
    <UnitTest name="TestMyEmailChangeHost" storage="c:\users\administrator\desktop\project\testproject\bin\debug\testproject.dll" id="c1d0cf64-6dd0-2479-581f-f16a3867a8ce">
      <Css projectStructure="" iteration="" />
      <Owners>
        <Owner name="" />
      </Owners>
      <Execution id="20138596-0d9b-4e2d-8aad-57e2c7f7ce6a" />
      <TestMethod codeBase="C:\Users\Administrator\Desktop\Project\TestProject\bin\Debug\TestProject.dll" adapterTypeName="Microsoft.VisualStudio.TestTools.TestTypes.Unit.UnitTestAdapter, Microsoft.VisualStudio.QualityTools.Tips.UnitTest.Adapter, Version=9.0.0.0, Culture=neutral, PublicKeyToken=b03f5f7f11d50a3a" className="UnitTests.TestMyEmail, TestProject" name="TestMyEmailChangeHost" />
    </UnitTest>
    <UnitTest name="TestViolationDate" storage="c:\users\administrator\desktop\project\testproject\bin\debug\testproject.dll" id="d406665f-bdb1-35f1-bc4e-f22d9740895e">
      <Css projectStructure="" iteration="" />
      <Owners>
        <Owner name="" />
      </Owners>
      <Execution id="8085d73d-bcc3-4bba-82b5-a50d92b999b0" />
      <TestMethod codeBase="C:\Users\Administrator\Desktop\Project\TestProject\bin\Debug\TestProject.dll" adapterTypeName="Microsoft.VisualStudio.TestTools.TestTypes.Unit.UnitTestAdapter, Microsoft.VisualStudio.QualityTools.Tips.UnitTest.Adapter, Version=9.0.0.0, Culture=neutral, PublicKeyToken=b03f5f7f11d50a3a" className="UnitTests.TestViolation, TestProject" name="TestViolationDate" />
    </UnitTest>
    <UnitTest name="TestRGBColorIsEquals" storage="c:\users\administrator\desktop\project\testproject\bin\debug\testproject.dll" id="c896915c-dba9-1a42-1ab4-5937a105a3a2">
      <Css projectStructure="" iteration="" />
      <Owners>
        <Owner name="" />
      </Owners>
      <Execution id="07330b00-3bd8-4031-9264-07e8329402d2" />
      <TestMethod codeBase="C:\Users\Administrator\Desktop\Project\TestProject\bin\Debug\TestProject.dll" adapterTypeName="Microsoft.VisualStudio.TestTools.TestTypes.Unit.UnitTestAdapter, Microsoft.VisualStudio.QualityTools.Tips.UnitTest.Adapter, Version=9.0.0.0, Culture=neutral, PublicKeyToken=b03f5f7f11d50a3a" className="UnitTests.TestRGBColor, TestProject" name="TestRGBColorIsEquals" />
    </UnitTest>
    <UnitTest name="TestRGBColorToString" storage="c:\users\administrator\desktop\project\testproject\bin\debug\testproject.dll" id="6555fe09-232a-2db8-9572-82f6ed602158">
      <Css projectStructure="" iteration="" />
      <Owners>
        <Owner name="" />
      </Owners>
      <Execution id="5b3eac4b-9724-4c8f-82cf-f79935ed81b6" />
      <TestMethod codeBase="C:\Users\Administrator\Desktop\Project\TestProject\bin\Debug\TestProject.dll" adapterTypeName="Microsoft.VisualStudio.TestTools.TestTypes.Unit.UnitTestAdapter, Microsoft.VisualStudio.QualityTools.Tips.UnitTest.Adapter, Version=9.0.0.0, Culture=neutral, PublicKeyToken=b03f5f7f11d50a3a" className="UnitTests.TestRGBColor, TestProject" name="TestRGBColorToString" />
    </UnitTest>
    <UnitTest name="TestViolationDescription" storage="c:\users\administrator\desktop\project\testproject\bin\debug\testproject.dll" id="cb8b32f3-5718-7936-d5d3-cd8a7a363ac7">
      <Css projectStructure="" iteration="" />
      <Owners>
        <Owner name="" />
      </Owners>
      <Execution id="687d4f93-8ea3-49c9-ae94-ff15d672a281" />
      <TestMethod codeBase="C:\Users\Administrator\Desktop\Project\TestProject\bin\Debug\TestProject.dll" adapterTypeName="Microsoft.VisualStudio.TestTools.TestTypes.Unit.UnitTestAdapter, Microsoft.VisualStudio.QualityTools.Tips.UnitTest.Adapter, Version=9.0.0.0, Culture=neutral, PublicKeyToken=b03f5f7f11d50a3a" className="UnitTests.TestViolation, TestProject" name="TestViolationDescription" />
    </UnitTest>
    <UnitTest name="TestMyEmailHost" storage="c:\users\administrator\desktop\project\testproject\bin\debug\testproject.dll" id="45dcc9a5-40b6-2a23-1c49-398e17984ac9">
      <Css projectStructure="" iteration="" />
      <Owners>
        <Owner name="" />
      </Owners>
      <Execution id="1739ee42-8d39-42fd-8e5d-94c17c094471" />
      <TestMethod codeBase="C:\Users\Administrator\Desktop\Project\TestProject\bin\Debug\TestProject.dll" adapterTypeName="Microsoft.VisualStudio.TestTools.TestTypes.Unit.UnitTestAdapter, Microsoft.VisualStudio.QualityTools.Tips.UnitTest.Adapter, Version=9.0.0.0, Culture=neutral, PublicKeyToken=b03f5f7f11d50a3a" className="UnitTests.TestMyEmail, TestProject" name="TestMyEmailHost" />
    </UnitTest>
    <UnitTest name="TestRGBColorB" storage="c:\users\administrator\desktop\project\testproject\bin\debug\testproject.dll" id="dbac55ef-8578-d94b-3844-136000642542">
      <Css projectStructure="" iteration="" />
      <Owners>
        <Owner name="" />
      </Owners>
      <Execution id="6728bcbe-10f4-4458-af98-3ce393ca1852" />
      <TestMethod codeBase="C:\Users\Administrator\Desktop\Project\TestProject\bin\Debug\TestProject.dll" adapterTypeName="Microsoft.VisualStudio.TestTools.TestTypes.Unit.UnitTestAdapter, Microsoft.VisualStudio.QualityTools.Tips.UnitTest.Adapter, Version=9.0.0.0, Culture=neutral, PublicKeyToken=b03f5f7f11d50a3a" className="UnitTests.TestRGBColor, TestProject" name="TestRGBColorB" />
    </UnitTest>
    <UnitTest name="TestRGBColorG" storage="c:\users\administrator\desktop\project\testproject\bin\debug\testproject.dll" id="1b1b5f95-3a22-323b-d233-7d627e9fbd8a">
      <Css projectStructure="" iteration="" />
      <Owners>
        <Owner name="" />
      </Owners>
      <Execution id="4c29b261-71a1-448c-9af8-9e31e30a232c" />
      <TestMethod codeBase="C:\Users\Administrator\Desktop\Project\TestProject\bin\Debug\TestProject.dll" adapterTypeName="Microsoft.VisualStudio.TestTools.TestTypes.Unit.UnitTestAdapter, Microsoft.VisualStudio.QualityTools.Tips.UnitTest.Adapter, Version=9.0.0.0, Culture=neutral, PublicKeyToken=b03f5f7f11d50a3a" className="UnitTests.TestRGBColor, TestProject" name="TestRGBColorG" />
    </UnitTest>
    <UnitTest name="TestMyEmailUsername" storage="c:\users\administrator\desktop\project\testproject\bin\debug\testproject.dll" id="b28ceb0f-9bd6-cccd-8f2b-ab3496c146fb">
      <Css projectStructure="" iteration="" />
      <Owners>
        <Owner name="" />
      </Owners>
      <Execution id="ab72359c-0156-4ff1-b3db-836d4bbb5596" />
      <TestMethod codeBase="C:\Users\Administrator\Desktop\Project\TestProject\bin\Debug\TestProject.dll" adapterTypeName="Microsoft.VisualStudio.TestTools.TestTypes.Unit.UnitTestAdapter, Microsoft.VisualStudio.QualityTools.Tips.UnitTest.Adapter, Version=9.0.0.0, Culture=neutral, PublicKeyToken=b03f5f7f11d50a3a" className="UnitTests.TestMyEmail, TestProject" name="TestMyEmailUsername" />
    </UnitTest>
    <UnitTest name="TestViolationToString" storage="c:\users\administrator\desktop\project\testproject\bin\debug\testproject.dll" id="153b1be1-ed89-2ea0-1fc8-38a61ec044d7">
      <Css projectStructure="" iteration="" />
      <Owners>
        <Owner name="" />
      </Owners>
      <Execution id="b97bc04b-2533-48ae-98da-ff81766202de" />
      <TestMethod codeBase="C:\Users\Administrator\Desktop\Project\TestProject\bin\Debug\TestProject.dll" adapterTypeName="Microsoft.VisualStudio.TestTools.TestTypes.Unit.UnitTestAdapter, Microsoft.VisualStudio.QualityTools.Tips.UnitTest.Adapter, Version=9.0.0.0, Culture=neutral, PublicKeyToken=b03f5f7f11d50a3a" className="UnitTests.TestViolation, TestProject" name="TestViolationToString" />
    </UnitTest>
    <UnitTest name="TestRGBColorR" storage="c:\users\administrator\desktop\project\testproject\bin\debug\testproject.dll" id="0283d3bb-da66-af3f-2b29-2ec8a740e184">
      <Css projectStructure="" iteration="" />
      <Owners>
        <Owner name="" />
      </Owners>
      <Execution id="27b4ff71-33bf-4cf6-a577-abaeefbf0687" />
      <TestMethod codeBase="C:\Users\Administrator\Desktop\Project\TestProject\bin\Debug\TestProject.dll" adapterTypeName="Microsoft.VisualStudio.TestTools.TestTypes.Unit.UnitTestAdapter, Microsoft.VisualStudio.QualityTools.Tips.UnitTest.Adapter, Version=9.0.0.0, Culture=neutral, PublicKeyToken=b03f5f7f11d50a3a" className="UnitTests.TestRGBColor, TestProject" name="TestRGBColorR" />
    </UnitTest>
    <UnitTest name="TestLicenceSetDate" storage="c:\users\administrator\desktop\project\testproject\bin\debug\testproject.dll" id="bb5511aa-1a3b-f10d-173c-32ead277c471">
      <Css projectStructure="" iteration="" />
      <Owners>
        <Owner name="" />
      </Owners>
      <Execution id="b0fc7aa4-dd11-400c-a84a-7dbf5580c0a3" />
      <TestMethod codeBase="C:\Users\Administrator\Desktop\Project\TestProject\bin\Debug\TestProject.dll" adapterTypeName="Microsoft.VisualStudio.TestTools.TestTypes.Unit.UnitTestAdapter, Microsoft.VisualStudio.QualityTools.Tips.UnitTest.Adapter, Version=9.0.0.0, Culture=neutral, PublicKeyToken=b03f5f7f11d50a3a" className="UnitTests.TestLicence, TestProject" name="TestLicenceSetDate" />
    </UnitTest>
    <UnitTest name="TestCarPlateToString" storage="c:\users\administrator\desktop\project\testproject\bin\debug\testproject.dll" id="c012ad93-67d4-ed04-ae6a-743ab2584856">
      <Css projectStructure="" iteration="" />
      <Owners>
        <Owner name="" />
      </Owners>
      <Execution id="ab1ccc7e-5a6e-49a1-a7d3-df8b85bacebe" />
      <TestMethod codeBase="C:\Users\Administrator\Desktop\Project\TestProject\bin\Debug\TestProject.dll" adapterTypeName="Microsoft.VisualStudio.TestTools.TestTypes.Unit.UnitTestAdapter, Microsoft.VisualStudio.QualityTools.Tips.UnitTest.Adapter, Version=9.0.0.0, Culture=neutral, PublicKeyToken=b03f5f7f11d50a3a" className="UnitTests.TestCarPlate, TestProject" name="TestCarPlateToString" />
    </UnitTest>
    <UnitTest name="TestLicenceToString" storage="c:\users\administrator\desktop\project\testproject\bin\debug\testproject.dll" id="d09df132-a410-97ea-bab1-db173665cd08">
      <Css projectStructure="" iteration="" />
      <Owners>
        <Owner name="" />
      </Owners>
      <Execution id="8bf61bb2-fc02-41a8-b150-ac8268865320" />
      <TestMethod codeBase="C:\Users\Administrator\Desktop\Project\TestProject\bin\Debug\TestProject.dll" adapterTypeName="Microsoft.VisualStudio.TestTools.TestTypes.Unit.UnitTestAdapter, Microsoft.VisualStudio.QualityTools.Tips.UnitTest.Adapter, Version=9.0.0.0, Culture=neutral, PublicKeyToken=b03f5f7f11d50a3a" className="UnitTests.TestLicence, TestProject" name="TestLicenceToString" />
    </UnitTest>
    <UnitTest name="TestRGBColorAdd" storage="c:\users\administrator\desktop\project\testproject\bin\debug\testproject.dll" id="eeaeb523-7d26-0e1d-3071-75d9df211c8f">
      <Css projectStructure="" iteration="" />
      <Owners>
        <Owner name="" />
      </Owners>
      <Execution id="5c1e90fc-4a9c-4ae8-a7d8-6efa70896432" />
      <TestMethod codeBase="C:\Users\Administrator\Desktop\Project\TestProject\bin\Debug\TestProject.dll" adapterTypeName="Microsoft.VisualStudio.TestTools.TestTypes.Unit.UnitTestAdapter, Microsoft.VisualStudio.QualityTools.Tips.UnitTest.Adapter, Version=9.0.0.0, Culture=neutral, PublicKeyToken=b03f5f7f11d50a3a" className="UnitTests.TestRGBColor, TestProject" name="TestRGBColorAdd" />
    </UnitTest>
    <UnitTest name="TestCarPlateNumber" storage="c:\users\administrator\desktop\project\testproject\bin\debug\testproject.dll" id="aed30aa9-a98a-df1d-e554-00aa57416ea1">
      <Css projectStructure="" iteration="" />
      <Owners>
        <Owner name="" />
      </Owners>
      <Execution id="1bbda17a-81c0-49de-ad20-317ed5198f6d" />
      <TestMethod codeBase="C:\Users\Administrator\Desktop\Project\TestProject\bin\Debug\TestProject.dll" adapterTypeName="Microsoft.VisualStudio.TestTools.TestTypes.Unit.UnitTestAdapter, Microsoft.VisualStudio.QualityTools.Tips.UnitTest.Adapter, Version=9.0.0.0, Culture=neutral, PublicKeyToken=b03f5f7f11d50a3a" className="UnitTests.TestCarPlate, TestProject" name="TestCarPlateNumber" />
    </UnitTest>
  </TestDefinitions>
  <TestLists>
    <TestList name="Results Not in a List" id="8c84fa94-04c1-424b-9868-57a2d4851a1d" />
    <TestList name="All Loaded Results" id="19431567-8539-422a-85d7-44ee4e166bda" />
  </TestLists>
  <TestEntries>
    <TestEntry testId="0283d3bb-da66-af3f-2b29-2ec8a740e184" executionId="27b4ff71-33bf-4cf6-a577-abaeefbf0687" testListId="8c84fa94-04c1-424b-9868-57a2d4851a1d" />
    <TestEntry testId="04465a46-30f2-fc3c-125f-511bd334e80b" executionId="38ceda3c-0302-47f7-bbf7-555534efb58b" testListId="8c84fa94-04c1-424b-9868-57a2d4851a1d" />
    <TestEntry testId="07cf297a-93b2-363d-1a8d-dc3b5ed06769" executionId="35aa72a3-6834-408b-8c5f-2c47d7b79bca" testListId="8c84fa94-04c1-424b-9868-57a2d4851a1d" />
    <TestEntry testId="0b9f4946-b54b-47da-a63b-9a6ad262bc18" executionId="54d27ea0-42e3-48cf-87cd-7d4ab46ed978" testListId="8c84fa94-04c1-424b-9868-57a2d4851a1d" />
    <TestEntry testId="153b1be1-ed89-2ea0-1fc8-38a61ec044d7" executionId="b97bc04b-2533-48ae-98da-ff81766202de" testListId="8c84fa94-04c1-424b-9868-57a2d4851a1d" />
    <TestEntry testId="17998604-412a-8be4-2b8b-93e66128ac2d" executionId="7b6908c4-5cac-4931-8269-adbc122fc106" testListId="8c84fa94-04c1-424b-9868-57a2d4851a1d" />
    <TestEntry testId="186f1b62-9173-bebe-5edd-7133ae1cc09d" executionId="f04a34de-c1e5-42ac-bd5b-bccf5bfeb6d2" testListId="8c84fa94-04c1-424b-9868-57a2d4851a1d" />
    <TestEntry testId="1894cbf3-67ea-dd49-368d-8e2931508c5b" executionId="cc717772-00c5-4022-adc9-8bce60784d68" testListId="8c84fa94-04c1-424b-9868-57a2d4851a1d" />
    <TestEntry testId="1b1b5f95-3a22-323b-d233-7d627e9fbd8a" executionId="4c29b261-71a1-448c-9af8-9e31e30a232c" testListId="8c84fa94-04c1-424b-9868-57a2d4851a1d" />
    <TestEntry testId="243e91bb-e65b-fa13-6d38-d3cb12dc83c7" executionId="36de6fef-8cd2-46e4-9cb8-9f739f47b0d0" testListId="8c84fa94-04c1-424b-9868-57a2d4851a1d" />
    <TestEntry testId="45dcc9a5-40b6-2a23-1c49-398e17984ac9" executionId="1739ee42-8d39-42fd-8e5d-94c17c094471" testListId="8c84fa94-04c1-424b-9868-57a2d4851a1d" />
    <TestEntry testId="5f4952ee-3410-f95d-dbdc-cb3e6cf07b6a" executionId="5b2bb1cf-3ddd-4549-b892-2eea04f5aa5c" testListId="8c84fa94-04c1-424b-9868-57a2d4851a1d" />
    <TestEntry testId="6555fe09-232a-2db8-9572-82f6ed602158" executionId="5b3eac4b-9724-4c8f-82cf-f79935ed81b6" testListId="8c84fa94-04c1-424b-9868-57a2d4851a1d" />
    <TestEntry testId="66faaddd-b33a-c7e8-4951-f0338dbd3a08" executionId="bf39dcf6-9e4a-4230-aa1d-b2e3f475599d" testListId="8c84fa94-04c1-424b-9868-57a2d4851a1d" />
    <TestEntry testId="7b9ac5fb-52f9-8d7f-532f-ba2ccfbfd59a" executionId="0a9ea0af-f391-4e17-a8e9-28bf06338dbc" testListId="8c84fa94-04c1-424b-9868-57a2d4851a1d" />
    <TestEntry testId="ab7655e3-8426-fa4e-6af7-caaad70ffc7a" executionId="dae3519a-8047-46a9-9c4e-279c50957963" testListId="8c84fa94-04c1-424b-9868-57a2d4851a1d" />
    <TestEntry testId="aed30aa9-a98a-df1d-e554-00aa57416ea1" executionId="1bbda17a-81c0-49de-ad20-317ed5198f6d" testListId="8c84fa94-04c1-424b-9868-57a2d4851a1d" />
    <TestEntry testId="b16e7e89-d1c2-004c-927b-a54aa5325541" executionId="4d14e69d-237b-4e96-834c-d8713d607039" testListId="8c84fa94-04c1-424b-9868-57a2d4851a1d" />
    <TestEntry testId="b28ceb0f-9bd6-cccd-8f2b-ab3496c146fb" executionId="ab72359c-0156-4ff1-b3db-836d4bbb5596" testListId="8c84fa94-04c1-424b-9868-57a2d4851a1d" />
    <TestEntry testId="b7b536cc-4349-c665-4b95-a8867304852c" executionId="323641aa-1a5e-4845-bc1d-18ff507d8604" testListId="8c84fa94-04c1-424b-9868-57a2d4851a1d" />
    <TestEntry testId="bb5511aa-1a3b-f10d-173c-32ead277c471" executionId="b0fc7aa4-dd11-400c-a84a-7dbf5580c0a3" testListId="8c84fa94-04c1-424b-9868-57a2d4851a1d" />
    <TestEntry testId="c012ad93-67d4-ed04-ae6a-743ab2584856" executionId="ab1ccc7e-5a6e-49a1-a7d3-df8b85bacebe" testListId="8c84fa94-04c1-424b-9868-57a2d4851a1d" />
    <TestEntry testId="c1d0cf64-6dd0-2479-581f-f16a3867a8ce" executionId="20138596-0d9b-4e2d-8aad-57e2c7f7ce6a" testListId="8c84fa94-04c1-424b-9868-57a2d4851a1d" />
    <TestEntry testId="c896915c-dba9-1a42-1ab4-5937a105a3a2" executionId="07330b00-3bd8-4031-9264-07e8329402d2" testListId="8c84fa94-04c1-424b-9868-57a2d4851a1d" />
    <TestEntry testId="ca8333e6-19f1-b5ba-7675-0bf8d3e81f9d" executionId="0bafee59-67d2-4a7c-b8ad-8b08b2c08dd1" testListId="8c84fa94-04c1-424b-9868-57a2d4851a1d" />
    <TestEntry testId="cb8b32f3-5718-7936-d5d3-cd8a7a363ac7" executionId="687d4f93-8ea3-49c9-ae94-ff15d672a281" testListId="8c84fa94-04c1-424b-9868-57a2d4851a1d" />
    <TestEntry testId="cf170ac7-d16c-4f73-2bf0-e3aa1db8d08b" executionId="87368eda-6515-4370-9633-3587856712c5" testListId="8c84fa94-04c1-424b-9868-57a2d4851a1d" />
    <TestEntry testId="d09df132-a410-97ea-bab1-db173665cd08" executionId="8bf61bb2-fc02-41a8-b150-ac8268865320" testListId="8c84fa94-04c1-424b-9868-57a2d4851a1d" />
    <TestEntry testId="d1dc5531-a349-756e-9dbe-284982c941bf" executionId="c96c430a-6332-411e-bdbd-08a2e21211a7" testListId="8c84fa94-04c1-424b-9868-57a2d4851a1d" />
    <TestEntry testId="d406665f-bdb1-35f1-bc4e-f22d9740895e" executionId="8085d73d-bcc3-4bba-82b5-a50d92b999b0" testListId="8c84fa94-04c1-424b-9868-57a2d4851a1d" />
    <TestEntry testId="dbac55ef-8578-d94b-3844-136000642542" executionId="6728bcbe-10f4-4458-af98-3ce393ca1852" testListId="8c84fa94-04c1-424b-9868-57a2d4851a1d" />
    <TestEntry testId="eeaeb523-7d26-0e1d-3071-75d9df211c8f" executionId="5c1e90fc-4a9c-4ae8-a7d8-6efa70896432" testListId="8c84fa94-04c1-424b-9868-57a2d4851a1d" />
  </TestEntries>
  <Results>
    <UnitTestResult executionId="27b4ff71-33bf-4cf6-a577-abaeefbf0687" testId="0283d3bb-da66-af3f-2b29-2ec8a740e184" testName="TestRGBColorR" computerName="MSSQLSERVER39" duration="00:00:00.0291176" startTime="2021-06-15T23:27:13.1550000+02:00" endTime="2021-06-15T23:27:13.8690000+02:00" testType="13cdc9d9-ddb5-4fa4-a97d-d965ccfc6d4b" outcome="Passed" testListId="8c84fa94-04c1-424b-9868-57a2d4851a1d">
      <Output>
      </Output>
    </UnitTestResult>
    <UnitTestResult executionId="38ceda3c-0302-47f7-bbf7-555534efb58b" testId="04465a46-30f2-fc3c-125f-511bd334e80b" testName="TestLicenceCategory" computerName="MSSQLSERVER39" duration="00:00:00.0152442" startTime="2021-06-15T23:27:13.8770000+02:00" endTime="2021-06-15T23:27:13.9210000+02:00" testType="13cdc9d9-ddb5-4fa4-a97d-d965ccfc6d4b" outcome="Passed" testListId="8c84fa94-04c1-424b-9868-57a2d4851a1d">
      <Output>
      </Output>
    </UnitTestResult>
    <UnitTestResult executionId="35aa72a3-6834-408b-8c5f-2c47d7b79bca" testId="07cf297a-93b2-363d-1a8d-dc3b5ed06769" testName="TestViolationIsPaid" computerName="MSSQLSERVER39" duration="00:00:00.0087651" startTime="2021-06-15T23:27:13.9260000+02:00" endTime="2021-06-15T23:27:13.9550000+02:00" testType="13cdc9d9-ddb5-4fa4-a97d-d965ccfc6d4b" outcome="Passed" testListId="8c84fa94-04c1-424b-9868-57a2d4851a1d">
      <Output>
      </Output>
    </UnitTestResult>
    <UnitTestResult executionId="54d27ea0-42e3-48cf-87cd-7d4ab46ed978" testId="0b9f4946-b54b-47da-a63b-9a6ad262bc18" testName="TestLicenceDate" computerName="MSSQLSERVER39" duration="00:00:00.0131622" startTime="2021-06-15T23:27:13.9600000+02:00" endTime="2021-06-15T23:27:13.9880000+02:00" testType="13cdc9d9-ddb5-4fa4-a97d-d965ccfc6d4b" outcome="Passed" testListId="8c84fa94-04c1-424b-9868-57a2d4851a1d">
      <Output>
      </Output>
    </UnitTestResult>
    <UnitTestResult executionId="b97bc04b-2533-48ae-98da-ff81766202de" testId="153b1be1-ed89-2ea0-1fc8-38a61ec044d7" testName="TestViolationToString" computerName="MSSQLSERVER39" duration="00:00:00.0066825" startTime="2021-06-15T23:27:13.9930000+02:00" endTime="2021-06-15T23:27:14.0050000+02:00" testType="13cdc9d9-ddb5-4fa4-a97d-d965ccfc6d4b" outcome="Passed" testListId="8c84fa94-04c1-424b-9868-57a2d4851a1d">
      <Output>
      </Output>
    </UnitTestResult>
    <UnitTestResult executionId="7b6908c4-5cac-4931-8269-adbc122fc106" testId="17998604-412a-8be4-2b8b-93e66128ac2d" testName="TestQFCountMaxMin" computerName="MSSQLSERVER39" duration="00:00:00.0087247" startTime="2021-06-15T23:27:14.0090000+02:00" endTime="2021-06-15T23:27:14.0360000+02:00" testType="13cdc9d9-ddb5-4fa4-a97d-d965ccfc6d4b" outcome="Passed" testListId="8c84fa94-04c1-424b-9868-57a2d4851a1d">
      <Output>
      </Output>
    </UnitTestResult>
    <UnitTestResult executionId="f04a34de-c1e5-42ac-bd5b-bccf5bfeb6d2" testId="186f1b62-9173-bebe-5edd-7133ae1cc09d" testName="TestQFGetA" computerName="MSSQLSERVER39" duration="00:00:00.0020218" startTime="2021-06-15T23:27:14.0400000+02:00" endTime="2021-06-15T23:27:14.0440000+02:00" testType="13cdc9d9-ddb5-4fa4-a97d-d965ccfc6d4b" outcome="Passed" testListId="8c84fa94-04c1-424b-9868-57a2d4851a1d">
      <Output>
        <StdOut>Invalid column name 'QuadFunID'.
The multi-part identifier "QuadFun.A" could not be bound.</StdOut>
      </Output>
    </UnitTestResult>
    <UnitTestResult executionId="cc717772-00c5-4022-adc9-8bce60784d68" testId="1894cbf3-67ea-dd49-368d-8e2931508c5b" testName="TestViolationSurcharge" computerName="MSSQLSERVER39" duration="00:00:00.0125597" startTime="2021-06-15T23:27:14.0470000+02:00" endTime="2021-06-15T23:27:14.0620000+02:00" testType="13cdc9d9-ddb5-4fa4-a97d-d965ccfc6d4b" outcome="Passed" testListId="8c84fa94-04c1-424b-9868-57a2d4851a1d">
      <Output>
      </Output>
    </UnitTestResult>
    <UnitTestResult executionId="4c29b261-71a1-448c-9af8-9e31e30a232c" testId="1b1b5f95-3a22-323b-d233-7d627e9fbd8a" testName="TestRGBColorG" computerName="MSSQLSERVER39" duration="00:00:00.0039191" startTime="2021-06-15T23:27:14.0650000+02:00" endTime="2021-06-15T23:27:14.0720000+02:00" testType="13cdc9d9-ddb5-4fa4-a97d-d965ccfc6d4b" outcome="Passed" testListId="8c84fa94-04c1-424b-9868-57a2d4851a1d">
      <Output>
      </Output>
    </UnitTestResult>
    <UnitTestResult executionId="36de6fef-8cd2-46e4-9cb8-9f739f47b0d0" testId="243e91bb-e65b-fa13-6d38-d3cb12dc83c7" testName="TestQFToString" computerName="MSSQLSERVER39" duration="00:00:00.0024485" startTime="2021-06-15T23:27:14.0750000+02:00" endTime="2021-06-15T23:27:14.0800000+02:00" testType="13cdc9d9-ddb5-4fa4-a97d-d965ccfc6d4b" outcome="Passed" testListId="8c84fa94-04c1-424b-9868-57a2d4851a1d">
      <Output>
      </Output>
    </UnitTestResult>
    <UnitTestResult executionId="1739ee42-8d39-42fd-8e5d-94c17c094471" testId="45dcc9a5-40b6-2a23-1c49-398e17984ac9" testName="TestMyEmailHost" computerName="MSSQLSERVER39" duration="00:00:00.0059363" startTime="2021-06-15T23:27:14.0830000+02:00" endTime="2021-06-15T23:27:14.1900000+02:00" testType="13cdc9d9-ddb5-4fa4-a97d-d965ccfc6d4b" outcome="Passed" testListId="8c84fa94-04c1-424b-9868-57a2d4851a1d">
      <Output>
      </Output>
    </UnitTestResult>
    <UnitTestResult executionId="5b2bb1cf-3ddd-4549-b892-2eea04f5aa5c" testId="5f4952ee-3410-f95d-dbdc-cb3e6cf07b6a" testName="TestViolationSetIsPaid" computerName="MSSQLSERVER39" duration="00:00:00.0075515" startTime="2021-06-15T23:27:14.1930000+02:00" endTime="2021-06-15T23:27:14.2040000+02:00" testType="13cdc9d9-ddb5-4fa4-a97d-d965ccfc6d4b" outcome="Passed" testListId="8c84fa94-04c1-424b-9868-57a2d4851a1d">
      <Output>
      </Output>
    </UnitTestResult>
    <UnitTestResult executionId="5b3eac4b-9724-4c8f-82cf-f79935ed81b6" testId="6555fe09-232a-2db8-9572-82f6ed602158" testName="TestRGBColorToString" computerName="MSSQLSERVER39" duration="00:00:00.0036997" startTime="2021-06-15T23:27:14.2070000+02:00" endTime="2021-06-15T23:27:14.2130000+02:00" testType="13cdc9d9-ddb5-4fa4-a97d-d965ccfc6d4b" outcome="Passed" testListId="8c84fa94-04c1-424b-9868-57a2d4851a1d">
      <Output>
      </Output>
    </UnitTestResult>
    <UnitTestResult executionId="bf39dcf6-9e4a-4230-aa1d-b2e3f475599d" testId="66faaddd-b33a-c7e8-4951-f0338dbd3a08" testName="TestCarPlateProvince" computerName="MSSQLSERVER39" duration="00:00:00.0124001" startTime="2021-06-15T23:27:14.2160000+02:00" endTime="2021-06-15T23:27:14.2450000+02:00" testType="13cdc9d9-ddb5-4fa4-a97d-d965ccfc6d4b" outcome="Passed" testListId="8c84fa94-04c1-424b-9868-57a2d4851a1d">
      <Output>
      </Output>
    </UnitTestResult>
    <UnitTestResult executionId="0a9ea0af-f391-4e17-a8e9-28bf06338dbc" testId="7b9ac5fb-52f9-8d7f-532f-ba2ccfbfd59a" testName="TestQFGetB" computerName="MSSQLSERVER39" duration="00:00:00.0017776" startTime="2021-06-15T23:27:14.2480000+02:00" endTime="2021-06-15T23:27:14.2520000+02:00" testType="13cdc9d9-ddb5-4fa4-a97d-d965ccfc6d4b" outcome="Passed" testListId="8c84fa94-04c1-424b-9868-57a2d4851a1d">
      <Output>
        <StdOut>Invalid column name 'QuadFunID'.
The multi-part identifier "QuadFun.B" could not be bound.</StdOut>
      </Output>
    </UnitTestResult>
    <UnitTestResult executionId="dae3519a-8047-46a9-9c4e-279c50957963" testId="ab7655e3-8426-fa4e-6af7-caaad70ffc7a" testName="TestMyEmailSameUser" computerName="MSSQLSERVER39" duration="00:00:00.0127732" startTime="2021-06-15T23:27:14.2540000+02:00" endTime="2021-06-15T23:27:14.2700000+02:00" testType="13cdc9d9-ddb5-4fa4-a97d-d965ccfc6d4b" outcome="Passed" testListId="8c84fa94-04c1-424b-9868-57a2d4851a1d">
      <Output>
      </Output>
    </UnitTestResult>
    <UnitTestResult executionId="1bbda17a-81c0-49de-ad20-317ed5198f6d" testId="aed30aa9-a98a-df1d-e554-00aa57416ea1" testName="TestCarPlateNumber" computerName="MSSQLSERVER39" duration="00:00:00.0053429" startTime="2021-06-15T23:27:14.2720000+02:00" endTime="2021-06-15T23:27:14.2800000+02:00" testType="13cdc9d9-ddb5-4fa4-a97d-d965ccfc6d4b" outcome="Passed" testListId="8c84fa94-04c1-424b-9868-57a2d4851a1d">
      <Output>
      </Output>
    </UnitTestResult>
    <UnitTestResult executionId="4d14e69d-237b-4e96-834c-d8713d607039" testId="b16e7e89-d1c2-004c-927b-a54aa5325541" testName="TestQFGetC" computerName="MSSQLSERVER39" duration="00:00:00.0015244" startTime="2021-06-15T23:27:14.2830000+02:00" endTime="2021-06-15T23:27:14.2870000+02:00" testType="13cdc9d9-ddb5-4fa4-a97d-d965ccfc6d4b" outcome="Passed" testListId="8c84fa94-04c1-424b-9868-57a2d4851a1d">
      <Output>
        <StdOut>Invalid column name 'QuadFunID'.
The multi-part identifier "QuadFun.C" could not be bound.</StdOut>
      </Output>
    </UnitTestResult>
    <UnitTestResult executionId="ab72359c-0156-4ff1-b3db-836d4bbb5596" testId="b28ceb0f-9bd6-cccd-8f2b-ab3496c146fb" testName="TestMyEmailUsername" computerName="MSSQLSERVER39" duration="00:00:00.0043337" startTime="2021-06-15T23:27:14.2890000+02:00" endTime="2021-06-15T23:27:14.2960000+02:00" testType="13cdc9d9-ddb5-4fa4-a97d-d965ccfc6d4b" outcome="Passed" testListId="8c84fa94-04c1-424b-9868-57a2d4851a1d">
      <Output>
      </Output>
    </UnitTestResult>
    <UnitTestResult executionId="323641aa-1a5e-4845-bc1d-18ff507d8604" testId="b7b536cc-4349-c665-4b95-a8867304852c" testName="TestMyEmailSameUser" computerName="MSSQLSERVER39" duration="00:00:00.0015724" startTime="2021-06-15T23:27:14.2980000+02:00" endTime="2021-06-15T23:27:14.3030000+02:00" testType="13cdc9d9-ddb5-4fa4-a97d-d965ccfc6d4b" outcome="Passed" testListId="8c84fa94-04c1-424b-9868-57a2d4851a1d">
      <Output>
        <StdOut>Invalid object name 'testCarPlate'.</StdOut>
      </Output>
    </UnitTestResult>
    <UnitTestResult executionId="b0fc7aa4-dd11-400c-a84a-7dbf5580c0a3" testId="bb5511aa-1a3b-f10d-173c-32ead277c471" testName="TestLicenceSetDate" computerName="MSSQLSERVER39" duration="00:00:00.0193782" startTime="2021-06-15T23:27:14.3050000+02:00" endTime="2021-06-15T23:27:14.3270000+02:00" testType="13cdc9d9-ddb5-4fa4-a97d-d965ccfc6d4b" outcome="Passed" testListId="8c84fa94-04c1-424b-9868-57a2d4851a1d">
      <Output>
      </Output>
    </UnitTestResult>
    <UnitTestResult executionId="ab1ccc7e-5a6e-49a1-a7d3-df8b85bacebe" testId="c012ad93-67d4-ed04-ae6a-743ab2584856" testName="TestCarPlateToString" computerName="MSSQLSERVER39" duration="00:00:00.0037594" startTime="2021-06-15T23:27:14.3330000+02:00" endTime="2021-06-15T23:27:14.3420000+02:00" testType="13cdc9d9-ddb5-4fa4-a97d-d965ccfc6d4b" outcome="Passed" testListId="8c84fa94-04c1-424b-9868-57a2d4851a1d">
      <Output>
        <StdOut>Invalid object name 'testCarPlate'.</StdOut>
      </Output>
    </UnitTestResult>
    <UnitTestResult executionId="20138596-0d9b-4e2d-8aad-57e2c7f7ce6a" testId="c1d0cf64-6dd0-2479-581f-f16a3867a8ce" testName="TestMyEmailChangeHost" computerName="MSSQLSERVER39" duration="00:00:00.0183862" startTime="2021-06-15T23:27:14.3480000+02:00" endTime="2021-06-15T23:27:14.3710000+02:00" testType="13cdc9d9-ddb5-4fa4-a97d-d965ccfc6d4b" outcome="Passed" testListId="8c84fa94-04c1-424b-9868-57a2d4851a1d">
      <Output>
      </Output>
    </UnitTestResult>
    <UnitTestResult executionId="07330b00-3bd8-4031-9264-07e8329402d2" testId="c896915c-dba9-1a42-1ab4-5937a105a3a2" testName="TestRGBColorIsEquals" computerName="MSSQLSERVER39" duration="00:00:00.0117207" startTime="2021-06-15T23:27:14.3770000+02:00" endTime="2021-06-15T23:27:14.3940000+02:00" testType="13cdc9d9-ddb5-4fa4-a97d-d965ccfc6d4b" outcome="Passed" testListId="8c84fa94-04c1-424b-9868-57a2d4851a1d">
      <Output>
      </Output>
    </UnitTestResult>
    <UnitTestResult executionId="0bafee59-67d2-4a7c-b8ad-8b08b2c08dd1" testId="ca8333e6-19f1-b5ba-7675-0bf8d3e81f9d" testName="TestQFIsEquals" computerName="MSSQLSERVER39" duration="00:00:00.0118513" startTime="2021-06-15T23:27:14.3990000+02:00" endTime="2021-06-15T23:27:14.4170000+02:00" testType="13cdc9d9-ddb5-4fa4-a97d-d965ccfc6d4b" outcome="Passed" testListId="8c84fa94-04c1-424b-9868-57a2d4851a1d">
      <Output>
      </Output>
    </UnitTestResult>
    <UnitTestResult executionId="687d4f93-8ea3-49c9-ae94-ff15d672a281" testId="cb8b32f3-5718-7936-d5d3-cd8a7a363ac7" testName="TestViolationDescription" computerName="MSSQLSERVER39" duration="00:00:00.0076124" startTime="2021-06-15T23:27:14.4230000+02:00" endTime="2021-06-15T23:27:14.4360000+02:00" testType="13cdc9d9-ddb5-4fa4-a97d-d965ccfc6d4b" outcome="Passed" testListId="8c84fa94-04c1-424b-9868-57a2d4851a1d">
      <Output>
      </Output>
    </UnitTestResult>
    <UnitTestResult executionId="87368eda-6515-4370-9633-3587856712c5" testId="cf170ac7-d16c-4f73-2bf0-e3aa1db8d08b" testName="TestMyEmailToString" computerName="MSSQLSERVER39" duration="00:00:00.0081288" startTime="2021-06-15T23:27:14.4660000+02:00" endTime="2021-06-15T23:27:14.8710000+02:00" testType="13cdc9d9-ddb5-4fa4-a97d-d965ccfc6d4b" outcome="Passed" testListId="8c84fa94-04c1-424b-9868-57a2d4851a1d">
      <Output>
      </Output>
    </UnitTestResult>
    <UnitTestResult executionId="8bf61bb2-fc02-41a8-b150-ac8268865320" testId="d09df132-a410-97ea-bab1-db173665cd08" testName="TestLicenceToString" computerName="MSSQLSERVER39" duration="00:00:00.0040393" startTime="2021-06-15T23:27:14.8740000+02:00" endTime="2021-06-15T23:27:14.8810000+02:00" testType="13cdc9d9-ddb5-4fa4-a97d-d965ccfc6d4b" outcome="Passed" testListId="8c84fa94-04c1-424b-9868-57a2d4851a1d">
      <Output>
      </Output>
    </UnitTestResult>
    <UnitTestResult executionId="c96c430a-6332-411e-bdbd-08a2e21211a7" testId="d1dc5531-a349-756e-9dbe-284982c941bf" testName="TestViolationToPay" computerName="MSSQLSERVER39" duration="00:00:00.0036197" startTime="2021-06-15T23:27:14.8840000+02:00" endTime="2021-06-15T23:27:14.8910000+02:00" testType="13cdc9d9-ddb5-4fa4-a97d-d965ccfc6d4b" outcome="Passed" testListId="8c84fa94-04c1-424b-9868-57a2d4851a1d">
      <Output>
      </Output>
    </UnitTestResult>
    <UnitTestResult executionId="8085d73d-bcc3-4bba-82b5-a50d92b999b0" testId="d406665f-bdb1-35f1-bc4e-f22d9740895e" testName="TestViolationDate" computerName="MSSQLSERVER39" duration="00:00:00.0041136" startTime="2021-06-15T23:27:14.8930000+02:00" endTime="2021-06-15T23:27:14.9000000+02:00" testType="13cdc9d9-ddb5-4fa4-a97d-d965ccfc6d4b" outcome="Passed" testListId="8c84fa94-04c1-424b-9868-57a2d4851a1d">
      <Output>
      </Output>
    </UnitTestResult>
    <UnitTestResult executionId="6728bcbe-10f4-4458-af98-3ce393ca1852" testId="dbac55ef-8578-d94b-3844-136000642542" testName="TestRGBColorB" computerName="MSSQLSERVER39" duration="00:00:00.0036519" startTime="2021-06-15T23:27:14.9030000+02:00" endTime="2021-06-15T23:27:14.9100000+02:00" testType="13cdc9d9-ddb5-4fa4-a97d-d965ccfc6d4b" outcome="Passed" testListId="8c84fa94-04c1-424b-9868-57a2d4851a1d">
      <Output>
      </Output>
    </UnitTestResult>
    <UnitTestResult executionId="5c1e90fc-4a9c-4ae8-a7d8-6efa70896432" testId="eeaeb523-7d26-0e1d-3071-75d9df211c8f" testName="TestRGBColorAdd" computerName="MSSQLSERVER39" duration="00:00:00.0084044" startTime="2021-06-15T23:27:14.9130000+02:00" endTime="2021-06-15T23:27:14.9240000+02:00" testType="13cdc9d9-ddb5-4fa4-a97d-d965ccfc6d4b" outcome="Passed" testListId="8c84fa94-04c1-424b-9868-57a2d4851a1d">
      <Output>
      </Output>
    </UnitTestResult>
  </Results>
</TestRun>