<?xml version="1.0" encoding="UTF-8"?>
<TestRun id="a3515044-1c75-4db9-a3af-5cb1003285e2" name="Administrator@MSSQLSERVER39 2021-06-15 19:48:35" runUser="MSSQLSERVER39\Administrator" xmlns="http://microsoft.com/schemas/VisualStudio/TeamTest/2006">
  <TestRunConfiguration name="Local Test Run" id="880ca435-a7ba-4af6-b394-39520a2b3609">
    <Description>This is a default test run configuration for a local test run.</Description>
    <Deployment runDeploymentRoot="C:\Users\Administrator\Desktop\Project\TestResults\Administrator_MSSQLSERVER39 2021-06-15 19_48_35" />
    <TestTypeSpecific />
  </TestRunConfiguration>
  <ResultSummary outcome="Failed">
    <Counters total="19" executed="19" passed="17" error="0" failed="2" timeout="0" aborted="0" inconclusive="0" passedButRunAborted="0" notRunnable="0" notExecuted="0" disconnected="0" warning="0" completed="0" inProgress="0" pending="0" />
  </ResultSummary>
  <Times creation="2021-06-15T19:48:35.9550000+02:00" queuing="2021-06-15T19:48:36.3900000+02:00" start="2021-06-15T19:48:36.6040000+02:00" finish="2021-06-15T19:48:37.6610000+02:00" />
  <TestDefinitions>
    <UnitTest name="TestQFGetA" storage="c:\users\administrator\desktop\project\testproject\bin\debug\testproject.dll" id="186f1b62-9173-bebe-5edd-7133ae1cc09d">
      <Css projectStructure="" iteration="" />
      <Owners>
        <Owner name="" />
      </Owners>
      <Execution id="d448bff1-9cc3-4316-a685-2965fc7e337e" />
      <TestMethod codeBase="C:\Users\Administrator\Desktop\Project\TestProject\bin\Debug\TestProject.dll" adapterTypeName="Microsoft.VisualStudio.TestTools.TestTypes.Unit.UnitTestAdapter, Microsoft.VisualStudio.QualityTools.Tips.UnitTest.Adapter, Version=9.0.0.0, Culture=neutral, PublicKeyToken=b03f5f7f11d50a3a" className="UnitTests.TestQuadraticFunction, TestProject" name="TestQFGetA" />
    </UnitTest>
    <UnitTest name="TestQFGetC" storage="c:\users\administrator\desktop\project\testproject\bin\debug\testproject.dll" id="b16e7e89-d1c2-004c-927b-a54aa5325541">
      <Css projectStructure="" iteration="" />
      <Owners>
        <Owner name="" />
      </Owners>
      <Execution id="5a802557-e08e-470b-8632-a7cb4565e65d" />
      <TestMethod codeBase="C:\Users\Administrator\Desktop\Project\TestProject\bin\Debug\TestProject.dll" adapterTypeName="Microsoft.VisualStudio.TestTools.TestTypes.Unit.UnitTestAdapter, Microsoft.VisualStudio.QualityTools.Tips.UnitTest.Adapter, Version=9.0.0.0, Culture=neutral, PublicKeyToken=b03f5f7f11d50a3a" className="UnitTests.TestQuadraticFunction, TestProject" name="TestQFGetC" />
    </UnitTest>
    <UnitTest name="TestLicenceSetDate" storage="c:\users\administrator\desktop\project\testproject\bin\debug\testproject.dll" id="bb5511aa-1a3b-f10d-173c-32ead277c471">
      <Css projectStructure="" iteration="" />
      <Owners>
        <Owner name="" />
      </Owners>
      <Execution id="612b9ead-9123-49ea-9ebc-4b7c48fcbce3" />
      <TestMethod codeBase="C:\Users\Administrator\Desktop\Project\TestProject\bin\Debug\TestProject.dll" adapterTypeName="Microsoft.VisualStudio.TestTools.TestTypes.Unit.UnitTestAdapter, Microsoft.VisualStudio.QualityTools.Tips.UnitTest.Adapter, Version=9.0.0.0, Culture=neutral, PublicKeyToken=b03f5f7f11d50a3a" className="UnitTests.TestLicence, TestProject" name="TestLicenceSetDate" />
    </UnitTest>
    <UnitTest name="TestLicenceCategory" storage="c:\users\administrator\desktop\project\testproject\bin\debug\testproject.dll" id="04465a46-30f2-fc3c-125f-511bd334e80b">
      <Css projectStructure="" iteration="" />
      <Owners>
        <Owner name="" />
      </Owners>
      <Execution id="2776f0f3-dc2a-4457-b986-ef0949936979" />
      <TestMethod codeBase="C:\Users\Administrator\Desktop\Project\TestProject\bin\Debug\TestProject.dll" adapterTypeName="Microsoft.VisualStudio.TestTools.TestTypes.Unit.UnitTestAdapter, Microsoft.VisualStudio.QualityTools.Tips.UnitTest.Adapter, Version=9.0.0.0, Culture=neutral, PublicKeyToken=b03f5f7f11d50a3a" className="UnitTests.TestLicence, TestProject" name="TestLicenceCategory" />
    </UnitTest>
    <UnitTest name="TestLicenceDate" storage="c:\users\administrator\desktop\project\testproject\bin\debug\testproject.dll" id="0b9f4946-b54b-47da-a63b-9a6ad262bc18">
      <Css projectStructure="" iteration="" />
      <Owners>
        <Owner name="" />
      </Owners>
      <Execution id="5aa7740f-5eb8-451b-93ad-8fdb1cdf3a7c" />
      <TestMethod codeBase="C:\Users\Administrator\Desktop\Project\TestProject\bin\Debug\TestProject.dll" adapterTypeName="Microsoft.VisualStudio.TestTools.TestTypes.Unit.UnitTestAdapter, Microsoft.VisualStudio.QualityTools.Tips.UnitTest.Adapter, Version=9.0.0.0, Culture=neutral, PublicKeyToken=b03f5f7f11d50a3a" className="UnitTests.TestLicence, TestProject" name="TestLicenceDate" />
    </UnitTest>
    <UnitTest name="TestCarPlateProvince" storage="c:\users\administrator\desktop\project\testproject\bin\debug\testproject.dll" id="66faaddd-b33a-c7e8-4951-f0338dbd3a08">
      <Css projectStructure="" iteration="" />
      <Owners>
        <Owner name="" />
      </Owners>
      <Execution id="3f53a1fa-8790-4836-b713-b2a096f09853" />
      <TestMethod codeBase="C:\Users\Administrator\Desktop\Project\TestProject\bin\Debug\TestProject.dll" adapterTypeName="Microsoft.VisualStudio.TestTools.TestTypes.Unit.UnitTestAdapter, Microsoft.VisualStudio.QualityTools.Tips.UnitTest.Adapter, Version=9.0.0.0, Culture=neutral, PublicKeyToken=b03f5f7f11d50a3a" className="UnitTests.TestCarPlate, TestProject" name="TestCarPlateProvince" />
    </UnitTest>
    <UnitTest name="TestMyEmailSameUser" storage="c:\users\administrator\desktop\project\testproject\bin\debug\testproject.dll" id="ab7655e3-8426-fa4e-6af7-caaad70ffc7a">
      <Css projectStructure="" iteration="" />
      <Owners>
        <Owner name="" />
      </Owners>
      <Execution id="59883363-a8ec-4b13-9164-c7ee55d5a4a1" />
      <TestMethod codeBase="C:\Users\Administrator\Desktop\Project\TestProject\bin\Debug\TestProject.dll" adapterTypeName="Microsoft.VisualStudio.TestTools.TestTypes.Unit.UnitTestAdapter, Microsoft.VisualStudio.QualityTools.Tips.UnitTest.Adapter, Version=9.0.0.0, Culture=neutral, PublicKeyToken=b03f5f7f11d50a3a" className="UnitTests.TestMyEmail, TestProject" name="TestMyEmailSameUser" />
    </UnitTest>
    <UnitTest name="TestQFCountMaxMin" storage="c:\users\administrator\desktop\project\testproject\bin\debug\testproject.dll" id="17998604-412a-8be4-2b8b-93e66128ac2d">
      <Css projectStructure="" iteration="" />
      <Owners>
        <Owner name="" />
      </Owners>
      <Execution id="1055adfe-de64-40eb-a216-2dc99af8eaca" />
      <TestMethod codeBase="C:\Users\Administrator\Desktop\Project\TestProject\bin\Debug\TestProject.dll" adapterTypeName="Microsoft.VisualStudio.TestTools.TestTypes.Unit.UnitTestAdapter, Microsoft.VisualStudio.QualityTools.Tips.UnitTest.Adapter, Version=9.0.0.0, Culture=neutral, PublicKeyToken=b03f5f7f11d50a3a" className="UnitTests.TestQuadraticFunction, TestProject" name="TestQFCountMaxMin" />
    </UnitTest>
    <UnitTest name="TestMyEmailToString" storage="c:\users\administrator\desktop\project\testproject\bin\debug\testproject.dll" id="cf170ac7-d16c-4f73-2bf0-e3aa1db8d08b">
      <Css projectStructure="" iteration="" />
      <Owners>
        <Owner name="" />
      </Owners>
      <Execution id="6263708a-947c-4456-9fc9-d29e4dc7cf0c" />
      <TestMethod codeBase="C:\Users\Administrator\Desktop\Project\TestProject\bin\Debug\TestProject.dll" adapterTypeName="Microsoft.VisualStudio.TestTools.TestTypes.Unit.UnitTestAdapter, Microsoft.VisualStudio.QualityTools.Tips.UnitTest.Adapter, Version=9.0.0.0, Culture=neutral, PublicKeyToken=b03f5f7f11d50a3a" className="UnitTests.TestMyEmail, TestProject" name="TestMyEmailToString" />
    </UnitTest>
    <UnitTest name="TestQFToString" storage="c:\users\administrator\desktop\project\testproject\bin\debug\testproject.dll" id="243e91bb-e65b-fa13-6d38-d3cb12dc83c7">
      <Css projectStructure="" iteration="" />
      <Owners>
        <Owner name="" />
      </Owners>
      <Execution id="baa127cf-1d40-4314-ab02-6f92f6e88356" />
      <TestMethod codeBase="C:\Users\Administrator\Desktop\Project\TestProject\bin\Debug\TestProject.dll" adapterTypeName="Microsoft.VisualStudio.TestTools.TestTypes.Unit.UnitTestAdapter, Microsoft.VisualStudio.QualityTools.Tips.UnitTest.Adapter, Version=9.0.0.0, Culture=neutral, PublicKeyToken=b03f5f7f11d50a3a" className="UnitTests.TestQuadraticFunction, TestProject" name="TestQFToString" />
    </UnitTest>
    <UnitTest name="TestQFGetB" storage="c:\users\administrator\desktop\project\testproject\bin\debug\testproject.dll" id="7b9ac5fb-52f9-8d7f-532f-ba2ccfbfd59a">
      <Css projectStructure="" iteration="" />
      <Owners>
        <Owner name="" />
      </Owners>
      <Execution id="79f315f1-8512-41df-b581-ccb8985c5cca" />
      <TestMethod codeBase="C:\Users\Administrator\Desktop\Project\TestProject\bin\Debug\TestProject.dll" adapterTypeName="Microsoft.VisualStudio.TestTools.TestTypes.Unit.UnitTestAdapter, Microsoft.VisualStudio.QualityTools.Tips.UnitTest.Adapter, Version=9.0.0.0, Culture=neutral, PublicKeyToken=b03f5f7f11d50a3a" className="UnitTests.TestQuadraticFunction, TestProject" name="TestQFGetB" />
    </UnitTest>
    <UnitTest name="TestMyEmailSameUser" storage="c:\users\administrator\desktop\project\testproject\bin\debug\testproject.dll" id="b7b536cc-4349-c665-4b95-a8867304852c">
      <Css projectStructure="" iteration="" />
      <Owners>
        <Owner name="" />
      </Owners>
      <Execution id="c804a344-881d-4fda-9795-e0674ddf465e" />
      <TestMethod codeBase="C:\Users\Administrator\Desktop\Project\TestProject\bin\Debug\TestProject.dll" adapterTypeName="Microsoft.VisualStudio.TestTools.TestTypes.Unit.UnitTestAdapter, Microsoft.VisualStudio.QualityTools.Tips.UnitTest.Adapter, Version=9.0.0.0, Culture=neutral, PublicKeyToken=b03f5f7f11d50a3a" className="UnitTests.TestCarPlate, TestProject" name="TestMyEmailSameUser" />
    </UnitTest>
    <UnitTest name="TestMyEmailChangeHost" storage="c:\users\administrator\desktop\project\testproject\bin\debug\testproject.dll" id="c1d0cf64-6dd0-2479-581f-f16a3867a8ce">
      <Css projectStructure="" iteration="" />
      <Owners>
        <Owner name="" />
      </Owners>
      <Execution id="1f2c783f-45d8-48ad-bab4-5348d2a65394" />
      <TestMethod codeBase="C:\Users\Administrator\Desktop\Project\TestProject\bin\Debug\TestProject.dll" adapterTypeName="Microsoft.VisualStudio.TestTools.TestTypes.Unit.UnitTestAdapter, Microsoft.VisualStudio.QualityTools.Tips.UnitTest.Adapter, Version=9.0.0.0, Culture=neutral, PublicKeyToken=b03f5f7f11d50a3a" className="UnitTests.TestMyEmail, TestProject" name="TestMyEmailChangeHost" />
    </UnitTest>
    <UnitTest name="TestQFIsEquals" storage="c:\users\administrator\desktop\project\testproject\bin\debug\testproject.dll" id="ca8333e6-19f1-b5ba-7675-0bf8d3e81f9d">
      <Css projectStructure="" iteration="" />
      <Owners>
        <Owner name="" />
      </Owners>
      <Execution id="9abacd2b-494f-440a-89cf-334caefea687" />
      <TestMethod codeBase="C:\Users\Administrator\Desktop\Project\TestProject\bin\Debug\TestProject.dll" adapterTypeName="Microsoft.VisualStudio.TestTools.TestTypes.Unit.UnitTestAdapter, Microsoft.VisualStudio.QualityTools.Tips.UnitTest.Adapter, Version=9.0.0.0, Culture=neutral, PublicKeyToken=b03f5f7f11d50a3a" className="UnitTests.TestQuadraticFunction, TestProject" name="TestQFIsEquals" />
    </UnitTest>
    <UnitTest name="TestMyEmailHost" storage="c:\users\administrator\desktop\project\testproject\bin\debug\testproject.dll" id="45dcc9a5-40b6-2a23-1c49-398e17984ac9">
      <Css projectStructure="" iteration="" />
      <Owners>
        <Owner name="" />
      </Owners>
      <Execution id="5515ba90-93fd-4831-8d1e-b5f01c0e0dec" />
      <TestMethod codeBase="C:\Users\Administrator\Desktop\Project\TestProject\bin\Debug\TestProject.dll" adapterTypeName="Microsoft.VisualStudio.TestTools.TestTypes.Unit.UnitTestAdapter, Microsoft.VisualStudio.QualityTools.Tips.UnitTest.Adapter, Version=9.0.0.0, Culture=neutral, PublicKeyToken=b03f5f7f11d50a3a" className="UnitTests.TestMyEmail, TestProject" name="TestMyEmailHost" />
    </UnitTest>
    <UnitTest name="TestMyEmailUsername" storage="c:\users\administrator\desktop\project\testproject\bin\debug\testproject.dll" id="b28ceb0f-9bd6-cccd-8f2b-ab3496c146fb">
      <Css projectStructure="" iteration="" />
      <Owners>
        <Owner name="" />
      </Owners>
      <Execution id="dc25a795-517c-4152-a9dc-37807117d5d7" />
      <TestMethod codeBase="C:\Users\Administrator\Desktop\Project\TestProject\bin\Debug\TestProject.dll" adapterTypeName="Microsoft.VisualStudio.TestTools.TestTypes.Unit.UnitTestAdapter, Microsoft.VisualStudio.QualityTools.Tips.UnitTest.Adapter, Version=9.0.0.0, Culture=neutral, PublicKeyToken=b03f5f7f11d50a3a" className="UnitTests.TestMyEmail, TestProject" name="TestMyEmailUsername" />
    </UnitTest>
    <UnitTest name="TestCarPlateToString" storage="c:\users\administrator\desktop\project\testproject\bin\debug\testproject.dll" id="c012ad93-67d4-ed04-ae6a-743ab2584856">
      <Css projectStructure="" iteration="" />
      <Owners>
        <Owner name="" />
      </Owners>
      <Execution id="29da479d-3918-4443-b511-152a6936dbac" />
      <TestMethod codeBase="C:\Users\Administrator\Desktop\Project\TestProject\bin\Debug\TestProject.dll" adapterTypeName="Microsoft.VisualStudio.TestTools.TestTypes.Unit.UnitTestAdapter, Microsoft.VisualStudio.QualityTools.Tips.UnitTest.Adapter, Version=9.0.0.0, Culture=neutral, PublicKeyToken=b03f5f7f11d50a3a" className="UnitTests.TestCarPlate, TestProject" name="TestCarPlateToString" />
    </UnitTest>
    <UnitTest name="TestLicenceToString" storage="c:\users\administrator\desktop\project\testproject\bin\debug\testproject.dll" id="d09df132-a410-97ea-bab1-db173665cd08">
      <Css projectStructure="" iteration="" />
      <Owners>
        <Owner name="" />
      </Owners>
      <Execution id="64512a94-64cf-45fc-8e00-8b2dedcefa70" />
      <TestMethod codeBase="C:\Users\Administrator\Desktop\Project\TestProject\bin\Debug\TestProject.dll" adapterTypeName="Microsoft.VisualStudio.TestTools.TestTypes.Unit.UnitTestAdapter, Microsoft.VisualStudio.QualityTools.Tips.UnitTest.Adapter, Version=9.0.0.0, Culture=neutral, PublicKeyToken=b03f5f7f11d50a3a" className="UnitTests.TestLicence, TestProject" name="TestLicenceToString" />
    </UnitTest>
    <UnitTest name="TestCarPlateNumber" storage="c:\users\administrator\desktop\project\testproject\bin\debug\testproject.dll" id="aed30aa9-a98a-df1d-e554-00aa57416ea1">
      <Css projectStructure="" iteration="" />
      <Owners>
        <Owner name="" />
      </Owners>
      <Execution id="eb45a1b1-054c-4bf4-9349-1f04a98f5b32" />
      <TestMethod codeBase="C:\Users\Administrator\Desktop\Project\TestProject\bin\Debug\TestProject.dll" adapterTypeName="Microsoft.VisualStudio.TestTools.TestTypes.Unit.UnitTestAdapter, Microsoft.VisualStudio.QualityTools.Tips.UnitTest.Adapter, Version=9.0.0.0, Culture=neutral, PublicKeyToken=b03f5f7f11d50a3a" className="UnitTests.TestCarPlate, TestProject" name="TestCarPlateNumber" />
    </UnitTest>
  </TestDefinitions>
  <TestLists>
    <TestList name="Results Not in a List" id="8c84fa94-04c1-424b-9868-57a2d4851a1d" />
    <TestList name="All Loaded Results" id="19431567-8539-422a-85d7-44ee4e166bda" />
  </TestLists>
  <TestEntries>
    <TestEntry testId="04465a46-30f2-fc3c-125f-511bd334e80b" executionId="2776f0f3-dc2a-4457-b986-ef0949936979" testListId="8c84fa94-04c1-424b-9868-57a2d4851a1d" />
    <TestEntry testId="0b9f4946-b54b-47da-a63b-9a6ad262bc18" executionId="5aa7740f-5eb8-451b-93ad-8fdb1cdf3a7c" testListId="8c84fa94-04c1-424b-9868-57a2d4851a1d" />
    <TestEntry testId="17998604-412a-8be4-2b8b-93e66128ac2d" executionId="1055adfe-de64-40eb-a216-2dc99af8eaca" testListId="8c84fa94-04c1-424b-9868-57a2d4851a1d" />
    <TestEntry testId="186f1b62-9173-bebe-5edd-7133ae1cc09d" executionId="d448bff1-9cc3-4316-a685-2965fc7e337e" testListId="8c84fa94-04c1-424b-9868-57a2d4851a1d" />
    <TestEntry testId="243e91bb-e65b-fa13-6d38-d3cb12dc83c7" executionId="baa127cf-1d40-4314-ab02-6f92f6e88356" testListId="8c84fa94-04c1-424b-9868-57a2d4851a1d" />
    <TestEntry testId="45dcc9a5-40b6-2a23-1c49-398e17984ac9" executionId="5515ba90-93fd-4831-8d1e-b5f01c0e0dec" testListId="8c84fa94-04c1-424b-9868-57a2d4851a1d" />
    <TestEntry testId="66faaddd-b33a-c7e8-4951-f0338dbd3a08" executionId="3f53a1fa-8790-4836-b713-b2a096f09853" testListId="8c84fa94-04c1-424b-9868-57a2d4851a1d" />
    <TestEntry testId="7b9ac5fb-52f9-8d7f-532f-ba2ccfbfd59a" executionId="79f315f1-8512-41df-b581-ccb8985c5cca" testListId="8c84fa94-04c1-424b-9868-57a2d4851a1d" />
    <TestEntry testId="ab7655e3-8426-fa4e-6af7-caaad70ffc7a" executionId="59883363-a8ec-4b13-9164-c7ee55d5a4a1" testListId="8c84fa94-04c1-424b-9868-57a2d4851a1d" />
    <TestEntry testId="aed30aa9-a98a-df1d-e554-00aa57416ea1" executionId="eb45a1b1-054c-4bf4-9349-1f04a98f5b32" testListId="8c84fa94-04c1-424b-9868-57a2d4851a1d" />
    <TestEntry testId="b16e7e89-d1c2-004c-927b-a54aa5325541" executionId="5a802557-e08e-470b-8632-a7cb4565e65d" testListId="8c84fa94-04c1-424b-9868-57a2d4851a1d" />
    <TestEntry testId="b28ceb0f-9bd6-cccd-8f2b-ab3496c146fb" executionId="dc25a795-517c-4152-a9dc-37807117d5d7" testListId="8c84fa94-04c1-424b-9868-57a2d4851a1d" />
    <TestEntry testId="b7b536cc-4349-c665-4b95-a8867304852c" executionId="c804a344-881d-4fda-9795-e0674ddf465e" testListId="8c84fa94-04c1-424b-9868-57a2d4851a1d" />
    <TestEntry testId="bb5511aa-1a3b-f10d-173c-32ead277c471" executionId="612b9ead-9123-49ea-9ebc-4b7c48fcbce3" testListId="8c84fa94-04c1-424b-9868-57a2d4851a1d" />
    <TestEntry testId="c012ad93-67d4-ed04-ae6a-743ab2584856" executionId="29da479d-3918-4443-b511-152a6936dbac" testListId="8c84fa94-04c1-424b-9868-57a2d4851a1d" />
    <TestEntry testId="c1d0cf64-6dd0-2479-581f-f16a3867a8ce" executionId="1f2c783f-45d8-48ad-bab4-5348d2a65394" testListId="8c84fa94-04c1-424b-9868-57a2d4851a1d" />
    <TestEntry testId="ca8333e6-19f1-b5ba-7675-0bf8d3e81f9d" executionId="9abacd2b-494f-440a-89cf-334caefea687" testListId="8c84fa94-04c1-424b-9868-57a2d4851a1d" />
    <TestEntry testId="cf170ac7-d16c-4f73-2bf0-e3aa1db8d08b" executionId="6263708a-947c-4456-9fc9-d29e4dc7cf0c" testListId="8c84fa94-04c1-424b-9868-57a2d4851a1d" />
    <TestEntry testId="d09df132-a410-97ea-bab1-db173665cd08" executionId="64512a94-64cf-45fc-8e00-8b2dedcefa70" testListId="8c84fa94-04c1-424b-9868-57a2d4851a1d" />
  </TestEntries>
  <Results>
    <UnitTestResult executionId="2776f0f3-dc2a-4457-b986-ef0949936979" testId="04465a46-30f2-fc3c-125f-511bd334e80b" testName="TestLicenceCategory" computerName="MSSQLSERVER39" duration="00:00:00.0063123" startTime="2021-06-15T19:48:36.7690000+02:00" endTime="2021-06-15T19:48:37.1260000+02:00" testType="13cdc9d9-ddb5-4fa4-a97d-d965ccfc6d4b" outcome="Passed" testListId="8c84fa94-04c1-424b-9868-57a2d4851a1d">
      <Output>
      </Output>
    </UnitTestResult>
    <UnitTestResult executionId="5aa7740f-5eb8-451b-93ad-8fdb1cdf3a7c" testId="0b9f4946-b54b-47da-a63b-9a6ad262bc18" testName="TestLicenceDate" computerName="MSSQLSERVER39" duration="00:00:00.1161467" startTime="2021-06-15T19:48:37.1320000+02:00" endTime="2021-06-15T19:48:37.2530000+02:00" testType="13cdc9d9-ddb5-4fa4-a97d-d965ccfc6d4b" outcome="Failed" testListId="8c84fa94-04c1-424b-9868-57a2d4851a1d">
      <Output>
        <ErrorInfo>
          <Message>Assert.AreEqual failed. Expected:&lt;2005-05-05 00:00:00.000&gt;. Actual:&lt;2005-05-05 00:00:00&gt;. </Message>
          <StackTrace>   w UnitTests.TestLicence.TestLicenceDate() w C:\Users\Administrator\Desktop\Project\TestProject\TestLicence.cs:wiersz 133
</StackTrace>
        </ErrorInfo>
      </Output>
    </UnitTestResult>
    <UnitTestResult executionId="1055adfe-de64-40eb-a216-2dc99af8eaca" testId="17998604-412a-8be4-2b8b-93e66128ac2d" testName="TestQFCountMaxMin" computerName="MSSQLSERVER39" duration="00:00:00.0090592" startTime="2021-06-15T19:48:37.2650000+02:00" endTime="2021-06-15T19:48:37.2890000+02:00" testType="13cdc9d9-ddb5-4fa4-a97d-d965ccfc6d4b" outcome="Passed" testListId="8c84fa94-04c1-424b-9868-57a2d4851a1d">
      <Output>
      </Output>
    </UnitTestResult>
    <UnitTestResult executionId="d448bff1-9cc3-4316-a685-2965fc7e337e" testId="186f1b62-9173-bebe-5edd-7133ae1cc09d" testName="TestQFGetA" computerName="MSSQLSERVER39" duration="00:00:00.0024389" startTime="2021-06-15T19:48:37.2940000+02:00" endTime="2021-06-15T19:48:37.3010000+02:00" testType="13cdc9d9-ddb5-4fa4-a97d-d965ccfc6d4b" outcome="Passed" testListId="8c84fa94-04c1-424b-9868-57a2d4851a1d">
      <Output>
        <StdOut>Invalid column name 'QuadFunID'.
The multi-part identifier "QuadFun.A" could not be bound.</StdOut>
      </Output>
    </UnitTestResult>
    <UnitTestResult executionId="baa127cf-1d40-4314-ab02-6f92f6e88356" testId="243e91bb-e65b-fa13-6d38-d3cb12dc83c7" testName="TestQFToString" computerName="MSSQLSERVER39" duration="00:00:00.0042251" startTime="2021-06-15T19:48:37.3050000+02:00" endTime="2021-06-15T19:48:37.3140000+02:00" testType="13cdc9d9-ddb5-4fa4-a97d-d965ccfc6d4b" outcome="Passed" testListId="8c84fa94-04c1-424b-9868-57a2d4851a1d">
      <Output>
      </Output>
    </UnitTestResult>
    <UnitTestResult executionId="5515ba90-93fd-4831-8d1e-b5f01c0e0dec" testId="45dcc9a5-40b6-2a23-1c49-398e17984ac9" testName="TestMyEmailHost" computerName="MSSQLSERVER39" duration="00:00:00.0057529" startTime="2021-06-15T19:48:37.3180000+02:00" endTime="2021-06-15T19:48:37.3370000+02:00" testType="13cdc9d9-ddb5-4fa4-a97d-d965ccfc6d4b" outcome="Passed" testListId="8c84fa94-04c1-424b-9868-57a2d4851a1d">
      <Output>
      </Output>
    </UnitTestResult>
    <UnitTestResult executionId="3f53a1fa-8790-4836-b713-b2a096f09853" testId="66faaddd-b33a-c7e8-4951-f0338dbd3a08" testName="TestCarPlateProvince" computerName="MSSQLSERVER39" duration="00:00:00.0059178" startTime="2021-06-15T19:48:37.3410000+02:00" endTime="2021-06-15T19:48:37.3590000+02:00" testType="13cdc9d9-ddb5-4fa4-a97d-d965ccfc6d4b" outcome="Passed" testListId="8c84fa94-04c1-424b-9868-57a2d4851a1d">
      <Output>
      </Output>
    </UnitTestResult>
    <UnitTestResult executionId="79f315f1-8512-41df-b581-ccb8985c5cca" testId="7b9ac5fb-52f9-8d7f-532f-ba2ccfbfd59a" testName="TestQFGetB" computerName="MSSQLSERVER39" duration="00:00:00.0039499" startTime="2021-06-15T19:48:37.3640000+02:00" endTime="2021-06-15T19:48:37.3730000+02:00" testType="13cdc9d9-ddb5-4fa4-a97d-d965ccfc6d4b" outcome="Passed" testListId="8c84fa94-04c1-424b-9868-57a2d4851a1d">
      <Output>
        <StdOut>Invalid column name 'QuadFunID'.
The multi-part identifier "QuadFun.B" could not be bound.</StdOut>
      </Output>
    </UnitTestResult>
    <UnitTestResult executionId="59883363-a8ec-4b13-9164-c7ee55d5a4a1" testId="ab7655e3-8426-fa4e-6af7-caaad70ffc7a" testName="TestMyEmailSameUser" computerName="MSSQLSERVER39" duration="00:00:00.0064746" startTime="2021-06-15T19:48:37.3940000+02:00" endTime="2021-06-15T19:48:37.4060000+02:00" testType="13cdc9d9-ddb5-4fa4-a97d-d965ccfc6d4b" outcome="Passed" testListId="8c84fa94-04c1-424b-9868-57a2d4851a1d">
      <Output>
      </Output>
    </UnitTestResult>
    <UnitTestResult executionId="eb45a1b1-054c-4bf4-9349-1f04a98f5b32" testId="aed30aa9-a98a-df1d-e554-00aa57416ea1" testName="TestCarPlateNumber" computerName="MSSQLSERVER39" duration="00:00:00.0052063" startTime="2021-06-15T19:48:37.4110000+02:00" endTime="2021-06-15T19:48:37.4200000+02:00" testType="13cdc9d9-ddb5-4fa4-a97d-d965ccfc6d4b" outcome="Passed" testListId="8c84fa94-04c1-424b-9868-57a2d4851a1d">
      <Output>
      </Output>
    </UnitTestResult>
    <UnitTestResult executionId="5a802557-e08e-470b-8632-a7cb4565e65d" testId="b16e7e89-d1c2-004c-927b-a54aa5325541" testName="TestQFGetC" computerName="MSSQLSERVER39" duration="00:00:00.0025159" startTime="2021-06-15T19:48:37.4250000+02:00" endTime="2021-06-15T19:48:37.4310000+02:00" testType="13cdc9d9-ddb5-4fa4-a97d-d965ccfc6d4b" outcome="Passed" testListId="8c84fa94-04c1-424b-9868-57a2d4851a1d">
      <Output>
        <StdOut>Invalid column name 'QuadFunID'.
The multi-part identifier "QuadFun.C" could not be bound.</StdOut>
      </Output>
    </UnitTestResult>
    <UnitTestResult executionId="dc25a795-517c-4152-a9dc-37807117d5d7" testId="b28ceb0f-9bd6-cccd-8f2b-ab3496c146fb" testName="TestMyEmailUsername" computerName="MSSQLSERVER39" duration="00:00:00.0027731" startTime="2021-06-15T19:48:37.4340000+02:00" endTime="2021-06-15T19:48:37.4390000+02:00" testType="13cdc9d9-ddb5-4fa4-a97d-d965ccfc6d4b" outcome="Passed" testListId="8c84fa94-04c1-424b-9868-57a2d4851a1d">
      <Output>
      </Output>
    </UnitTestResult>
    <UnitTestResult executionId="c804a344-881d-4fda-9795-e0674ddf465e" testId="b7b536cc-4349-c665-4b95-a8867304852c" testName="TestMyEmailSameUser" computerName="MSSQLSERVER39" duration="00:00:00.0013324" startTime="2021-06-15T19:48:37.4420000+02:00" endTime="2021-06-15T19:48:37.4450000+02:00" testType="13cdc9d9-ddb5-4fa4-a97d-d965ccfc6d4b" outcome="Passed" testListId="8c84fa94-04c1-424b-9868-57a2d4851a1d">
      <Output>
        <StdOut>Invalid object name 'testCarPlate'.</StdOut>
      </Output>
    </UnitTestResult>
    <UnitTestResult executionId="612b9ead-9123-49ea-9ebc-4b7c48fcbce3" testId="bb5511aa-1a3b-f10d-173c-32ead277c471" testName="TestLicenceSetDate" computerName="MSSQLSERVER39" duration="00:00:00.0076235" startTime="2021-06-15T19:48:37.4480000+02:00" endTime="2021-06-15T19:48:37.4580000+02:00" testType="13cdc9d9-ddb5-4fa4-a97d-d965ccfc6d4b" outcome="Failed" testListId="8c84fa94-04c1-424b-9868-57a2d4851a1d">
      <Output>
        <ErrorInfo>
          <Message>Assert.AreEqual failed. Expected:&lt;2001-10-10 00:00:00.000&gt;. Actual:&lt;2001-10-10 00:00:00&gt;. </Message>
          <StackTrace>   w UnitTests.TestLicence.TestLicenceSetDate() w C:\Users\Administrator\Desktop\Project\TestProject\TestLicence.cs:wiersz 157
</StackTrace>
        </ErrorInfo>
      </Output>
    </UnitTestResult>
    <UnitTestResult executionId="29da479d-3918-4443-b511-152a6936dbac" testId="c012ad93-67d4-ed04-ae6a-743ab2584856" testName="TestCarPlateToString" computerName="MSSQLSERVER39" duration="00:00:00.0017359" startTime="2021-06-15T19:48:37.4690000+02:00" endTime="2021-06-15T19:48:37.4730000+02:00" testType="13cdc9d9-ddb5-4fa4-a97d-d965ccfc6d4b" outcome="Passed" testListId="8c84fa94-04c1-424b-9868-57a2d4851a1d">
      <Output>
        <StdOut>Invalid object name 'testCarPlate'.</StdOut>
      </Output>
    </UnitTestResult>
    <UnitTestResult executionId="1f2c783f-45d8-48ad-bab4-5348d2a65394" testId="c1d0cf64-6dd0-2479-581f-f16a3867a8ce" testName="TestMyEmailChangeHost" computerName="MSSQLSERVER39" duration="00:00:00.0083386" startTime="2021-06-15T19:48:37.4760000+02:00" endTime="2021-06-15T19:48:37.4870000+02:00" testType="13cdc9d9-ddb5-4fa4-a97d-d965ccfc6d4b" outcome="Passed" testListId="8c84fa94-04c1-424b-9868-57a2d4851a1d">
      <Output>
      </Output>
    </UnitTestResult>
    <UnitTestResult executionId="9abacd2b-494f-440a-89cf-334caefea687" testId="ca8333e6-19f1-b5ba-7675-0bf8d3e81f9d" testName="TestQFIsEquals" computerName="MSSQLSERVER39" duration="00:00:00.0037352" startTime="2021-06-15T19:48:37.4900000+02:00" endTime="2021-06-15T19:48:37.4960000+02:00" testType="13cdc9d9-ddb5-4fa4-a97d-d965ccfc6d4b" outcome="Passed" testListId="8c84fa94-04c1-424b-9868-57a2d4851a1d">
      <Output>
      </Output>
    </UnitTestResult>
    <UnitTestResult executionId="6263708a-947c-4456-9fc9-d29e4dc7cf0c" testId="cf170ac7-d16c-4f73-2bf0-e3aa1db8d08b" testName="TestMyEmailToString" computerName="MSSQLSERVER39" duration="00:00:00.0022611" startTime="2021-06-15T19:48:37.4990000+02:00" endTime="2021-06-15T19:48:37.5030000+02:00" testType="13cdc9d9-ddb5-4fa4-a97d-d965ccfc6d4b" outcome="Passed" testListId="8c84fa94-04c1-424b-9868-57a2d4851a1d">
      <Output>
      </Output>
    </UnitTestResult>
    <UnitTestResult executionId="64512a94-64cf-45fc-8e00-8b2dedcefa70" testId="d09df132-a410-97ea-bab1-db173665cd08" testName="TestLicenceToString" computerName="MSSQLSERVER39" duration="00:00:00.0024517" startTime="2021-06-15T19:48:37.5060000+02:00" endTime="2021-06-15T19:48:37.5110000+02:00" testType="13cdc9d9-ddb5-4fa4-a97d-d965ccfc6d4b" outcome="Passed" testListId="8c84fa94-04c1-424b-9868-57a2d4851a1d">
      <Output>
      </Output>
    </UnitTestResult>
  </Results>
</TestRun>