<?xml version="1.0" encoding="UTF-8"?>
<TestRun id="bc74f0f0-e33f-4a76-a25b-3de0282c8909" name="Administrator@MSSQLSERVER39 2021-06-15 20:05:21" runUser="MSSQLSERVER39\Administrator" xmlns="http://microsoft.com/schemas/VisualStudio/TeamTest/2006">
  <TestRunConfiguration name="Local Test Run" id="880ca435-a7ba-4af6-b394-39520a2b3609">
    <Description>This is a default test run configuration for a local test run.</Description>
    <Deployment runDeploymentRoot="C:\Users\Administrator\Desktop\Project\TestResults\Administrator_MSSQLSERVER39 2021-06-15 20_05_21" />
    <TestTypeSpecific />
  </TestRunConfiguration>
  <ResultSummary outcome="Failed">
    <Counters total="25" executed="25" passed="24" error="0" failed="1" timeout="0" aborted="0" inconclusive="0" passedButRunAborted="0" notRunnable="0" notExecuted="0" disconnected="0" warning="0" completed="0" inProgress="0" pending="0" />
  </ResultSummary>
  <Times creation="2021-06-15T20:05:21.9820000+02:00" queuing="2021-06-15T20:05:22.4760000+02:00" start="2021-06-15T20:05:22.6100000+02:00" finish="2021-06-15T20:05:23.3890000+02:00" />
  <TestDefinitions>
    <UnitTest name="TestQFGetA" storage="c:\users\administrator\desktop\project\testproject\bin\debug\testproject.dll" id="186f1b62-9173-bebe-5edd-7133ae1cc09d">
      <Css projectStructure="" iteration="" />
      <Owners>
        <Owner name="" />
      </Owners>
      <Execution id="ac8be32c-30b2-40a7-b50f-d46a1a3ce3f7" />
      <TestMethod codeBase="C:\Users\Administrator\Desktop\Project\TestProject\bin\Debug\TestProject.dll" adapterTypeName="Microsoft.VisualStudio.TestTools.TestTypes.Unit.UnitTestAdapter, Microsoft.VisualStudio.QualityTools.Tips.UnitTest.Adapter, Version=9.0.0.0, Culture=neutral, PublicKeyToken=b03f5f7f11d50a3a" className="UnitTests.TestQuadraticFunction, TestProject" name="TestQFGetA" />
    </UnitTest>
    <UnitTest name="TestQFGetC" storage="c:\users\administrator\desktop\project\testproject\bin\debug\testproject.dll" id="b16e7e89-d1c2-004c-927b-a54aa5325541">
      <Css projectStructure="" iteration="" />
      <Owners>
        <Owner name="" />
      </Owners>
      <Execution id="9acbf5b8-017c-419d-a055-f17861dfb844" />
      <TestMethod codeBase="C:\Users\Administrator\Desktop\Project\TestProject\bin\Debug\TestProject.dll" adapterTypeName="Microsoft.VisualStudio.TestTools.TestTypes.Unit.UnitTestAdapter, Microsoft.VisualStudio.QualityTools.Tips.UnitTest.Adapter, Version=9.0.0.0, Culture=neutral, PublicKeyToken=b03f5f7f11d50a3a" className="UnitTests.TestQuadraticFunction, TestProject" name="TestQFGetC" />
    </UnitTest>
    <UnitTest name="TestLicenceSetDate" storage="c:\users\administrator\desktop\project\testproject\bin\debug\testproject.dll" id="bb5511aa-1a3b-f10d-173c-32ead277c471">
      <Css projectStructure="" iteration="" />
      <Owners>
        <Owner name="" />
      </Owners>
      <Execution id="57307f8a-6f20-40d2-bc05-2e83fbcc77f7" />
      <TestMethod codeBase="C:\Users\Administrator\Desktop\Project\TestProject\bin\Debug\TestProject.dll" adapterTypeName="Microsoft.VisualStudio.TestTools.TestTypes.Unit.UnitTestAdapter, Microsoft.VisualStudio.QualityTools.Tips.UnitTest.Adapter, Version=9.0.0.0, Culture=neutral, PublicKeyToken=b03f5f7f11d50a3a" className="UnitTests.TestLicence, TestProject" name="TestLicenceSetDate" />
    </UnitTest>
    <UnitTest name="TestLicenceCategory" storage="c:\users\administrator\desktop\project\testproject\bin\debug\testproject.dll" id="04465a46-30f2-fc3c-125f-511bd334e80b">
      <Css projectStructure="" iteration="" />
      <Owners>
        <Owner name="" />
      </Owners>
      <Execution id="d1e8bb72-5a22-4133-b874-6a88124d1f2c" />
      <TestMethod codeBase="C:\Users\Administrator\Desktop\Project\TestProject\bin\Debug\TestProject.dll" adapterTypeName="Microsoft.VisualStudio.TestTools.TestTypes.Unit.UnitTestAdapter, Microsoft.VisualStudio.QualityTools.Tips.UnitTest.Adapter, Version=9.0.0.0, Culture=neutral, PublicKeyToken=b03f5f7f11d50a3a" className="UnitTests.TestLicence, TestProject" name="TestLicenceCategory" />
    </UnitTest>
    <UnitTest name="TestLicenceDate" storage="c:\users\administrator\desktop\project\testproject\bin\debug\testproject.dll" id="0b9f4946-b54b-47da-a63b-9a6ad262bc18">
      <Css projectStructure="" iteration="" />
      <Owners>
        <Owner name="" />
      </Owners>
      <Execution id="9d23206a-6110-40d9-8821-f8d4a57ac4bd" />
      <TestMethod codeBase="C:\Users\Administrator\Desktop\Project\TestProject\bin\Debug\TestProject.dll" adapterTypeName="Microsoft.VisualStudio.TestTools.TestTypes.Unit.UnitTestAdapter, Microsoft.VisualStudio.QualityTools.Tips.UnitTest.Adapter, Version=9.0.0.0, Culture=neutral, PublicKeyToken=b03f5f7f11d50a3a" className="UnitTests.TestLicence, TestProject" name="TestLicenceDate" />
    </UnitTest>
    <UnitTest name="TestCarPlateProvince" storage="c:\users\administrator\desktop\project\testproject\bin\debug\testproject.dll" id="66faaddd-b33a-c7e8-4951-f0338dbd3a08">
      <Css projectStructure="" iteration="" />
      <Owners>
        <Owner name="" />
      </Owners>
      <Execution id="06520bfa-1f6d-419b-8cb3-0b96927819a3" />
      <TestMethod codeBase="C:\Users\Administrator\Desktop\Project\TestProject\bin\Debug\TestProject.dll" adapterTypeName="Microsoft.VisualStudio.TestTools.TestTypes.Unit.UnitTestAdapter, Microsoft.VisualStudio.QualityTools.Tips.UnitTest.Adapter, Version=9.0.0.0, Culture=neutral, PublicKeyToken=b03f5f7f11d50a3a" className="UnitTests.TestCarPlate, TestProject" name="TestCarPlateProvince" />
    </UnitTest>
    <UnitTest name="TestQFIsEquals" storage="c:\users\administrator\desktop\project\testproject\bin\debug\testproject.dll" id="ca8333e6-19f1-b5ba-7675-0bf8d3e81f9d">
      <Css projectStructure="" iteration="" />
      <Owners>
        <Owner name="" />
      </Owners>
      <Execution id="63033fcd-db89-4744-9848-04697372aeb4" />
      <TestMethod codeBase="C:\Users\Administrator\Desktop\Project\TestProject\bin\Debug\TestProject.dll" adapterTypeName="Microsoft.VisualStudio.TestTools.TestTypes.Unit.UnitTestAdapter, Microsoft.VisualStudio.QualityTools.Tips.UnitTest.Adapter, Version=9.0.0.0, Culture=neutral, PublicKeyToken=b03f5f7f11d50a3a" className="UnitTests.TestQuadraticFunction, TestProject" name="TestQFIsEquals" />
    </UnitTest>
    <UnitTest name="TestMyEmailSameUser" storage="c:\users\administrator\desktop\project\testproject\bin\debug\testproject.dll" id="ab7655e3-8426-fa4e-6af7-caaad70ffc7a">
      <Css projectStructure="" iteration="" />
      <Owners>
        <Owner name="" />
      </Owners>
      <Execution id="a7b37629-df20-4101-8ab7-4336b87dae21" />
      <TestMethod codeBase="C:\Users\Administrator\Desktop\Project\TestProject\bin\Debug\TestProject.dll" adapterTypeName="Microsoft.VisualStudio.TestTools.TestTypes.Unit.UnitTestAdapter, Microsoft.VisualStudio.QualityTools.Tips.UnitTest.Adapter, Version=9.0.0.0, Culture=neutral, PublicKeyToken=b03f5f7f11d50a3a" className="UnitTests.TestMyEmail, TestProject" name="TestMyEmailSameUser" />
    </UnitTest>
    <UnitTest name="TestQFCountMaxMin" storage="c:\users\administrator\desktop\project\testproject\bin\debug\testproject.dll" id="17998604-412a-8be4-2b8b-93e66128ac2d">
      <Css projectStructure="" iteration="" />
      <Owners>
        <Owner name="" />
      </Owners>
      <Execution id="860a80bb-f1dd-4bc4-ad6f-17d299b2219b" />
      <TestMethod codeBase="C:\Users\Administrator\Desktop\Project\TestProject\bin\Debug\TestProject.dll" adapterTypeName="Microsoft.VisualStudio.TestTools.TestTypes.Unit.UnitTestAdapter, Microsoft.VisualStudio.QualityTools.Tips.UnitTest.Adapter, Version=9.0.0.0, Culture=neutral, PublicKeyToken=b03f5f7f11d50a3a" className="UnitTests.TestQuadraticFunction, TestProject" name="TestQFCountMaxMin" />
    </UnitTest>
    <UnitTest name="TestMyEmailToString" storage="c:\users\administrator\desktop\project\testproject\bin\debug\testproject.dll" id="cf170ac7-d16c-4f73-2bf0-e3aa1db8d08b">
      <Css projectStructure="" iteration="" />
      <Owners>
        <Owner name="" />
      </Owners>
      <Execution id="8a2900b8-d9d3-4a2d-8565-5346df6851cd" />
      <TestMethod codeBase="C:\Users\Administrator\Desktop\Project\TestProject\bin\Debug\TestProject.dll" adapterTypeName="Microsoft.VisualStudio.TestTools.TestTypes.Unit.UnitTestAdapter, Microsoft.VisualStudio.QualityTools.Tips.UnitTest.Adapter, Version=9.0.0.0, Culture=neutral, PublicKeyToken=b03f5f7f11d50a3a" className="UnitTests.TestMyEmail, TestProject" name="TestMyEmailToString" />
    </UnitTest>
    <UnitTest name="TestQFToString" storage="c:\users\administrator\desktop\project\testproject\bin\debug\testproject.dll" id="243e91bb-e65b-fa13-6d38-d3cb12dc83c7">
      <Css projectStructure="" iteration="" />
      <Owners>
        <Owner name="" />
      </Owners>
      <Execution id="70ae44c2-32d2-497c-b2ab-e24d4d74a188" />
      <TestMethod codeBase="C:\Users\Administrator\Desktop\Project\TestProject\bin\Debug\TestProject.dll" adapterTypeName="Microsoft.VisualStudio.TestTools.TestTypes.Unit.UnitTestAdapter, Microsoft.VisualStudio.QualityTools.Tips.UnitTest.Adapter, Version=9.0.0.0, Culture=neutral, PublicKeyToken=b03f5f7f11d50a3a" className="UnitTests.TestQuadraticFunction, TestProject" name="TestQFToString" />
    </UnitTest>
    <UnitTest name="TestQFGetB" storage="c:\users\administrator\desktop\project\testproject\bin\debug\testproject.dll" id="7b9ac5fb-52f9-8d7f-532f-ba2ccfbfd59a">
      <Css projectStructure="" iteration="" />
      <Owners>
        <Owner name="" />
      </Owners>
      <Execution id="b419f27c-24e9-4fea-b039-f4623b74164b" />
      <TestMethod codeBase="C:\Users\Administrator\Desktop\Project\TestProject\bin\Debug\TestProject.dll" adapterTypeName="Microsoft.VisualStudio.TestTools.TestTypes.Unit.UnitTestAdapter, Microsoft.VisualStudio.QualityTools.Tips.UnitTest.Adapter, Version=9.0.0.0, Culture=neutral, PublicKeyToken=b03f5f7f11d50a3a" className="UnitTests.TestQuadraticFunction, TestProject" name="TestQFGetB" />
    </UnitTest>
    <UnitTest name="TestMyEmailSameUser" storage="c:\users\administrator\desktop\project\testproject\bin\debug\testproject.dll" id="b7b536cc-4349-c665-4b95-a8867304852c">
      <Css projectStructure="" iteration="" />
      <Owners>
        <Owner name="" />
      </Owners>
      <Execution id="bb25ec60-9e06-4941-86ed-002607dcd5c3" />
      <TestMethod codeBase="C:\Users\Administrator\Desktop\Project\TestProject\bin\Debug\TestProject.dll" adapterTypeName="Microsoft.VisualStudio.TestTools.TestTypes.Unit.UnitTestAdapter, Microsoft.VisualStudio.QualityTools.Tips.UnitTest.Adapter, Version=9.0.0.0, Culture=neutral, PublicKeyToken=b03f5f7f11d50a3a" className="UnitTests.TestCarPlate, TestProject" name="TestMyEmailSameUser" />
    </UnitTest>
    <UnitTest name="TestMyEmailChangeHost" storage="c:\users\administrator\desktop\project\testproject\bin\debug\testproject.dll" id="c1d0cf64-6dd0-2479-581f-f16a3867a8ce">
      <Css projectStructure="" iteration="" />
      <Owners>
        <Owner name="" />
      </Owners>
      <Execution id="d7d43e44-3f7a-41d2-a03c-9db9dd78422b" />
      <TestMethod codeBase="C:\Users\Administrator\Desktop\Project\TestProject\bin\Debug\TestProject.dll" adapterTypeName="Microsoft.VisualStudio.TestTools.TestTypes.Unit.UnitTestAdapter, Microsoft.VisualStudio.QualityTools.Tips.UnitTest.Adapter, Version=9.0.0.0, Culture=neutral, PublicKeyToken=b03f5f7f11d50a3a" className="UnitTests.TestMyEmail, TestProject" name="TestMyEmailChangeHost" />
    </UnitTest>
    <UnitTest name="TestRGBColorIsEquals" storage="c:\users\administrator\desktop\project\testproject\bin\debug\testproject.dll" id="c896915c-dba9-1a42-1ab4-5937a105a3a2">
      <Css projectStructure="" iteration="" />
      <Owners>
        <Owner name="" />
      </Owners>
      <Execution id="d78d18a9-1032-4f04-9fa3-4003fe164c5f" />
      <TestMethod codeBase="C:\Users\Administrator\Desktop\Project\TestProject\bin\Debug\TestProject.dll" adapterTypeName="Microsoft.VisualStudio.TestTools.TestTypes.Unit.UnitTestAdapter, Microsoft.VisualStudio.QualityTools.Tips.UnitTest.Adapter, Version=9.0.0.0, Culture=neutral, PublicKeyToken=b03f5f7f11d50a3a" className="UnitTests.TestRGBColor, TestProject" name="TestRGBColorIsEquals" />
    </UnitTest>
    <UnitTest name="TestRGBColorToString" storage="c:\users\administrator\desktop\project\testproject\bin\debug\testproject.dll" id="6555fe09-232a-2db8-9572-82f6ed602158">
      <Css projectStructure="" iteration="" />
      <Owners>
        <Owner name="" />
      </Owners>
      <Execution id="7d4ab020-aa47-4cf6-ad58-2a43641730b2" />
      <TestMethod codeBase="C:\Users\Administrator\Desktop\Project\TestProject\bin\Debug\TestProject.dll" adapterTypeName="Microsoft.VisualStudio.TestTools.TestTypes.Unit.UnitTestAdapter, Microsoft.VisualStudio.QualityTools.Tips.UnitTest.Adapter, Version=9.0.0.0, Culture=neutral, PublicKeyToken=b03f5f7f11d50a3a" className="UnitTests.TestRGBColor, TestProject" name="TestRGBColorToString" />
    </UnitTest>
    <UnitTest name="TestMyEmailHost" storage="c:\users\administrator\desktop\project\testproject\bin\debug\testproject.dll" id="45dcc9a5-40b6-2a23-1c49-398e17984ac9">
      <Css projectStructure="" iteration="" />
      <Owners>
        <Owner name="" />
      </Owners>
      <Execution id="59330672-6bc7-41c7-8cab-6b1b246fbc80" />
      <TestMethod codeBase="C:\Users\Administrator\Desktop\Project\TestProject\bin\Debug\TestProject.dll" adapterTypeName="Microsoft.VisualStudio.TestTools.TestTypes.Unit.UnitTestAdapter, Microsoft.VisualStudio.QualityTools.Tips.UnitTest.Adapter, Version=9.0.0.0, Culture=neutral, PublicKeyToken=b03f5f7f11d50a3a" className="UnitTests.TestMyEmail, TestProject" name="TestMyEmailHost" />
    </UnitTest>
    <UnitTest name="TestRGBColorB" storage="c:\users\administrator\desktop\project\testproject\bin\debug\testproject.dll" id="dbac55ef-8578-d94b-3844-136000642542">
      <Css projectStructure="" iteration="" />
      <Owners>
        <Owner name="" />
      </Owners>
      <Execution id="e7c8121e-c2b4-474e-8459-1d71333c1612" />
      <TestMethod codeBase="C:\Users\Administrator\Desktop\Project\TestProject\bin\Debug\TestProject.dll" adapterTypeName="Microsoft.VisualStudio.TestTools.TestTypes.Unit.UnitTestAdapter, Microsoft.VisualStudio.QualityTools.Tips.UnitTest.Adapter, Version=9.0.0.0, Culture=neutral, PublicKeyToken=b03f5f7f11d50a3a" className="UnitTests.TestRGBColor, TestProject" name="TestRGBColorB" />
    </UnitTest>
    <UnitTest name="TestRGBColorG" storage="c:\users\administrator\desktop\project\testproject\bin\debug\testproject.dll" id="1b1b5f95-3a22-323b-d233-7d627e9fbd8a">
      <Css projectStructure="" iteration="" />
      <Owners>
        <Owner name="" />
      </Owners>
      <Execution id="f2ec34a8-0500-4600-b09d-f3701f93489a" />
      <TestMethod codeBase="C:\Users\Administrator\Desktop\Project\TestProject\bin\Debug\TestProject.dll" adapterTypeName="Microsoft.VisualStudio.TestTools.TestTypes.Unit.UnitTestAdapter, Microsoft.VisualStudio.QualityTools.Tips.UnitTest.Adapter, Version=9.0.0.0, Culture=neutral, PublicKeyToken=b03f5f7f11d50a3a" className="UnitTests.TestRGBColor, TestProject" name="TestRGBColorG" />
    </UnitTest>
    <UnitTest name="TestMyEmailUsername" storage="c:\users\administrator\desktop\project\testproject\bin\debug\testproject.dll" id="b28ceb0f-9bd6-cccd-8f2b-ab3496c146fb">
      <Css projectStructure="" iteration="" />
      <Owners>
        <Owner name="" />
      </Owners>
      <Execution id="7ba7dd45-704d-4d99-a100-b270eb395423" />
      <TestMethod codeBase="C:\Users\Administrator\Desktop\Project\TestProject\bin\Debug\TestProject.dll" adapterTypeName="Microsoft.VisualStudio.TestTools.TestTypes.Unit.UnitTestAdapter, Microsoft.VisualStudio.QualityTools.Tips.UnitTest.Adapter, Version=9.0.0.0, Culture=neutral, PublicKeyToken=b03f5f7f11d50a3a" className="UnitTests.TestMyEmail, TestProject" name="TestMyEmailUsername" />
    </UnitTest>
    <UnitTest name="TestRGBColorR" storage="c:\users\administrator\desktop\project\testproject\bin\debug\testproject.dll" id="0283d3bb-da66-af3f-2b29-2ec8a740e184">
      <Css projectStructure="" iteration="" />
      <Owners>
        <Owner name="" />
      </Owners>
      <Execution id="6f8e1fd8-be09-4bc8-bfbd-b69fabcef9ca" />
      <TestMethod codeBase="C:\Users\Administrator\Desktop\Project\TestProject\bin\Debug\TestProject.dll" adapterTypeName="Microsoft.VisualStudio.TestTools.TestTypes.Unit.UnitTestAdapter, Microsoft.VisualStudio.QualityTools.Tips.UnitTest.Adapter, Version=9.0.0.0, Culture=neutral, PublicKeyToken=b03f5f7f11d50a3a" className="UnitTests.TestRGBColor, TestProject" name="TestRGBColorR" />
    </UnitTest>
    <UnitTest name="TestCarPlateToString" storage="c:\users\administrator\desktop\project\testproject\bin\debug\testproject.dll" id="c012ad93-67d4-ed04-ae6a-743ab2584856">
      <Css projectStructure="" iteration="" />
      <Owners>
        <Owner name="" />
      </Owners>
      <Execution id="9df3f583-8068-4d20-b237-b41d67c0a3c8" />
      <TestMethod codeBase="C:\Users\Administrator\Desktop\Project\TestProject\bin\Debug\TestProject.dll" adapterTypeName="Microsoft.VisualStudio.TestTools.TestTypes.Unit.UnitTestAdapter, Microsoft.VisualStudio.QualityTools.Tips.UnitTest.Adapter, Version=9.0.0.0, Culture=neutral, PublicKeyToken=b03f5f7f11d50a3a" className="UnitTests.TestCarPlate, TestProject" name="TestCarPlateToString" />
    </UnitTest>
    <UnitTest name="TestLicenceToString" storage="c:\users\administrator\desktop\project\testproject\bin\debug\testproject.dll" id="d09df132-a410-97ea-bab1-db173665cd08">
      <Css projectStructure="" iteration="" />
      <Owners>
        <Owner name="" />
      </Owners>
      <Execution id="5adf1303-a2d0-4c21-af5c-10742fe04683" />
      <TestMethod codeBase="C:\Users\Administrator\Desktop\Project\TestProject\bin\Debug\TestProject.dll" adapterTypeName="Microsoft.VisualStudio.TestTools.TestTypes.Unit.UnitTestAdapter, Microsoft.VisualStudio.QualityTools.Tips.UnitTest.Adapter, Version=9.0.0.0, Culture=neutral, PublicKeyToken=b03f5f7f11d50a3a" className="UnitTests.TestLicence, TestProject" name="TestLicenceToString" />
    </UnitTest>
    <UnitTest name="TestRGBColorAdd" storage="c:\users\administrator\desktop\project\testproject\bin\debug\testproject.dll" id="eeaeb523-7d26-0e1d-3071-75d9df211c8f">
      <Css projectStructure="" iteration="" />
      <Owners>
        <Owner name="" />
      </Owners>
      <Execution id="1532b3ee-61ba-4f09-a928-31b1f75410c9" />
      <TestMethod codeBase="C:\Users\Administrator\Desktop\Project\TestProject\bin\Debug\TestProject.dll" adapterTypeName="Microsoft.VisualStudio.TestTools.TestTypes.Unit.UnitTestAdapter, Microsoft.VisualStudio.QualityTools.Tips.UnitTest.Adapter, Version=9.0.0.0, Culture=neutral, PublicKeyToken=b03f5f7f11d50a3a" className="UnitTests.TestRGBColor, TestProject" name="TestRGBColorAdd" />
    </UnitTest>
    <UnitTest name="TestCarPlateNumber" storage="c:\users\administrator\desktop\project\testproject\bin\debug\testproject.dll" id="aed30aa9-a98a-df1d-e554-00aa57416ea1">
      <Css projectStructure="" iteration="" />
      <Owners>
        <Owner name="" />
      </Owners>
      <Execution id="29155366-3517-474a-b382-3ec4aeeb4dbe" />
      <TestMethod codeBase="C:\Users\Administrator\Desktop\Project\TestProject\bin\Debug\TestProject.dll" adapterTypeName="Microsoft.VisualStudio.TestTools.TestTypes.Unit.UnitTestAdapter, Microsoft.VisualStudio.QualityTools.Tips.UnitTest.Adapter, Version=9.0.0.0, Culture=neutral, PublicKeyToken=b03f5f7f11d50a3a" className="UnitTests.TestCarPlate, TestProject" name="TestCarPlateNumber" />
    </UnitTest>
  </TestDefinitions>
  <TestLists>
    <TestList name="Results Not in a List" id="8c84fa94-04c1-424b-9868-57a2d4851a1d" />
    <TestList name="All Loaded Results" id="19431567-8539-422a-85d7-44ee4e166bda" />
  </TestLists>
  <TestEntries>
    <TestEntry testId="0283d3bb-da66-af3f-2b29-2ec8a740e184" executionId="6f8e1fd8-be09-4bc8-bfbd-b69fabcef9ca" testListId="8c84fa94-04c1-424b-9868-57a2d4851a1d" />
    <TestEntry testId="04465a46-30f2-fc3c-125f-511bd334e80b" executionId="d1e8bb72-5a22-4133-b874-6a88124d1f2c" testListId="8c84fa94-04c1-424b-9868-57a2d4851a1d" />
    <TestEntry testId="0b9f4946-b54b-47da-a63b-9a6ad262bc18" executionId="9d23206a-6110-40d9-8821-f8d4a57ac4bd" testListId="8c84fa94-04c1-424b-9868-57a2d4851a1d" />
    <TestEntry testId="17998604-412a-8be4-2b8b-93e66128ac2d" executionId="860a80bb-f1dd-4bc4-ad6f-17d299b2219b" testListId="8c84fa94-04c1-424b-9868-57a2d4851a1d" />
    <TestEntry testId="186f1b62-9173-bebe-5edd-7133ae1cc09d" executionId="ac8be32c-30b2-40a7-b50f-d46a1a3ce3f7" testListId="8c84fa94-04c1-424b-9868-57a2d4851a1d" />
    <TestEntry testId="1b1b5f95-3a22-323b-d233-7d627e9fbd8a" executionId="f2ec34a8-0500-4600-b09d-f3701f93489a" testListId="8c84fa94-04c1-424b-9868-57a2d4851a1d" />
    <TestEntry testId="243e91bb-e65b-fa13-6d38-d3cb12dc83c7" executionId="70ae44c2-32d2-497c-b2ab-e24d4d74a188" testListId="8c84fa94-04c1-424b-9868-57a2d4851a1d" />
    <TestEntry testId="45dcc9a5-40b6-2a23-1c49-398e17984ac9" executionId="59330672-6bc7-41c7-8cab-6b1b246fbc80" testListId="8c84fa94-04c1-424b-9868-57a2d4851a1d" />
    <TestEntry testId="6555fe09-232a-2db8-9572-82f6ed602158" executionId="7d4ab020-aa47-4cf6-ad58-2a43641730b2" testListId="8c84fa94-04c1-424b-9868-57a2d4851a1d" />
    <TestEntry testId="66faaddd-b33a-c7e8-4951-f0338dbd3a08" executionId="06520bfa-1f6d-419b-8cb3-0b96927819a3" testListId="8c84fa94-04c1-424b-9868-57a2d4851a1d" />
    <TestEntry testId="7b9ac5fb-52f9-8d7f-532f-ba2ccfbfd59a" executionId="b419f27c-24e9-4fea-b039-f4623b74164b" testListId="8c84fa94-04c1-424b-9868-57a2d4851a1d" />
    <TestEntry testId="ab7655e3-8426-fa4e-6af7-caaad70ffc7a" executionId="a7b37629-df20-4101-8ab7-4336b87dae21" testListId="8c84fa94-04c1-424b-9868-57a2d4851a1d" />
    <TestEntry testId="aed30aa9-a98a-df1d-e554-00aa57416ea1" executionId="29155366-3517-474a-b382-3ec4aeeb4dbe" testListId="8c84fa94-04c1-424b-9868-57a2d4851a1d" />
    <TestEntry testId="b16e7e89-d1c2-004c-927b-a54aa5325541" executionId="9acbf5b8-017c-419d-a055-f17861dfb844" testListId="8c84fa94-04c1-424b-9868-57a2d4851a1d" />
    <TestEntry testId="b28ceb0f-9bd6-cccd-8f2b-ab3496c146fb" executionId="7ba7dd45-704d-4d99-a100-b270eb395423" testListId="8c84fa94-04c1-424b-9868-57a2d4851a1d" />
    <TestEntry testId="b7b536cc-4349-c665-4b95-a8867304852c" executionId="bb25ec60-9e06-4941-86ed-002607dcd5c3" testListId="8c84fa94-04c1-424b-9868-57a2d4851a1d" />
    <TestEntry testId="bb5511aa-1a3b-f10d-173c-32ead277c471" executionId="57307f8a-6f20-40d2-bc05-2e83fbcc77f7" testListId="8c84fa94-04c1-424b-9868-57a2d4851a1d" />
    <TestEntry testId="c012ad93-67d4-ed04-ae6a-743ab2584856" executionId="9df3f583-8068-4d20-b237-b41d67c0a3c8" testListId="8c84fa94-04c1-424b-9868-57a2d4851a1d" />
    <TestEntry testId="c1d0cf64-6dd0-2479-581f-f16a3867a8ce" executionId="d7d43e44-3f7a-41d2-a03c-9db9dd78422b" testListId="8c84fa94-04c1-424b-9868-57a2d4851a1d" />
    <TestEntry testId="c896915c-dba9-1a42-1ab4-5937a105a3a2" executionId="d78d18a9-1032-4f04-9fa3-4003fe164c5f" testListId="8c84fa94-04c1-424b-9868-57a2d4851a1d" />
    <TestEntry testId="ca8333e6-19f1-b5ba-7675-0bf8d3e81f9d" executionId="63033fcd-db89-4744-9848-04697372aeb4" testListId="8c84fa94-04c1-424b-9868-57a2d4851a1d" />
    <TestEntry testId="cf170ac7-d16c-4f73-2bf0-e3aa1db8d08b" executionId="8a2900b8-d9d3-4a2d-8565-5346df6851cd" testListId="8c84fa94-04c1-424b-9868-57a2d4851a1d" />
    <TestEntry testId="d09df132-a410-97ea-bab1-db173665cd08" executionId="5adf1303-a2d0-4c21-af5c-10742fe04683" testListId="8c84fa94-04c1-424b-9868-57a2d4851a1d" />
    <TestEntry testId="dbac55ef-8578-d94b-3844-136000642542" executionId="e7c8121e-c2b4-474e-8459-1d71333c1612" testListId="8c84fa94-04c1-424b-9868-57a2d4851a1d" />
    <TestEntry testId="eeaeb523-7d26-0e1d-3071-75d9df211c8f" executionId="1532b3ee-61ba-4f09-a928-31b1f75410c9" testListId="8c84fa94-04c1-424b-9868-57a2d4851a1d" />
  </TestEntries>
  <Results>
    <UnitTestResult executionId="6f8e1fd8-be09-4bc8-bfbd-b69fabcef9ca" testId="0283d3bb-da66-af3f-2b29-2ec8a740e184" testName="TestRGBColorR" computerName="MSSQLSERVER39" duration="00:00:00.0040321" startTime="2021-06-15T20:05:22.6540000+02:00" endTime="2021-06-15T20:05:22.8670000+02:00" testType="13cdc9d9-ddb5-4fa4-a97d-d965ccfc6d4b" outcome="Passed" testListId="8c84fa94-04c1-424b-9868-57a2d4851a1d">
      <Output>
      </Output>
    </UnitTestResult>
    <UnitTestResult executionId="d1e8bb72-5a22-4133-b874-6a88124d1f2c" testId="04465a46-30f2-fc3c-125f-511bd334e80b" testName="TestLicenceCategory" computerName="MSSQLSERVER39" duration="00:00:00.0034927" startTime="2021-06-15T20:05:22.8700000+02:00" endTime="2021-06-15T20:05:22.8820000+02:00" testType="13cdc9d9-ddb5-4fa4-a97d-d965ccfc6d4b" outcome="Passed" testListId="8c84fa94-04c1-424b-9868-57a2d4851a1d">
      <Output>
      </Output>
    </UnitTestResult>
    <UnitTestResult executionId="9d23206a-6110-40d9-8821-f8d4a57ac4bd" testId="0b9f4946-b54b-47da-a63b-9a6ad262bc18" testName="TestLicenceDate" computerName="MSSQLSERVER39" duration="00:00:00.0027314" startTime="2021-06-15T20:05:22.8850000+02:00" endTime="2021-06-15T20:05:22.8910000+02:00" testType="13cdc9d9-ddb5-4fa4-a97d-d965ccfc6d4b" outcome="Passed" testListId="8c84fa94-04c1-424b-9868-57a2d4851a1d">
      <Output>
      </Output>
    </UnitTestResult>
    <UnitTestResult executionId="860a80bb-f1dd-4bc4-ad6f-17d299b2219b" testId="17998604-412a-8be4-2b8b-93e66128ac2d" testName="TestQFCountMaxMin" computerName="MSSQLSERVER39" duration="00:00:00.0053653" startTime="2021-06-15T20:05:22.8930000+02:00" endTime="2021-06-15T20:05:22.9070000+02:00" testType="13cdc9d9-ddb5-4fa4-a97d-d965ccfc6d4b" outcome="Passed" testListId="8c84fa94-04c1-424b-9868-57a2d4851a1d">
      <Output>
      </Output>
    </UnitTestResult>
    <UnitTestResult executionId="ac8be32c-30b2-40a7-b50f-d46a1a3ce3f7" testId="186f1b62-9173-bebe-5edd-7133ae1cc09d" testName="TestQFGetA" computerName="MSSQLSERVER39" duration="00:00:00.0014393" startTime="2021-06-15T20:05:22.9130000+02:00" endTime="2021-06-15T20:05:22.9170000+02:00" testType="13cdc9d9-ddb5-4fa4-a97d-d965ccfc6d4b" outcome="Passed" testListId="8c84fa94-04c1-424b-9868-57a2d4851a1d">
      <Output>
        <StdOut>Invalid column name 'QuadFunID'.
The multi-part identifier "QuadFun.A" could not be bound.</StdOut>
      </Output>
    </UnitTestResult>
    <UnitTestResult executionId="f2ec34a8-0500-4600-b09d-f3701f93489a" testId="1b1b5f95-3a22-323b-d233-7d627e9fbd8a" testName="TestRGBColorG" computerName="MSSQLSERVER39" duration="00:00:00.0027052" startTime="2021-06-15T20:05:22.9190000+02:00" endTime="2021-06-15T20:05:22.9250000+02:00" testType="13cdc9d9-ddb5-4fa4-a97d-d965ccfc6d4b" outcome="Passed" testListId="8c84fa94-04c1-424b-9868-57a2d4851a1d">
      <Output>
      </Output>
    </UnitTestResult>
    <UnitTestResult executionId="70ae44c2-32d2-497c-b2ab-e24d4d74a188" testId="243e91bb-e65b-fa13-6d38-d3cb12dc83c7" testName="TestQFToString" computerName="MSSQLSERVER39" duration="00:00:00.0023195" startTime="2021-06-15T20:05:22.9270000+02:00" endTime="2021-06-15T20:05:22.9320000+02:00" testType="13cdc9d9-ddb5-4fa4-a97d-d965ccfc6d4b" outcome="Passed" testListId="8c84fa94-04c1-424b-9868-57a2d4851a1d">
      <Output>
      </Output>
    </UnitTestResult>
    <UnitTestResult executionId="59330672-6bc7-41c7-8cab-6b1b246fbc80" testId="45dcc9a5-40b6-2a23-1c49-398e17984ac9" testName="TestMyEmailHost" computerName="MSSQLSERVER39" duration="00:00:00.0035841" startTime="2021-06-15T20:05:22.9350000+02:00" endTime="2021-06-15T20:05:22.9460000+02:00" testType="13cdc9d9-ddb5-4fa4-a97d-d965ccfc6d4b" outcome="Passed" testListId="8c84fa94-04c1-424b-9868-57a2d4851a1d">
      <Output>
      </Output>
    </UnitTestResult>
    <UnitTestResult executionId="7d4ab020-aa47-4cf6-ad58-2a43641730b2" testId="6555fe09-232a-2db8-9572-82f6ed602158" testName="TestRGBColorToString" computerName="MSSQLSERVER39" duration="00:00:00.0038358" startTime="2021-06-15T20:05:22.9490000+02:00" endTime="2021-06-15T20:05:22.9610000+02:00" testType="13cdc9d9-ddb5-4fa4-a97d-d965ccfc6d4b" outcome="Passed" testListId="8c84fa94-04c1-424b-9868-57a2d4851a1d">
      <Output>
      </Output>
    </UnitTestResult>
    <UnitTestResult executionId="06520bfa-1f6d-419b-8cb3-0b96927819a3" testId="66faaddd-b33a-c7e8-4951-f0338dbd3a08" testName="TestCarPlateProvince" computerName="MSSQLSERVER39" duration="00:00:00.0040796" startTime="2021-06-15T20:05:22.9650000+02:00" endTime="2021-06-15T20:05:23.0160000+02:00" testType="13cdc9d9-ddb5-4fa4-a97d-d965ccfc6d4b" outcome="Passed" testListId="8c84fa94-04c1-424b-9868-57a2d4851a1d">
      <Output>
      </Output>
    </UnitTestResult>
    <UnitTestResult executionId="b419f27c-24e9-4fea-b039-f4623b74164b" testId="7b9ac5fb-52f9-8d7f-532f-ba2ccfbfd59a" testName="TestQFGetB" computerName="MSSQLSERVER39" duration="00:00:00.0013695" startTime="2021-06-15T20:05:23.0200000+02:00" endTime="2021-06-15T20:05:23.0240000+02:00" testType="13cdc9d9-ddb5-4fa4-a97d-d965ccfc6d4b" outcome="Passed" testListId="8c84fa94-04c1-424b-9868-57a2d4851a1d">
      <Output>
        <StdOut>Invalid column name 'QuadFunID'.
The multi-part identifier "QuadFun.B" could not be bound.</StdOut>
      </Output>
    </UnitTestResult>
    <UnitTestResult executionId="a7b37629-df20-4101-8ab7-4336b87dae21" testId="ab7655e3-8426-fa4e-6af7-caaad70ffc7a" testName="TestMyEmailSameUser" computerName="MSSQLSERVER39" duration="00:00:00.0032219" startTime="2021-06-15T20:05:23.0260000+02:00" endTime="2021-06-15T20:05:23.0320000+02:00" testType="13cdc9d9-ddb5-4fa4-a97d-d965ccfc6d4b" outcome="Passed" testListId="8c84fa94-04c1-424b-9868-57a2d4851a1d">
      <Output>
      </Output>
    </UnitTestResult>
    <UnitTestResult executionId="29155366-3517-474a-b382-3ec4aeeb4dbe" testId="aed30aa9-a98a-df1d-e554-00aa57416ea1" testName="TestCarPlateNumber" computerName="MSSQLSERVER39" duration="00:00:00.0026254" startTime="2021-06-15T20:05:23.0340000+02:00" endTime="2021-06-15T20:05:23.0390000+02:00" testType="13cdc9d9-ddb5-4fa4-a97d-d965ccfc6d4b" outcome="Passed" testListId="8c84fa94-04c1-424b-9868-57a2d4851a1d">
      <Output>
      </Output>
    </UnitTestResult>
    <UnitTestResult executionId="9acbf5b8-017c-419d-a055-f17861dfb844" testId="b16e7e89-d1c2-004c-927b-a54aa5325541" testName="TestQFGetC" computerName="MSSQLSERVER39" duration="00:00:00.0012970" startTime="2021-06-15T20:05:23.0420000+02:00" endTime="2021-06-15T20:05:23.0460000+02:00" testType="13cdc9d9-ddb5-4fa4-a97d-d965ccfc6d4b" outcome="Passed" testListId="8c84fa94-04c1-424b-9868-57a2d4851a1d">
      <Output>
        <StdOut>Invalid column name 'QuadFunID'.
The multi-part identifier "QuadFun.C" could not be bound.</StdOut>
      </Output>
    </UnitTestResult>
    <UnitTestResult executionId="7ba7dd45-704d-4d99-a100-b270eb395423" testId="b28ceb0f-9bd6-cccd-8f2b-ab3496c146fb" testName="TestMyEmailUsername" computerName="MSSQLSERVER39" duration="00:00:00.0024839" startTime="2021-06-15T20:05:23.0480000+02:00" endTime="2021-06-15T20:05:23.0530000+02:00" testType="13cdc9d9-ddb5-4fa4-a97d-d965ccfc6d4b" outcome="Passed" testListId="8c84fa94-04c1-424b-9868-57a2d4851a1d">
      <Output>
      </Output>
    </UnitTestResult>
    <UnitTestResult executionId="bb25ec60-9e06-4941-86ed-002607dcd5c3" testId="b7b536cc-4349-c665-4b95-a8867304852c" testName="TestMyEmailSameUser" computerName="MSSQLSERVER39" duration="00:00:00.0013648" startTime="2021-06-15T20:05:23.0560000+02:00" endTime="2021-06-15T20:05:23.0600000+02:00" testType="13cdc9d9-ddb5-4fa4-a97d-d965ccfc6d4b" outcome="Passed" testListId="8c84fa94-04c1-424b-9868-57a2d4851a1d">
      <Output>
        <StdOut>Invalid object name 'testCarPlate'.</StdOut>
      </Output>
    </UnitTestResult>
    <UnitTestResult executionId="57307f8a-6f20-40d2-bc05-2e83fbcc77f7" testId="bb5511aa-1a3b-f10d-173c-32ead277c471" testName="TestLicenceSetDate" computerName="MSSQLSERVER39" duration="00:00:00.0065038" startTime="2021-06-15T20:05:23.0620000+02:00" endTime="2021-06-15T20:05:23.0720000+02:00" testType="13cdc9d9-ddb5-4fa4-a97d-d965ccfc6d4b" outcome="Passed" testListId="8c84fa94-04c1-424b-9868-57a2d4851a1d">
      <Output>
      </Output>
    </UnitTestResult>
    <UnitTestResult executionId="9df3f583-8068-4d20-b237-b41d67c0a3c8" testId="c012ad93-67d4-ed04-ae6a-743ab2584856" testName="TestCarPlateToString" computerName="MSSQLSERVER39" duration="00:00:00.0015659" startTime="2021-06-15T20:05:23.0750000+02:00" endTime="2021-06-15T20:05:23.0790000+02:00" testType="13cdc9d9-ddb5-4fa4-a97d-d965ccfc6d4b" outcome="Passed" testListId="8c84fa94-04c1-424b-9868-57a2d4851a1d">
      <Output>
        <StdOut>Invalid object name 'testCarPlate'.</StdOut>
      </Output>
    </UnitTestResult>
    <UnitTestResult executionId="d7d43e44-3f7a-41d2-a03c-9db9dd78422b" testId="c1d0cf64-6dd0-2479-581f-f16a3867a8ce" testName="TestMyEmailChangeHost" computerName="MSSQLSERVER39" duration="00:00:00.0080123" startTime="2021-06-15T20:05:23.1010000+02:00" endTime="2021-06-15T20:05:23.1120000+02:00" testType="13cdc9d9-ddb5-4fa4-a97d-d965ccfc6d4b" outcome="Passed" testListId="8c84fa94-04c1-424b-9868-57a2d4851a1d">
      <Output>
      </Output>
    </UnitTestResult>
    <UnitTestResult executionId="d78d18a9-1032-4f04-9fa3-4003fe164c5f" testId="c896915c-dba9-1a42-1ab4-5937a105a3a2" testName="TestRGBColorIsEquals" computerName="MSSQLSERVER39" duration="00:00:00.0911374" startTime="2021-06-15T20:05:23.1140000+02:00" endTime="2021-06-15T20:05:23.2080000+02:00" testType="13cdc9d9-ddb5-4fa4-a97d-d965ccfc6d4b" outcome="Failed" testListId="8c84fa94-04c1-424b-9868-57a2d4851a1d">
      <Output>
        <ErrorInfo>
          <Message>Assert.IsFalse failed. </Message>
          <StackTrace>   w UnitTests.TestRGBColor.TestRGBColorIsEquals() w C:\Users\Administrator\Desktop\Project\TestProject\TestRGBColor.cs:wiersz 202
</StackTrace>
        </ErrorInfo>
      </Output>
    </UnitTestResult>
    <UnitTestResult executionId="63033fcd-db89-4744-9848-04697372aeb4" testId="ca8333e6-19f1-b5ba-7675-0bf8d3e81f9d" testName="TestQFIsEquals" computerName="MSSQLSERVER39" duration="00:00:00.0042652" startTime="2021-06-15T20:05:23.2150000+02:00" endTime="2021-06-15T20:05:23.2220000+02:00" testType="13cdc9d9-ddb5-4fa4-a97d-d965ccfc6d4b" outcome="Passed" testListId="8c84fa94-04c1-424b-9868-57a2d4851a1d">
      <Output>
      </Output>
    </UnitTestResult>
    <UnitTestResult executionId="8a2900b8-d9d3-4a2d-8565-5346df6851cd" testId="cf170ac7-d16c-4f73-2bf0-e3aa1db8d08b" testName="TestMyEmailToString" computerName="MSSQLSERVER39" duration="00:00:00.0022800" startTime="2021-06-15T20:05:23.2250000+02:00" endTime="2021-06-15T20:05:23.2300000+02:00" testType="13cdc9d9-ddb5-4fa4-a97d-d965ccfc6d4b" outcome="Passed" testListId="8c84fa94-04c1-424b-9868-57a2d4851a1d">
      <Output>
      </Output>
    </UnitTestResult>
    <UnitTestResult executionId="5adf1303-a2d0-4c21-af5c-10742fe04683" testId="d09df132-a410-97ea-bab1-db173665cd08" testName="TestLicenceToString" computerName="MSSQLSERVER39" duration="00:00:00.0023249" startTime="2021-06-15T20:05:23.2320000+02:00" endTime="2021-06-15T20:05:23.2370000+02:00" testType="13cdc9d9-ddb5-4fa4-a97d-d965ccfc6d4b" outcome="Passed" testListId="8c84fa94-04c1-424b-9868-57a2d4851a1d">
      <Output>
      </Output>
    </UnitTestResult>
    <UnitTestResult executionId="e7c8121e-c2b4-474e-8459-1d71333c1612" testId="dbac55ef-8578-d94b-3844-136000642542" testName="TestRGBColorB" computerName="MSSQLSERVER39" duration="00:00:00.0024848" startTime="2021-06-15T20:05:23.2400000+02:00" endTime="2021-06-15T20:05:23.2450000+02:00" testType="13cdc9d9-ddb5-4fa4-a97d-d965ccfc6d4b" outcome="Passed" testListId="8c84fa94-04c1-424b-9868-57a2d4851a1d">
      <Output>
      </Output>
    </UnitTestResult>
    <UnitTestResult executionId="1532b3ee-61ba-4f09-a928-31b1f75410c9" testId="eeaeb523-7d26-0e1d-3071-75d9df211c8f" testName="TestRGBColorAdd" computerName="MSSQLSERVER39" duration="00:00:00.0056126" startTime="2021-06-15T20:05:23.2470000+02:00" endTime="2021-06-15T20:05:23.2560000+02:00" testType="13cdc9d9-ddb5-4fa4-a97d-d965ccfc6d4b" outcome="Passed" testListId="8c84fa94-04c1-424b-9868-57a2d4851a1d">
      <Output>
      </Output>
    </UnitTestResult>
  </Results>
</TestRun>