<?xml version="1.0" encoding="UTF-8"?>
<TestRun id="268bc3cc-50fc-49d5-af27-36d7c107a22b" name="Administrator@MSSQLSERVER39 2021-06-16 14:05:58" runUser="MSSQLSERVER39\Administrator" xmlns="http://microsoft.com/schemas/VisualStudio/TeamTest/2006">
  <TestRunConfiguration name="Local Test Run" id="880ca435-a7ba-4af6-b394-39520a2b3609">
    <Description>This is a default test run configuration for a local test run.</Description>
    <Deployment runDeploymentRoot="C:\Users\Administrator\Desktop\Project\TestResults\Administrator_MSSQLSERVER39 2021-06-16 14_05_58" />
    <TestTypeSpecific />
  </TestRunConfiguration>
  <ResultSummary outcome="Completed">
    <Counters total="32" executed="32" passed="32" error="0" failed="0" timeout="0" aborted="0" inconclusive="0" passedButRunAborted="0" notRunnable="0" notExecuted="0" disconnected="0" warning="0" completed="0" inProgress="0" pending="0" />
  </ResultSummary>
  <Times creation="2021-06-16T14:05:58.5640000+02:00" queuing="2021-06-16T14:05:59.1650000+02:00" start="2021-06-16T14:05:59.2870000+02:00" finish="2021-06-16T14:06:01.7080000+02:00" />
  <TestDefinitions>
    <UnitTest name="TestViolationToPay" storage="c:\users\administrator\desktop\project\testproject\bin\debug\testproject.dll" id="d1dc5531-a349-756e-9dbe-284982c941bf">
      <Css projectStructure="" iteration="" />
      <Owners>
        <Owner name="" />
      </Owners>
      <Execution id="b7ba84ca-98a4-46be-9421-788aabdc0afd" />
      <TestMethod codeBase="C:\Users\Administrator\Desktop\Project\TestProject\bin\Debug\TestProject.dll" adapterTypeName="Microsoft.VisualStudio.TestTools.TestTypes.Unit.UnitTestAdapter, Microsoft.VisualStudio.QualityTools.Tips.UnitTest.Adapter, Version=9.0.0.0, Culture=neutral, PublicKeyToken=b03f5f7f11d50a3a" className="UnitTests.TestViolation, TestProject" name="TestViolationToPay" />
    </UnitTest>
    <UnitTest name="TestQFGetA" storage="c:\users\administrator\desktop\project\testproject\bin\debug\testproject.dll" id="186f1b62-9173-bebe-5edd-7133ae1cc09d">
      <Css projectStructure="" iteration="" />
      <Owners>
        <Owner name="" />
      </Owners>
      <Execution id="2dd2cbb8-2996-4c07-8030-75721ea0b6a2" />
      <TestMethod codeBase="C:\Users\Administrator\Desktop\Project\TestProject\bin\Debug\TestProject.dll" adapterTypeName="Microsoft.VisualStudio.TestTools.TestTypes.Unit.UnitTestAdapter, Microsoft.VisualStudio.QualityTools.Tips.UnitTest.Adapter, Version=9.0.0.0, Culture=neutral, PublicKeyToken=b03f5f7f11d50a3a" className="UnitTests.TestQuadraticFunction, TestProject" name="TestQFGetA" />
    </UnitTest>
    <UnitTest name="TestQFGetC" storage="c:\users\administrator\desktop\project\testproject\bin\debug\testproject.dll" id="b16e7e89-d1c2-004c-927b-a54aa5325541">
      <Css projectStructure="" iteration="" />
      <Owners>
        <Owner name="" />
      </Owners>
      <Execution id="602850b9-d245-4b38-9a36-6f1b14b38a1a" />
      <TestMethod codeBase="C:\Users\Administrator\Desktop\Project\TestProject\bin\Debug\TestProject.dll" adapterTypeName="Microsoft.VisualStudio.TestTools.TestTypes.Unit.UnitTestAdapter, Microsoft.VisualStudio.QualityTools.Tips.UnitTest.Adapter, Version=9.0.0.0, Culture=neutral, PublicKeyToken=b03f5f7f11d50a3a" className="UnitTests.TestQuadraticFunction, TestProject" name="TestQFGetC" />
    </UnitTest>
    <UnitTest name="TestMyEmailSameUser" storage="c:\users\administrator\desktop\project\testproject\bin\debug\testproject.dll" id="b7b536cc-4349-c665-4b95-a8867304852c">
      <Css projectStructure="" iteration="" />
      <Owners>
        <Owner name="" />
      </Owners>
      <Execution id="b14fee15-e852-4c9d-bf05-960552782608" />
      <TestMethod codeBase="C:\Users\Administrator\Desktop\Project\TestProject\bin\Debug\TestProject.dll" adapterTypeName="Microsoft.VisualStudio.TestTools.TestTypes.Unit.UnitTestAdapter, Microsoft.VisualStudio.QualityTools.Tips.UnitTest.Adapter, Version=9.0.0.0, Culture=neutral, PublicKeyToken=b03f5f7f11d50a3a" className="UnitTests.TestCarPlate, TestProject" name="TestMyEmailSameUser" />
    </UnitTest>
    <UnitTest name="TestLicenceCategory" storage="c:\users\administrator\desktop\project\testproject\bin\debug\testproject.dll" id="04465a46-30f2-fc3c-125f-511bd334e80b">
      <Css projectStructure="" iteration="" />
      <Owners>
        <Owner name="" />
      </Owners>
      <Execution id="b94de6c4-4bd9-4717-99e0-f78315d3712b" />
      <TestMethod codeBase="C:\Users\Administrator\Desktop\Project\TestProject\bin\Debug\TestProject.dll" adapterTypeName="Microsoft.VisualStudio.TestTools.TestTypes.Unit.UnitTestAdapter, Microsoft.VisualStudio.QualityTools.Tips.UnitTest.Adapter, Version=9.0.0.0, Culture=neutral, PublicKeyToken=b03f5f7f11d50a3a" className="UnitTests.TestLicence, TestProject" name="TestLicenceCategory" />
    </UnitTest>
    <UnitTest name="TestLicenceDate" storage="c:\users\administrator\desktop\project\testproject\bin\debug\testproject.dll" id="0b9f4946-b54b-47da-a63b-9a6ad262bc18">
      <Css projectStructure="" iteration="" />
      <Owners>
        <Owner name="" />
      </Owners>
      <Execution id="13c78341-9958-4076-a02d-54f6fc847f86" />
      <TestMethod codeBase="C:\Users\Administrator\Desktop\Project\TestProject\bin\Debug\TestProject.dll" adapterTypeName="Microsoft.VisualStudio.TestTools.TestTypes.Unit.UnitTestAdapter, Microsoft.VisualStudio.QualityTools.Tips.UnitTest.Adapter, Version=9.0.0.0, Culture=neutral, PublicKeyToken=b03f5f7f11d50a3a" className="UnitTests.TestLicence, TestProject" name="TestLicenceDate" />
    </UnitTest>
    <UnitTest name="TestCarPlateProvince" storage="c:\users\administrator\desktop\project\testproject\bin\debug\testproject.dll" id="66faaddd-b33a-c7e8-4951-f0338dbd3a08">
      <Css projectStructure="" iteration="" />
      <Owners>
        <Owner name="" />
      </Owners>
      <Execution id="4f42dd32-957a-4e69-bc1c-ac71fc111f7f" />
      <TestMethod codeBase="C:\Users\Administrator\Desktop\Project\TestProject\bin\Debug\TestProject.dll" adapterTypeName="Microsoft.VisualStudio.TestTools.TestTypes.Unit.UnitTestAdapter, Microsoft.VisualStudio.QualityTools.Tips.UnitTest.Adapter, Version=9.0.0.0, Culture=neutral, PublicKeyToken=b03f5f7f11d50a3a" className="UnitTests.TestCarPlate, TestProject" name="TestCarPlateProvince" />
    </UnitTest>
    <UnitTest name="TestQFIsEquals" storage="c:\users\administrator\desktop\project\testproject\bin\debug\testproject.dll" id="ca8333e6-19f1-b5ba-7675-0bf8d3e81f9d">
      <Css projectStructure="" iteration="" />
      <Owners>
        <Owner name="" />
      </Owners>
      <Execution id="c8317c07-7973-4242-ada4-3a692ee904d1" />
      <TestMethod codeBase="C:\Users\Administrator\Desktop\Project\TestProject\bin\Debug\TestProject.dll" adapterTypeName="Microsoft.VisualStudio.TestTools.TestTypes.Unit.UnitTestAdapter, Microsoft.VisualStudio.QualityTools.Tips.UnitTest.Adapter, Version=9.0.0.0, Culture=neutral, PublicKeyToken=b03f5f7f11d50a3a" className="UnitTests.TestQuadraticFunction, TestProject" name="TestQFIsEquals" />
    </UnitTest>
    <UnitTest name="TestMyEmailSameUser" storage="c:\users\administrator\desktop\project\testproject\bin\debug\testproject.dll" id="ab7655e3-8426-fa4e-6af7-caaad70ffc7a">
      <Css projectStructure="" iteration="" />
      <Owners>
        <Owner name="" />
      </Owners>
      <Execution id="93215340-8684-4531-b3af-44c0168bd77b" />
      <TestMethod codeBase="C:\Users\Administrator\Desktop\Project\TestProject\bin\Debug\TestProject.dll" adapterTypeName="Microsoft.VisualStudio.TestTools.TestTypes.Unit.UnitTestAdapter, Microsoft.VisualStudio.QualityTools.Tips.UnitTest.Adapter, Version=9.0.0.0, Culture=neutral, PublicKeyToken=b03f5f7f11d50a3a" className="UnitTests.TestMyEmail, TestProject" name="TestMyEmailSameUser" />
    </UnitTest>
    <UnitTest name="TestViolationSurcharge" storage="c:\users\administrator\desktop\project\testproject\bin\debug\testproject.dll" id="1894cbf3-67ea-dd49-368d-8e2931508c5b">
      <Css projectStructure="" iteration="" />
      <Owners>
        <Owner name="" />
      </Owners>
      <Execution id="ebf029d0-8644-4f77-a55e-c2b2e52ee07e" />
      <TestMethod codeBase="C:\Users\Administrator\Desktop\Project\TestProject\bin\Debug\TestProject.dll" adapterTypeName="Microsoft.VisualStudio.TestTools.TestTypes.Unit.UnitTestAdapter, Microsoft.VisualStudio.QualityTools.Tips.UnitTest.Adapter, Version=9.0.0.0, Culture=neutral, PublicKeyToken=b03f5f7f11d50a3a" className="UnitTests.TestViolation, TestProject" name="TestViolationSurcharge" />
    </UnitTest>
    <UnitTest name="TestQFCountMaxMin" storage="c:\users\administrator\desktop\project\testproject\bin\debug\testproject.dll" id="17998604-412a-8be4-2b8b-93e66128ac2d">
      <Css projectStructure="" iteration="" />
      <Owners>
        <Owner name="" />
      </Owners>
      <Execution id="1daba2fe-8cb9-4a7b-9029-d7f491852724" />
      <TestMethod codeBase="C:\Users\Administrator\Desktop\Project\TestProject\bin\Debug\TestProject.dll" adapterTypeName="Microsoft.VisualStudio.TestTools.TestTypes.Unit.UnitTestAdapter, Microsoft.VisualStudio.QualityTools.Tips.UnitTest.Adapter, Version=9.0.0.0, Culture=neutral, PublicKeyToken=b03f5f7f11d50a3a" className="UnitTests.TestQuadraticFunction, TestProject" name="TestQFCountMaxMin" />
    </UnitTest>
    <UnitTest name="TestMyEmailToString" storage="c:\users\administrator\desktop\project\testproject\bin\debug\testproject.dll" id="cf170ac7-d16c-4f73-2bf0-e3aa1db8d08b">
      <Css projectStructure="" iteration="" />
      <Owners>
        <Owner name="" />
      </Owners>
      <Execution id="e0b73463-f676-427b-b4d3-6e30bc4d5783" />
      <TestMethod codeBase="C:\Users\Administrator\Desktop\Project\TestProject\bin\Debug\TestProject.dll" adapterTypeName="Microsoft.VisualStudio.TestTools.TestTypes.Unit.UnitTestAdapter, Microsoft.VisualStudio.QualityTools.Tips.UnitTest.Adapter, Version=9.0.0.0, Culture=neutral, PublicKeyToken=b03f5f7f11d50a3a" className="UnitTests.TestMyEmail, TestProject" name="TestMyEmailToString" />
    </UnitTest>
    <UnitTest name="TestQFToString" storage="c:\users\administrator\desktop\project\testproject\bin\debug\testproject.dll" id="243e91bb-e65b-fa13-6d38-d3cb12dc83c7">
      <Css projectStructure="" iteration="" />
      <Owners>
        <Owner name="" />
      </Owners>
      <Execution id="f5056c5a-c774-4643-bd2c-82ef04a88289" />
      <TestMethod codeBase="C:\Users\Administrator\Desktop\Project\TestProject\bin\Debug\TestProject.dll" adapterTypeName="Microsoft.VisualStudio.TestTools.TestTypes.Unit.UnitTestAdapter, Microsoft.VisualStudio.QualityTools.Tips.UnitTest.Adapter, Version=9.0.0.0, Culture=neutral, PublicKeyToken=b03f5f7f11d50a3a" className="UnitTests.TestQuadraticFunction, TestProject" name="TestQFToString" />
    </UnitTest>
    <UnitTest name="TestQFGetB" storage="c:\users\administrator\desktop\project\testproject\bin\debug\testproject.dll" id="7b9ac5fb-52f9-8d7f-532f-ba2ccfbfd59a">
      <Css projectStructure="" iteration="" />
      <Owners>
        <Owner name="" />
      </Owners>
      <Execution id="fc134775-0e63-4459-962c-5ebb98301753" />
      <TestMethod codeBase="C:\Users\Administrator\Desktop\Project\TestProject\bin\Debug\TestProject.dll" adapterTypeName="Microsoft.VisualStudio.TestTools.TestTypes.Unit.UnitTestAdapter, Microsoft.VisualStudio.QualityTools.Tips.UnitTest.Adapter, Version=9.0.0.0, Culture=neutral, PublicKeyToken=b03f5f7f11d50a3a" className="UnitTests.TestQuadraticFunction, TestProject" name="TestQFGetB" />
    </UnitTest>
    <UnitTest name="TestViolationIsPaid" storage="c:\users\administrator\desktop\project\testproject\bin\debug\testproject.dll" id="07cf297a-93b2-363d-1a8d-dc3b5ed06769">
      <Css projectStructure="" iteration="" />
      <Owners>
        <Owner name="" />
      </Owners>
      <Execution id="cb09c22c-35ec-49e6-84cb-8ab4b9dab5c4" />
      <TestMethod codeBase="C:\Users\Administrator\Desktop\Project\TestProject\bin\Debug\TestProject.dll" adapterTypeName="Microsoft.VisualStudio.TestTools.TestTypes.Unit.UnitTestAdapter, Microsoft.VisualStudio.QualityTools.Tips.UnitTest.Adapter, Version=9.0.0.0, Culture=neutral, PublicKeyToken=b03f5f7f11d50a3a" className="UnitTests.TestViolation, TestProject" name="TestViolationIsPaid" />
    </UnitTest>
    <UnitTest name="TestViolationSetIsPaid" storage="c:\users\administrator\desktop\project\testproject\bin\debug\testproject.dll" id="5f4952ee-3410-f95d-dbdc-cb3e6cf07b6a">
      <Css projectStructure="" iteration="" />
      <Owners>
        <Owner name="" />
      </Owners>
      <Execution id="0b175bd7-77d6-417f-957a-8a3cba7f08e1" />
      <TestMethod codeBase="C:\Users\Administrator\Desktop\Project\TestProject\bin\Debug\TestProject.dll" adapterTypeName="Microsoft.VisualStudio.TestTools.TestTypes.Unit.UnitTestAdapter, Microsoft.VisualStudio.QualityTools.Tips.UnitTest.Adapter, Version=9.0.0.0, Culture=neutral, PublicKeyToken=b03f5f7f11d50a3a" className="UnitTests.TestViolation, TestProject" name="TestViolationSetIsPaid" />
    </UnitTest>
    <UnitTest name="TestMyEmailChangeHost" storage="c:\users\administrator\desktop\project\testproject\bin\debug\testproject.dll" id="c1d0cf64-6dd0-2479-581f-f16a3867a8ce">
      <Css projectStructure="" iteration="" />
      <Owners>
        <Owner name="" />
      </Owners>
      <Execution id="65ba2664-97e2-48ca-9d69-6e3565ad58f5" />
      <TestMethod codeBase="C:\Users\Administrator\Desktop\Project\TestProject\bin\Debug\TestProject.dll" adapterTypeName="Microsoft.VisualStudio.TestTools.TestTypes.Unit.UnitTestAdapter, Microsoft.VisualStudio.QualityTools.Tips.UnitTest.Adapter, Version=9.0.0.0, Culture=neutral, PublicKeyToken=b03f5f7f11d50a3a" className="UnitTests.TestMyEmail, TestProject" name="TestMyEmailChangeHost" />
    </UnitTest>
    <UnitTest name="TestViolationDate" storage="c:\users\administrator\desktop\project\testproject\bin\debug\testproject.dll" id="d406665f-bdb1-35f1-bc4e-f22d9740895e">
      <Css projectStructure="" iteration="" />
      <Owners>
        <Owner name="" />
      </Owners>
      <Execution id="f1cc220e-b168-478f-a87b-e4e6846563ca" />
      <TestMethod codeBase="C:\Users\Administrator\Desktop\Project\TestProject\bin\Debug\TestProject.dll" adapterTypeName="Microsoft.VisualStudio.TestTools.TestTypes.Unit.UnitTestAdapter, Microsoft.VisualStudio.QualityTools.Tips.UnitTest.Adapter, Version=9.0.0.0, Culture=neutral, PublicKeyToken=b03f5f7f11d50a3a" className="UnitTests.TestViolation, TestProject" name="TestViolationDate" />
    </UnitTest>
    <UnitTest name="TestRGBColorIsEquals" storage="c:\users\administrator\desktop\project\testproject\bin\debug\testproject.dll" id="c896915c-dba9-1a42-1ab4-5937a105a3a2">
      <Css projectStructure="" iteration="" />
      <Owners>
        <Owner name="" />
      </Owners>
      <Execution id="c936cae6-a28b-4d0f-8706-345824e79458" />
      <TestMethod codeBase="C:\Users\Administrator\Desktop\Project\TestProject\bin\Debug\TestProject.dll" adapterTypeName="Microsoft.VisualStudio.TestTools.TestTypes.Unit.UnitTestAdapter, Microsoft.VisualStudio.QualityTools.Tips.UnitTest.Adapter, Version=9.0.0.0, Culture=neutral, PublicKeyToken=b03f5f7f11d50a3a" className="UnitTests.TestRGBColor, TestProject" name="TestRGBColorIsEquals" />
    </UnitTest>
    <UnitTest name="TestRGBColorToString" storage="c:\users\administrator\desktop\project\testproject\bin\debug\testproject.dll" id="6555fe09-232a-2db8-9572-82f6ed602158">
      <Css projectStructure="" iteration="" />
      <Owners>
        <Owner name="" />
      </Owners>
      <Execution id="03cd7e70-61ed-4f05-b8f4-24e9ae927fc3" />
      <TestMethod codeBase="C:\Users\Administrator\Desktop\Project\TestProject\bin\Debug\TestProject.dll" adapterTypeName="Microsoft.VisualStudio.TestTools.TestTypes.Unit.UnitTestAdapter, Microsoft.VisualStudio.QualityTools.Tips.UnitTest.Adapter, Version=9.0.0.0, Culture=neutral, PublicKeyToken=b03f5f7f11d50a3a" className="UnitTests.TestRGBColor, TestProject" name="TestRGBColorToString" />
    </UnitTest>
    <UnitTest name="TestViolationDescription" storage="c:\users\administrator\desktop\project\testproject\bin\debug\testproject.dll" id="cb8b32f3-5718-7936-d5d3-cd8a7a363ac7">
      <Css projectStructure="" iteration="" />
      <Owners>
        <Owner name="" />
      </Owners>
      <Execution id="c591b811-8e6d-46f1-b087-a248776221bc" />
      <TestMethod codeBase="C:\Users\Administrator\Desktop\Project\TestProject\bin\Debug\TestProject.dll" adapterTypeName="Microsoft.VisualStudio.TestTools.TestTypes.Unit.UnitTestAdapter, Microsoft.VisualStudio.QualityTools.Tips.UnitTest.Adapter, Version=9.0.0.0, Culture=neutral, PublicKeyToken=b03f5f7f11d50a3a" className="UnitTests.TestViolation, TestProject" name="TestViolationDescription" />
    </UnitTest>
    <UnitTest name="TestMyEmailHost" storage="c:\users\administrator\desktop\project\testproject\bin\debug\testproject.dll" id="45dcc9a5-40b6-2a23-1c49-398e17984ac9">
      <Css projectStructure="" iteration="" />
      <Owners>
        <Owner name="" />
      </Owners>
      <Execution id="c84e5b09-5aab-46e3-ae95-68e865113e76" />
      <TestMethod codeBase="C:\Users\Administrator\Desktop\Project\TestProject\bin\Debug\TestProject.dll" adapterTypeName="Microsoft.VisualStudio.TestTools.TestTypes.Unit.UnitTestAdapter, Microsoft.VisualStudio.QualityTools.Tips.UnitTest.Adapter, Version=9.0.0.0, Culture=neutral, PublicKeyToken=b03f5f7f11d50a3a" className="UnitTests.TestMyEmail, TestProject" name="TestMyEmailHost" />
    </UnitTest>
    <UnitTest name="TestRGBColorB" storage="c:\users\administrator\desktop\project\testproject\bin\debug\testproject.dll" id="dbac55ef-8578-d94b-3844-136000642542">
      <Css projectStructure="" iteration="" />
      <Owners>
        <Owner name="" />
      </Owners>
      <Execution id="ac184bb2-e93b-4374-8592-b88952fdedba" />
      <TestMethod codeBase="C:\Users\Administrator\Desktop\Project\TestProject\bin\Debug\TestProject.dll" adapterTypeName="Microsoft.VisualStudio.TestTools.TestTypes.Unit.UnitTestAdapter, Microsoft.VisualStudio.QualityTools.Tips.UnitTest.Adapter, Version=9.0.0.0, Culture=neutral, PublicKeyToken=b03f5f7f11d50a3a" className="UnitTests.TestRGBColor, TestProject" name="TestRGBColorB" />
    </UnitTest>
    <UnitTest name="TestRGBColorG" storage="c:\users\administrator\desktop\project\testproject\bin\debug\testproject.dll" id="1b1b5f95-3a22-323b-d233-7d627e9fbd8a">
      <Css projectStructure="" iteration="" />
      <Owners>
        <Owner name="" />
      </Owners>
      <Execution id="f719c1a2-f644-470e-9d4a-e35a03dc76ae" />
      <TestMethod codeBase="C:\Users\Administrator\Desktop\Project\TestProject\bin\Debug\TestProject.dll" adapterTypeName="Microsoft.VisualStudio.TestTools.TestTypes.Unit.UnitTestAdapter, Microsoft.VisualStudio.QualityTools.Tips.UnitTest.Adapter, Version=9.0.0.0, Culture=neutral, PublicKeyToken=b03f5f7f11d50a3a" className="UnitTests.TestRGBColor, TestProject" name="TestRGBColorG" />
    </UnitTest>
    <UnitTest name="TestMyEmailUsername" storage="c:\users\administrator\desktop\project\testproject\bin\debug\testproject.dll" id="b28ceb0f-9bd6-cccd-8f2b-ab3496c146fb">
      <Css projectStructure="" iteration="" />
      <Owners>
        <Owner name="" />
      </Owners>
      <Execution id="d7622600-6a4e-498c-8b66-83110d13cb2c" />
      <TestMethod codeBase="C:\Users\Administrator\Desktop\Project\TestProject\bin\Debug\TestProject.dll" adapterTypeName="Microsoft.VisualStudio.TestTools.TestTypes.Unit.UnitTestAdapter, Microsoft.VisualStudio.QualityTools.Tips.UnitTest.Adapter, Version=9.0.0.0, Culture=neutral, PublicKeyToken=b03f5f7f11d50a3a" className="UnitTests.TestMyEmail, TestProject" name="TestMyEmailUsername" />
    </UnitTest>
    <UnitTest name="TestViolationToString" storage="c:\users\administrator\desktop\project\testproject\bin\debug\testproject.dll" id="153b1be1-ed89-2ea0-1fc8-38a61ec044d7">
      <Css projectStructure="" iteration="" />
      <Owners>
        <Owner name="" />
      </Owners>
      <Execution id="dba589bb-08cc-44f1-887e-bca96205ecfa" />
      <TestMethod codeBase="C:\Users\Administrator\Desktop\Project\TestProject\bin\Debug\TestProject.dll" adapterTypeName="Microsoft.VisualStudio.TestTools.TestTypes.Unit.UnitTestAdapter, Microsoft.VisualStudio.QualityTools.Tips.UnitTest.Adapter, Version=9.0.0.0, Culture=neutral, PublicKeyToken=b03f5f7f11d50a3a" className="UnitTests.TestViolation, TestProject" name="TestViolationToString" />
    </UnitTest>
    <UnitTest name="TestRGBColorR" storage="c:\users\administrator\desktop\project\testproject\bin\debug\testproject.dll" id="0283d3bb-da66-af3f-2b29-2ec8a740e184">
      <Css projectStructure="" iteration="" />
      <Owners>
        <Owner name="" />
      </Owners>
      <Execution id="e08b5fa8-7862-4edd-9e46-adb9b98f2330" />
      <TestMethod codeBase="C:\Users\Administrator\Desktop\Project\TestProject\bin\Debug\TestProject.dll" adapterTypeName="Microsoft.VisualStudio.TestTools.TestTypes.Unit.UnitTestAdapter, Microsoft.VisualStudio.QualityTools.Tips.UnitTest.Adapter, Version=9.0.0.0, Culture=neutral, PublicKeyToken=b03f5f7f11d50a3a" className="UnitTests.TestRGBColor, TestProject" name="TestRGBColorR" />
    </UnitTest>
    <UnitTest name="TestLicenceSetDate" storage="c:\users\administrator\desktop\project\testproject\bin\debug\testproject.dll" id="bb5511aa-1a3b-f10d-173c-32ead277c471">
      <Css projectStructure="" iteration="" />
      <Owners>
        <Owner name="" />
      </Owners>
      <Execution id="22d339fe-42a2-43c0-a042-12243d77b8ca" />
      <TestMethod codeBase="C:\Users\Administrator\Desktop\Project\TestProject\bin\Debug\TestProject.dll" adapterTypeName="Microsoft.VisualStudio.TestTools.TestTypes.Unit.UnitTestAdapter, Microsoft.VisualStudio.QualityTools.Tips.UnitTest.Adapter, Version=9.0.0.0, Culture=neutral, PublicKeyToken=b03f5f7f11d50a3a" className="UnitTests.TestLicence, TestProject" name="TestLicenceSetDate" />
    </UnitTest>
    <UnitTest name="TestCarPlateToString" storage="c:\users\administrator\desktop\project\testproject\bin\debug\testproject.dll" id="c012ad93-67d4-ed04-ae6a-743ab2584856">
      <Css projectStructure="" iteration="" />
      <Owners>
        <Owner name="" />
      </Owners>
      <Execution id="59a949f9-272c-4748-897d-b672ceb4f763" />
      <TestMethod codeBase="C:\Users\Administrator\Desktop\Project\TestProject\bin\Debug\TestProject.dll" adapterTypeName="Microsoft.VisualStudio.TestTools.TestTypes.Unit.UnitTestAdapter, Microsoft.VisualStudio.QualityTools.Tips.UnitTest.Adapter, Version=9.0.0.0, Culture=neutral, PublicKeyToken=b03f5f7f11d50a3a" className="UnitTests.TestCarPlate, TestProject" name="TestCarPlateToString" />
    </UnitTest>
    <UnitTest name="TestLicenceToString" storage="c:\users\administrator\desktop\project\testproject\bin\debug\testproject.dll" id="d09df132-a410-97ea-bab1-db173665cd08">
      <Css projectStructure="" iteration="" />
      <Owners>
        <Owner name="" />
      </Owners>
      <Execution id="38e9d1a8-fe98-4b86-afe8-2f96d0a99c4b" />
      <TestMethod codeBase="C:\Users\Administrator\Desktop\Project\TestProject\bin\Debug\TestProject.dll" adapterTypeName="Microsoft.VisualStudio.TestTools.TestTypes.Unit.UnitTestAdapter, Microsoft.VisualStudio.QualityTools.Tips.UnitTest.Adapter, Version=9.0.0.0, Culture=neutral, PublicKeyToken=b03f5f7f11d50a3a" className="UnitTests.TestLicence, TestProject" name="TestLicenceToString" />
    </UnitTest>
    <UnitTest name="TestRGBColorAdd" storage="c:\users\administrator\desktop\project\testproject\bin\debug\testproject.dll" id="eeaeb523-7d26-0e1d-3071-75d9df211c8f">
      <Css projectStructure="" iteration="" />
      <Owners>
        <Owner name="" />
      </Owners>
      <Execution id="c76663b0-1656-46d3-82a3-438471bf5603" />
      <TestMethod codeBase="C:\Users\Administrator\Desktop\Project\TestProject\bin\Debug\TestProject.dll" adapterTypeName="Microsoft.VisualStudio.TestTools.TestTypes.Unit.UnitTestAdapter, Microsoft.VisualStudio.QualityTools.Tips.UnitTest.Adapter, Version=9.0.0.0, Culture=neutral, PublicKeyToken=b03f5f7f11d50a3a" className="UnitTests.TestRGBColor, TestProject" name="TestRGBColorAdd" />
    </UnitTest>
    <UnitTest name="TestCarPlateNumber" storage="c:\users\administrator\desktop\project\testproject\bin\debug\testproject.dll" id="aed30aa9-a98a-df1d-e554-00aa57416ea1">
      <Css projectStructure="" iteration="" />
      <Owners>
        <Owner name="" />
      </Owners>
      <Execution id="80292bcf-20b5-48ae-8915-140f8d538d9a" />
      <TestMethod codeBase="C:\Users\Administrator\Desktop\Project\TestProject\bin\Debug\TestProject.dll" adapterTypeName="Microsoft.VisualStudio.TestTools.TestTypes.Unit.UnitTestAdapter, Microsoft.VisualStudio.QualityTools.Tips.UnitTest.Adapter, Version=9.0.0.0, Culture=neutral, PublicKeyToken=b03f5f7f11d50a3a" className="UnitTests.TestCarPlate, TestProject" name="TestCarPlateNumber" />
    </UnitTest>
  </TestDefinitions>
  <TestLists>
    <TestList name="Results Not in a List" id="8c84fa94-04c1-424b-9868-57a2d4851a1d" />
    <TestList name="All Loaded Results" id="19431567-8539-422a-85d7-44ee4e166bda" />
  </TestLists>
  <TestEntries>
    <TestEntry testId="0283d3bb-da66-af3f-2b29-2ec8a740e184" executionId="e08b5fa8-7862-4edd-9e46-adb9b98f2330" testListId="8c84fa94-04c1-424b-9868-57a2d4851a1d" />
    <TestEntry testId="04465a46-30f2-fc3c-125f-511bd334e80b" executionId="b94de6c4-4bd9-4717-99e0-f78315d3712b" testListId="8c84fa94-04c1-424b-9868-57a2d4851a1d" />
    <TestEntry testId="07cf297a-93b2-363d-1a8d-dc3b5ed06769" executionId="cb09c22c-35ec-49e6-84cb-8ab4b9dab5c4" testListId="8c84fa94-04c1-424b-9868-57a2d4851a1d" />
    <TestEntry testId="0b9f4946-b54b-47da-a63b-9a6ad262bc18" executionId="13c78341-9958-4076-a02d-54f6fc847f86" testListId="8c84fa94-04c1-424b-9868-57a2d4851a1d" />
    <TestEntry testId="153b1be1-ed89-2ea0-1fc8-38a61ec044d7" executionId="dba589bb-08cc-44f1-887e-bca96205ecfa" testListId="8c84fa94-04c1-424b-9868-57a2d4851a1d" />
    <TestEntry testId="17998604-412a-8be4-2b8b-93e66128ac2d" executionId="1daba2fe-8cb9-4a7b-9029-d7f491852724" testListId="8c84fa94-04c1-424b-9868-57a2d4851a1d" />
    <TestEntry testId="186f1b62-9173-bebe-5edd-7133ae1cc09d" executionId="2dd2cbb8-2996-4c07-8030-75721ea0b6a2" testListId="8c84fa94-04c1-424b-9868-57a2d4851a1d" />
    <TestEntry testId="1894cbf3-67ea-dd49-368d-8e2931508c5b" executionId="ebf029d0-8644-4f77-a55e-c2b2e52ee07e" testListId="8c84fa94-04c1-424b-9868-57a2d4851a1d" />
    <TestEntry testId="1b1b5f95-3a22-323b-d233-7d627e9fbd8a" executionId="f719c1a2-f644-470e-9d4a-e35a03dc76ae" testListId="8c84fa94-04c1-424b-9868-57a2d4851a1d" />
    <TestEntry testId="243e91bb-e65b-fa13-6d38-d3cb12dc83c7" executionId="f5056c5a-c774-4643-bd2c-82ef04a88289" testListId="8c84fa94-04c1-424b-9868-57a2d4851a1d" />
    <TestEntry testId="45dcc9a5-40b6-2a23-1c49-398e17984ac9" executionId="c84e5b09-5aab-46e3-ae95-68e865113e76" testListId="8c84fa94-04c1-424b-9868-57a2d4851a1d" />
    <TestEntry testId="5f4952ee-3410-f95d-dbdc-cb3e6cf07b6a" executionId="0b175bd7-77d6-417f-957a-8a3cba7f08e1" testListId="8c84fa94-04c1-424b-9868-57a2d4851a1d" />
    <TestEntry testId="6555fe09-232a-2db8-9572-82f6ed602158" executionId="03cd7e70-61ed-4f05-b8f4-24e9ae927fc3" testListId="8c84fa94-04c1-424b-9868-57a2d4851a1d" />
    <TestEntry testId="66faaddd-b33a-c7e8-4951-f0338dbd3a08" executionId="4f42dd32-957a-4e69-bc1c-ac71fc111f7f" testListId="8c84fa94-04c1-424b-9868-57a2d4851a1d" />
    <TestEntry testId="7b9ac5fb-52f9-8d7f-532f-ba2ccfbfd59a" executionId="fc134775-0e63-4459-962c-5ebb98301753" testListId="8c84fa94-04c1-424b-9868-57a2d4851a1d" />
    <TestEntry testId="ab7655e3-8426-fa4e-6af7-caaad70ffc7a" executionId="93215340-8684-4531-b3af-44c0168bd77b" testListId="8c84fa94-04c1-424b-9868-57a2d4851a1d" />
    <TestEntry testId="aed30aa9-a98a-df1d-e554-00aa57416ea1" executionId="80292bcf-20b5-48ae-8915-140f8d538d9a" testListId="8c84fa94-04c1-424b-9868-57a2d4851a1d" />
    <TestEntry testId="b16e7e89-d1c2-004c-927b-a54aa5325541" executionId="602850b9-d245-4b38-9a36-6f1b14b38a1a" testListId="8c84fa94-04c1-424b-9868-57a2d4851a1d" />
    <TestEntry testId="b28ceb0f-9bd6-cccd-8f2b-ab3496c146fb" executionId="d7622600-6a4e-498c-8b66-83110d13cb2c" testListId="8c84fa94-04c1-424b-9868-57a2d4851a1d" />
    <TestEntry testId="b7b536cc-4349-c665-4b95-a8867304852c" executionId="b14fee15-e852-4c9d-bf05-960552782608" testListId="8c84fa94-04c1-424b-9868-57a2d4851a1d" />
    <TestEntry testId="bb5511aa-1a3b-f10d-173c-32ead277c471" executionId="22d339fe-42a2-43c0-a042-12243d77b8ca" testListId="8c84fa94-04c1-424b-9868-57a2d4851a1d" />
    <TestEntry testId="c012ad93-67d4-ed04-ae6a-743ab2584856" executionId="59a949f9-272c-4748-897d-b672ceb4f763" testListId="8c84fa94-04c1-424b-9868-57a2d4851a1d" />
    <TestEntry testId="c1d0cf64-6dd0-2479-581f-f16a3867a8ce" executionId="65ba2664-97e2-48ca-9d69-6e3565ad58f5" testListId="8c84fa94-04c1-424b-9868-57a2d4851a1d" />
    <TestEntry testId="c896915c-dba9-1a42-1ab4-5937a105a3a2" executionId="c936cae6-a28b-4d0f-8706-345824e79458" testListId="8c84fa94-04c1-424b-9868-57a2d4851a1d" />
    <TestEntry testId="ca8333e6-19f1-b5ba-7675-0bf8d3e81f9d" executionId="c8317c07-7973-4242-ada4-3a692ee904d1" testListId="8c84fa94-04c1-424b-9868-57a2d4851a1d" />
    <TestEntry testId="cb8b32f3-5718-7936-d5d3-cd8a7a363ac7" executionId="c591b811-8e6d-46f1-b087-a248776221bc" testListId="8c84fa94-04c1-424b-9868-57a2d4851a1d" />
    <TestEntry testId="cf170ac7-d16c-4f73-2bf0-e3aa1db8d08b" executionId="e0b73463-f676-427b-b4d3-6e30bc4d5783" testListId="8c84fa94-04c1-424b-9868-57a2d4851a1d" />
    <TestEntry testId="d09df132-a410-97ea-bab1-db173665cd08" executionId="38e9d1a8-fe98-4b86-afe8-2f96d0a99c4b" testListId="8c84fa94-04c1-424b-9868-57a2d4851a1d" />
    <TestEntry testId="d1dc5531-a349-756e-9dbe-284982c941bf" executionId="b7ba84ca-98a4-46be-9421-788aabdc0afd" testListId="8c84fa94-04c1-424b-9868-57a2d4851a1d" />
    <TestEntry testId="d406665f-bdb1-35f1-bc4e-f22d9740895e" executionId="f1cc220e-b168-478f-a87b-e4e6846563ca" testListId="8c84fa94-04c1-424b-9868-57a2d4851a1d" />
    <TestEntry testId="dbac55ef-8578-d94b-3844-136000642542" executionId="ac184bb2-e93b-4374-8592-b88952fdedba" testListId="8c84fa94-04c1-424b-9868-57a2d4851a1d" />
    <TestEntry testId="eeaeb523-7d26-0e1d-3071-75d9df211c8f" executionId="c76663b0-1656-46d3-82a3-438471bf5603" testListId="8c84fa94-04c1-424b-9868-57a2d4851a1d" />
  </TestEntries>
  <Results>
    <UnitTestResult executionId="e08b5fa8-7862-4edd-9e46-adb9b98f2330" testId="0283d3bb-da66-af3f-2b29-2ec8a740e184" testName="TestRGBColorR" computerName="MSSQLSERVER39" duration="00:00:00.0039805" startTime="2021-06-16T14:05:59.4300000+02:00" endTime="2021-06-16T14:05:59.6330000+02:00" testType="13cdc9d9-ddb5-4fa4-a97d-d965ccfc6d4b" outcome="Passed" testListId="8c84fa94-04c1-424b-9868-57a2d4851a1d">
      <Output>
      </Output>
    </UnitTestResult>
    <UnitTestResult executionId="b94de6c4-4bd9-4717-99e0-f78315d3712b" testId="04465a46-30f2-fc3c-125f-511bd334e80b" testName="TestLicenceCategory" computerName="MSSQLSERVER39" duration="00:00:00.0033244" startTime="2021-06-16T14:05:59.6360000+02:00" endTime="2021-06-16T14:05:59.6470000+02:00" testType="13cdc9d9-ddb5-4fa4-a97d-d965ccfc6d4b" outcome="Passed" testListId="8c84fa94-04c1-424b-9868-57a2d4851a1d">
      <Output>
      </Output>
    </UnitTestResult>
    <UnitTestResult executionId="cb09c22c-35ec-49e6-84cb-8ab4b9dab5c4" testId="07cf297a-93b2-363d-1a8d-dc3b5ed06769" testName="TestViolationIsPaid" computerName="MSSQLSERVER39" duration="00:00:00.0063302" startTime="2021-06-16T14:05:59.6500000+02:00" endTime="2021-06-16T14:05:59.7080000+02:00" testType="13cdc9d9-ddb5-4fa4-a97d-d965ccfc6d4b" outcome="Passed" testListId="8c84fa94-04c1-424b-9868-57a2d4851a1d">
      <Output>
      </Output>
    </UnitTestResult>
    <UnitTestResult executionId="13c78341-9958-4076-a02d-54f6fc847f86" testId="0b9f4946-b54b-47da-a63b-9a6ad262bc18" testName="TestLicenceDate" computerName="MSSQLSERVER39" duration="00:00:00.0030200" startTime="2021-06-16T14:05:59.7120000+02:00" endTime="2021-06-16T14:05:59.7180000+02:00" testType="13cdc9d9-ddb5-4fa4-a97d-d965ccfc6d4b" outcome="Passed" testListId="8c84fa94-04c1-424b-9868-57a2d4851a1d">
      <Output>
      </Output>
    </UnitTestResult>
    <UnitTestResult executionId="dba589bb-08cc-44f1-887e-bca96205ecfa" testId="153b1be1-ed89-2ea0-1fc8-38a61ec044d7" testName="TestViolationToString" computerName="MSSQLSERVER39" duration="00:00:00.0023143" startTime="2021-06-16T14:05:59.7200000+02:00" endTime="2021-06-16T14:05:59.7250000+02:00" testType="13cdc9d9-ddb5-4fa4-a97d-d965ccfc6d4b" outcome="Passed" testListId="8c84fa94-04c1-424b-9868-57a2d4851a1d">
      <Output>
      </Output>
    </UnitTestResult>
    <UnitTestResult executionId="1daba2fe-8cb9-4a7b-9029-d7f491852724" testId="17998604-412a-8be4-2b8b-93e66128ac2d" testName="TestQFCountMaxMin" computerName="MSSQLSERVER39" duration="00:00:00.0054296" startTime="2021-06-16T14:05:59.7280000+02:00" endTime="2021-06-16T14:05:59.7410000+02:00" testType="13cdc9d9-ddb5-4fa4-a97d-d965ccfc6d4b" outcome="Passed" testListId="8c84fa94-04c1-424b-9868-57a2d4851a1d">
      <Output>
      </Output>
    </UnitTestResult>
    <UnitTestResult executionId="2dd2cbb8-2996-4c07-8030-75721ea0b6a2" testId="186f1b62-9173-bebe-5edd-7133ae1cc09d" testName="TestQFGetA" computerName="MSSQLSERVER39" duration="00:00:00.0014237" startTime="2021-06-16T14:05:59.7440000+02:00" endTime="2021-06-16T14:05:59.7480000+02:00" testType="13cdc9d9-ddb5-4fa4-a97d-d965ccfc6d4b" outcome="Passed" testListId="8c84fa94-04c1-424b-9868-57a2d4851a1d">
      <Output>
        <StdOut>Invalid column name 'QuadFunID'.
The multi-part identifier "QuadFun.A" could not be bound.</StdOut>
      </Output>
    </UnitTestResult>
    <UnitTestResult executionId="ebf029d0-8644-4f77-a55e-c2b2e52ee07e" testId="1894cbf3-67ea-dd49-368d-8e2931508c5b" testName="TestViolationSurcharge" computerName="MSSQLSERVER39" duration="00:00:00.0080246" startTime="2021-06-16T14:05:59.7500000+02:00" endTime="2021-06-16T14:05:59.7610000+02:00" testType="13cdc9d9-ddb5-4fa4-a97d-d965ccfc6d4b" outcome="Passed" testListId="8c84fa94-04c1-424b-9868-57a2d4851a1d">
      <Output>
      </Output>
    </UnitTestResult>
    <UnitTestResult executionId="f719c1a2-f644-470e-9d4a-e35a03dc76ae" testId="1b1b5f95-3a22-323b-d233-7d627e9fbd8a" testName="TestRGBColorG" computerName="MSSQLSERVER39" duration="00:00:00.0029174" startTime="2021-06-16T14:05:59.7640000+02:00" endTime="2021-06-16T14:05:59.7690000+02:00" testType="13cdc9d9-ddb5-4fa4-a97d-d965ccfc6d4b" outcome="Passed" testListId="8c84fa94-04c1-424b-9868-57a2d4851a1d">
      <Output>
      </Output>
    </UnitTestResult>
    <UnitTestResult executionId="f5056c5a-c774-4643-bd2c-82ef04a88289" testId="243e91bb-e65b-fa13-6d38-d3cb12dc83c7" testName="TestQFToString" computerName="MSSQLSERVER39" duration="00:00:00.0026334" startTime="2021-06-16T14:05:59.7720000+02:00" endTime="2021-06-16T14:05:59.7770000+02:00" testType="13cdc9d9-ddb5-4fa4-a97d-d965ccfc6d4b" outcome="Passed" testListId="8c84fa94-04c1-424b-9868-57a2d4851a1d">
      <Output>
      </Output>
    </UnitTestResult>
    <UnitTestResult executionId="c84e5b09-5aab-46e3-ae95-68e865113e76" testId="45dcc9a5-40b6-2a23-1c49-398e17984ac9" testName="TestMyEmailHost" computerName="MSSQLSERVER39" duration="00:00:00.0034393" startTime="2021-06-16T14:05:59.7800000+02:00" endTime="2021-06-16T14:05:59.7910000+02:00" testType="13cdc9d9-ddb5-4fa4-a97d-d965ccfc6d4b" outcome="Passed" testListId="8c84fa94-04c1-424b-9868-57a2d4851a1d">
      <Output>
      </Output>
    </UnitTestResult>
    <UnitTestResult executionId="0b175bd7-77d6-417f-957a-8a3cba7f08e1" testId="5f4952ee-3410-f95d-dbdc-cb3e6cf07b6a" testName="TestViolationSetIsPaid" computerName="MSSQLSERVER39" duration="00:00:00.0053880" startTime="2021-06-16T14:05:59.7940000+02:00" endTime="2021-06-16T14:05:59.8020000+02:00" testType="13cdc9d9-ddb5-4fa4-a97d-d965ccfc6d4b" outcome="Passed" testListId="8c84fa94-04c1-424b-9868-57a2d4851a1d">
      <Output>
      </Output>
    </UnitTestResult>
    <UnitTestResult executionId="03cd7e70-61ed-4f05-b8f4-24e9ae927fc3" testId="6555fe09-232a-2db8-9572-82f6ed602158" testName="TestRGBColorToString" computerName="MSSQLSERVER39" duration="00:00:00.0025778" startTime="2021-06-16T14:05:59.8040000+02:00" endTime="2021-06-16T14:05:59.8100000+02:00" testType="13cdc9d9-ddb5-4fa4-a97d-d965ccfc6d4b" outcome="Passed" testListId="8c84fa94-04c1-424b-9868-57a2d4851a1d">
      <Output>
      </Output>
    </UnitTestResult>
    <UnitTestResult executionId="4f42dd32-957a-4e69-bc1c-ac71fc111f7f" testId="66faaddd-b33a-c7e8-4951-f0338dbd3a08" testName="TestCarPlateProvince" computerName="MSSQLSERVER39" duration="00:00:00.0033633" startTime="2021-06-16T14:05:59.8120000+02:00" endTime="2021-06-16T14:05:59.8280000+02:00" testType="13cdc9d9-ddb5-4fa4-a97d-d965ccfc6d4b" outcome="Passed" testListId="8c84fa94-04c1-424b-9868-57a2d4851a1d">
      <Output>
      </Output>
    </UnitTestResult>
    <UnitTestResult executionId="fc134775-0e63-4459-962c-5ebb98301753" testId="7b9ac5fb-52f9-8d7f-532f-ba2ccfbfd59a" testName="TestQFGetB" computerName="MSSQLSERVER39" duration="00:00:00.0012887" startTime="2021-06-16T14:05:59.8310000+02:00" endTime="2021-06-16T14:05:59.8350000+02:00" testType="13cdc9d9-ddb5-4fa4-a97d-d965ccfc6d4b" outcome="Passed" testListId="8c84fa94-04c1-424b-9868-57a2d4851a1d">
      <Output>
        <StdOut>Invalid column name 'QuadFunID'.
The multi-part identifier "QuadFun.B" could not be bound.</StdOut>
      </Output>
    </UnitTestResult>
    <UnitTestResult executionId="93215340-8684-4531-b3af-44c0168bd77b" testId="ab7655e3-8426-fa4e-6af7-caaad70ffc7a" testName="TestMyEmailSameUser" computerName="MSSQLSERVER39" duration="00:00:00.0030767" startTime="2021-06-16T14:05:59.8370000+02:00" endTime="2021-06-16T14:05:59.8430000+02:00" testType="13cdc9d9-ddb5-4fa4-a97d-d965ccfc6d4b" outcome="Passed" testListId="8c84fa94-04c1-424b-9868-57a2d4851a1d">
      <Output>
      </Output>
    </UnitTestResult>
    <UnitTestResult executionId="80292bcf-20b5-48ae-8915-140f8d538d9a" testId="aed30aa9-a98a-df1d-e554-00aa57416ea1" testName="TestCarPlateNumber" computerName="MSSQLSERVER39" duration="00:00:00.0024446" startTime="2021-06-16T14:05:59.8450000+02:00" endTime="2021-06-16T14:05:59.8500000+02:00" testType="13cdc9d9-ddb5-4fa4-a97d-d965ccfc6d4b" outcome="Passed" testListId="8c84fa94-04c1-424b-9868-57a2d4851a1d">
      <Output>
      </Output>
    </UnitTestResult>
    <UnitTestResult executionId="602850b9-d245-4b38-9a36-6f1b14b38a1a" testId="b16e7e89-d1c2-004c-927b-a54aa5325541" testName="TestQFGetC" computerName="MSSQLSERVER39" duration="00:00:00.0012294" startTime="2021-06-16T14:05:59.8530000+02:00" endTime="2021-06-16T14:05:59.8560000+02:00" testType="13cdc9d9-ddb5-4fa4-a97d-d965ccfc6d4b" outcome="Passed" testListId="8c84fa94-04c1-424b-9868-57a2d4851a1d">
      <Output>
        <StdOut>Invalid column name 'QuadFunID'.
The multi-part identifier "QuadFun.C" could not be bound.</StdOut>
      </Output>
    </UnitTestResult>
    <UnitTestResult executionId="d7622600-6a4e-498c-8b66-83110d13cb2c" testId="b28ceb0f-9bd6-cccd-8f2b-ab3496c146fb" testName="TestMyEmailUsername" computerName="MSSQLSERVER39" duration="00:00:00.0023090" startTime="2021-06-16T14:05:59.8590000+02:00" endTime="2021-06-16T14:05:59.8630000+02:00" testType="13cdc9d9-ddb5-4fa4-a97d-d965ccfc6d4b" outcome="Passed" testListId="8c84fa94-04c1-424b-9868-57a2d4851a1d">
      <Output>
      </Output>
    </UnitTestResult>
    <UnitTestResult executionId="b14fee15-e852-4c9d-bf05-960552782608" testId="b7b536cc-4349-c665-4b95-a8867304852c" testName="TestMyEmailSameUser" computerName="MSSQLSERVER39" duration="00:00:00.0013083" startTime="2021-06-16T14:05:59.8660000+02:00" endTime="2021-06-16T14:05:59.8700000+02:00" testType="13cdc9d9-ddb5-4fa4-a97d-d965ccfc6d4b" outcome="Passed" testListId="8c84fa94-04c1-424b-9868-57a2d4851a1d">
      <Output>
        <StdOut>Invalid object name 'testCarPlate'.</StdOut>
      </Output>
    </UnitTestResult>
    <UnitTestResult executionId="22d339fe-42a2-43c0-a042-12243d77b8ca" testId="bb5511aa-1a3b-f10d-173c-32ead277c471" testName="TestLicenceSetDate" computerName="MSSQLSERVER39" duration="00:00:00.0059522" startTime="2021-06-16T14:05:59.8720000+02:00" endTime="2021-06-16T14:05:59.8800000+02:00" testType="13cdc9d9-ddb5-4fa4-a97d-d965ccfc6d4b" outcome="Passed" testListId="8c84fa94-04c1-424b-9868-57a2d4851a1d">
      <Output>
      </Output>
    </UnitTestResult>
    <UnitTestResult executionId="59a949f9-272c-4748-897d-b672ceb4f763" testId="c012ad93-67d4-ed04-ae6a-743ab2584856" testName="TestCarPlateToString" computerName="MSSQLSERVER39" duration="00:00:00.0013850" startTime="2021-06-16T14:05:59.8830000+02:00" endTime="2021-06-16T14:05:59.8870000+02:00" testType="13cdc9d9-ddb5-4fa4-a97d-d965ccfc6d4b" outcome="Passed" testListId="8c84fa94-04c1-424b-9868-57a2d4851a1d">
      <Output>
        <StdOut>Invalid object name 'testCarPlate'.</StdOut>
      </Output>
    </UnitTestResult>
    <UnitTestResult executionId="65ba2664-97e2-48ca-9d69-6e3565ad58f5" testId="c1d0cf64-6dd0-2479-581f-f16a3867a8ce" testName="TestMyEmailChangeHost" computerName="MSSQLSERVER39" duration="00:00:00.0066305" startTime="2021-06-16T14:05:59.8890000+02:00" endTime="2021-06-16T14:05:59.8980000+02:00" testType="13cdc9d9-ddb5-4fa4-a97d-d965ccfc6d4b" outcome="Passed" testListId="8c84fa94-04c1-424b-9868-57a2d4851a1d">
      <Output>
      </Output>
    </UnitTestResult>
    <UnitTestResult executionId="c936cae6-a28b-4d0f-8706-345824e79458" testId="c896915c-dba9-1a42-1ab4-5937a105a3a2" testName="TestRGBColorIsEquals" computerName="MSSQLSERVER39" duration="00:00:00.0030570" startTime="2021-06-16T14:05:59.9010000+02:00" endTime="2021-06-16T14:05:59.9060000+02:00" testType="13cdc9d9-ddb5-4fa4-a97d-d965ccfc6d4b" outcome="Passed" testListId="8c84fa94-04c1-424b-9868-57a2d4851a1d">
      <Output>
      </Output>
    </UnitTestResult>
    <UnitTestResult executionId="c8317c07-7973-4242-ada4-3a692ee904d1" testId="ca8333e6-19f1-b5ba-7675-0bf8d3e81f9d" testName="TestQFIsEquals" computerName="MSSQLSERVER39" duration="00:00:00.0029120" startTime="2021-06-16T14:05:59.9090000+02:00" endTime="2021-06-16T14:05:59.9140000+02:00" testType="13cdc9d9-ddb5-4fa4-a97d-d965ccfc6d4b" outcome="Passed" testListId="8c84fa94-04c1-424b-9868-57a2d4851a1d">
      <Output>
      </Output>
    </UnitTestResult>
    <UnitTestResult executionId="c591b811-8e6d-46f1-b087-a248776221bc" testId="cb8b32f3-5718-7936-d5d3-cd8a7a363ac7" testName="TestViolationDescription" computerName="MSSQLSERVER39" duration="00:00:00.0023411" startTime="2021-06-16T14:05:59.9160000+02:00" endTime="2021-06-16T14:05:59.9210000+02:00" testType="13cdc9d9-ddb5-4fa4-a97d-d965ccfc6d4b" outcome="Passed" testListId="8c84fa94-04c1-424b-9868-57a2d4851a1d">
      <Output>
      </Output>
    </UnitTestResult>
    <UnitTestResult executionId="e0b73463-f676-427b-b4d3-6e30bc4d5783" testId="cf170ac7-d16c-4f73-2bf0-e3aa1db8d08b" testName="TestMyEmailToString" computerName="MSSQLSERVER39" duration="00:00:00.0021077" startTime="2021-06-16T14:05:59.9240000+02:00" endTime="2021-06-16T14:05:59.9280000+02:00" testType="13cdc9d9-ddb5-4fa4-a97d-d965ccfc6d4b" outcome="Passed" testListId="8c84fa94-04c1-424b-9868-57a2d4851a1d">
      <Output>
      </Output>
    </UnitTestResult>
    <UnitTestResult executionId="38e9d1a8-fe98-4b86-afe8-2f96d0a99c4b" testId="d09df132-a410-97ea-bab1-db173665cd08" testName="TestLicenceToString" computerName="MSSQLSERVER39" duration="00:00:00.0024633" startTime="2021-06-16T14:05:59.9310000+02:00" endTime="2021-06-16T14:05:59.9350000+02:00" testType="13cdc9d9-ddb5-4fa4-a97d-d965ccfc6d4b" outcome="Passed" testListId="8c84fa94-04c1-424b-9868-57a2d4851a1d">
      <Output>
      </Output>
    </UnitTestResult>
    <UnitTestResult executionId="b7ba84ca-98a4-46be-9421-788aabdc0afd" testId="d1dc5531-a349-756e-9dbe-284982c941bf" testName="TestViolationToPay" computerName="MSSQLSERVER39" duration="00:00:00.0022808" startTime="2021-06-16T14:05:59.9380000+02:00" endTime="2021-06-16T14:05:59.9420000+02:00" testType="13cdc9d9-ddb5-4fa4-a97d-d965ccfc6d4b" outcome="Passed" testListId="8c84fa94-04c1-424b-9868-57a2d4851a1d">
      <Output>
      </Output>
    </UnitTestResult>
    <UnitTestResult executionId="f1cc220e-b168-478f-a87b-e4e6846563ca" testId="d406665f-bdb1-35f1-bc4e-f22d9740895e" testName="TestViolationDate" computerName="MSSQLSERVER39" duration="00:00:00.0024014" startTime="2021-06-16T14:05:59.9450000+02:00" endTime="2021-06-16T14:05:59.9500000+02:00" testType="13cdc9d9-ddb5-4fa4-a97d-d965ccfc6d4b" outcome="Passed" testListId="8c84fa94-04c1-424b-9868-57a2d4851a1d">
      <Output>
      </Output>
    </UnitTestResult>
    <UnitTestResult executionId="ac184bb2-e93b-4374-8592-b88952fdedba" testId="dbac55ef-8578-d94b-3844-136000642542" testName="TestRGBColorB" computerName="MSSQLSERVER39" duration="00:00:00.0213675" startTime="2021-06-16T14:05:59.9520000+02:00" endTime="2021-06-16T14:05:59.9760000+02:00" testType="13cdc9d9-ddb5-4fa4-a97d-d965ccfc6d4b" outcome="Passed" testListId="8c84fa94-04c1-424b-9868-57a2d4851a1d">
      <Output>
      </Output>
    </UnitTestResult>
    <UnitTestResult executionId="c76663b0-1656-46d3-82a3-438471bf5603" testId="eeaeb523-7d26-0e1d-3071-75d9df211c8f" testName="TestRGBColorAdd" computerName="MSSQLSERVER39" duration="00:00:00.0053806" startTime="2021-06-16T14:05:59.9790000+02:00" endTime="2021-06-16T14:05:59.9870000+02:00" testType="13cdc9d9-ddb5-4fa4-a97d-d965ccfc6d4b" outcome="Passed" testListId="8c84fa94-04c1-424b-9868-57a2d4851a1d">
      <Output>
      </Output>
    </UnitTestResult>
  </Results>
</TestRun>